Log file open, 05/02/18 21:13:50
LogWindows: Failed to load 'aqProf.dll' (GetLastError=126)
LogWindows: File 'aqProf.dll' does not exist
LogWindows: Failed to load 'VtuneApi.dll' (GetLastError=126)
LogWindows: File 'VtuneApi.dll' does not exist
LogWindows: Failed to load 'VtuneApi32e.dll' (GetLastError=126)
LogWindows: File 'VtuneApi32e.dll' does not exist
LogInit: Display: Running engine for game: darudeSandstorm
LogPlatformFile: Not using cached read wrapper
LogInit: Display: RandInit(-519717846) SRandInit(-519717846).
LogInit: Read version file with build ID '3709383'
LogInit: Overriding engine version to CL 3832480, compatible CL 3709383
LogInit: Registered custom module enumerator with build ID '3709383'
LogTaskGraph: Started task graph with 5 named threads and 14 total threads with 3 sets of task threads.
LogStats: Stats thread started at 0.182464
LogD3D11RHI: Aftermath initialized
LogPluginManager: Mounting plugin Paper2D
LogPluginManager: Mounting plugin LightPropagationVolume
LogPluginManager: Mounting plugin CodeLiteSourceCodeAccess
LogPluginManager: Mounting plugin GitSourceControl
LogPluginManager: Mounting plugin KDevelopSourceCodeAccess
LogPluginManager: Mounting plugin NullSourceCodeAccess
LogPluginManager: Mounting plugin PerforceSourceControl
LogPluginManager: Mounting plugin SubversionSourceControl
LogPluginManager: Mounting plugin UObjectPlugin
LogPluginManager: Mounting plugin VisualStudioCodeSourceCodeAccess
LogPluginManager: Mounting plugin VisualStudioSourceCodeAccess
LogPluginManager: Mounting plugin XCodeSourceCodeAccess
LogPluginManager: Mounting plugin AssetManagerEditor
LogPluginManager: Mounting plugin AudioCapture
LogPluginManager: Mounting plugin FacialAnimation
LogPluginManager: Mounting plugin GameplayTagsEditor
LogPluginManager: Mounting plugin MobileLauncherProfileWizard
LogPluginManager: Mounting plugin PluginBrowser
LogPluginManager: Mounting plugin SpeedTreeImporter
LogPluginManager: Mounting plugin AlembicImporter
LogPluginManager: Mounting plugin CharacterAI
LogPluginManager: Mounting plugin HTML5Networking
LogPluginManager: Mounting plugin AndroidMedia
LogPluginManager: Mounting plugin AvfMedia
LogPluginManager: Mounting plugin ImgMedia
LogPluginManager: Mounting plugin MediaCompositing
LogPluginManager: Mounting plugin MediaPlayerEditor
LogPluginManager: Mounting plugin WmfMedia
LogPluginManager: Mounting plugin TcpMessaging
LogPluginManager: Mounting plugin UdpMessaging
LogPluginManager: Mounting plugin ActorSequence
LogPluginManager: Mounting plugin LevelSequenceEditor
LogPluginManager: Mounting plugin MatineeToLevelSequence
LogPluginManager: Mounting plugin OnlineSubsystemGooglePlay
LogPluginManager: Mounting plugin OnlineSubsystemIOS
LogPluginManager: Mounting plugin OnlineSubsystem
LogPluginManager: Mounting plugin OnlineSubsystemNull
LogPluginManager: Mounting plugin OnlineSubsystemUtils
LogPluginManager: Mounting plugin AndroidDeviceProfileSelector
LogPluginManager: Mounting plugin AndroidMoviePlayer
LogPluginManager: Mounting plugin AndroidPermission
LogPluginManager: Mounting plugin AppleARKit
LogPluginManager: Mounting plugin AppleMoviePlayer
LogPluginManager: Mounting plugin ArchVisCharacter
LogPluginManager: Mounting plugin CableComponent
LogPluginManager: Mounting plugin CustomMeshComponent
LogPluginManager: Mounting plugin ExampleDeviceProfileSelector
LogPluginManager: Mounting plugin GoogleCloudMessaging
LogPluginManager: Mounting plugin HoudiniEngine
LogPluginManager: Mounting plugin ImmediatePhysics
LogPluginManager: Mounting plugin IOSDeviceProfileSelector
LogPluginManager: Mounting plugin LinuxDeviceProfileSelector
LogPluginManager: Mounting plugin LocationServicesBPLibrary
LogPluginManager: Mounting plugin MobilePatchingUtils
LogPluginManager: Mounting plugin OculusVR
LogPluginManager: Plugin shader directory ../../../Engine/Plugins/Runtime/Oculus/OculusVR/Shaders found
LogPluginManager: Mapping shader source directory ../../../Engine/Plugins/Runtime/Oculus/OculusVR/Shaders to virtual directory /Plugin/OculusVR
LogPluginManager: Mounting plugin PhysXVehicles
LogPluginManager: Mounting plugin ProceduralMeshComponent
LogPluginManager: Mounting plugin RuntimePhysXCooking
LogPluginManager: Mounting plugin SteamVR
LogPluginManager: Mounting plugin WindowsMoviePlayer
LogModuleManager: Display: Found up-to-date module file ../../../../../../Users/Katie/Documents/VRSandstorm/darudeSandstorm 4.18/Binaries/Win64/UE4Editor-darudeSandstorm.dll (API version 3709383).
LogModuleManager: Display: Found up-to-date module file ../../../Engine/Plugins/2D/Paper2D/Binaries/Win64/UE4Editor-Paper2D.dll (API version 3709383).
LogModuleManager: Display: Found up-to-date module file ../../../Engine/Plugins/2D/Paper2D/Binaries/Win64/UE4Editor-Paper2DEditor.dll (API version 3709383).
LogModuleManager: Display: Found up-to-date module file ../../../Engine/Plugins/2D/Paper2D/Binaries/Win64/UE4Editor-PaperSpriteSheetImporter.dll (API version 3709383).
LogModuleManager: Display: Found up-to-date module file ../../../Engine/Plugins/2D/Paper2D/Binaries/Win64/UE4Editor-PaperTiledImporter.dll (API version 3709383).
LogModuleManager: Display: Found up-to-date module file ../../../Engine/Plugins/2D/Paper2D/Binaries/Win64/UE4Editor-SmartSnapping.dll (API version 3709383).
LogModuleManager: Display: Found up-to-date module file ../../../Engine/Plugins/Blendables/LightPropagationVolume/Binaries/Win64/UE4Editor-LightPropagationVolumeRuntime.dll (API version 3709383).
LogModuleManager: Display: Found up-to-date module file ../../../Engine/Plugins/Blendables/LightPropagationVolume/Binaries/Win64/UE4Editor-LightPropagationVolumeEditor.dll (API version 3709383).
LogModuleManager: Display: Found up-to-date module file ../../../Engine/Plugins/Developer/GitSourceControl/Binaries/Win64/UE4Editor-GitSourceControl.dll (API version 3709383).
LogModuleManager: Display: Found up-to-date module file ../../../Engine/Plugins/Developer/PerforceSourceControl/Binaries/Win64/UE4Editor-PerforceSourceControl.dll (API version 3709383).
LogModuleManager: Display: Found up-to-date module file ../../../Engine/Plugins/Developer/SubversionSourceControl/Binaries/Win64/UE4Editor-SubversionSourceControl.dll (API version 3709383).
LogModuleManager: Display: Found up-to-date module file ../../../Engine/Plugins/Developer/UObjectPlugin/Binaries/Win64/UE4Editor-UObjectPlugin.dll (API version 3709383).
LogModuleManager: Display: Found up-to-date module file ../../../Engine/Plugins/Developer/VisualStudioCodeSourceCodeAccess/Binaries/Win64/UE4Editor-VisualStudioCodeSourceCodeAccess.dll (API version 3709383).
LogModuleManager: Display: Found up-to-date module file ../../../Engine/Plugins/Developer/VisualStudioSourceCodeAccess/Binaries/Win64/UE4Editor-VisualStudioSourceCodeAccess.dll (API version 3709383).
LogModuleManager: Display: Found up-to-date module file ../../../Engine/Plugins/Editor/AssetManagerEditor/Binaries/Win64/UE4Editor-AssetManagerEditor.dll (API version 3709383).
LogModuleManager: Display: Found up-to-date module file ../../../Engine/Plugins/Editor/AudioCapture/Binaries/Win64/UE4Editor-AudioCapture.dll (API version 3709383).
LogModuleManager: Display: Found up-to-date module file ../../../Engine/Plugins/Editor/FacialAnimation/Binaries/Win64/UE4Editor-FacialAnimation.dll (API version 3709383).
LogModuleManager: Display: Found up-to-date module file ../../../Engine/Plugins/Editor/FacialAnimation/Binaries/Win64/UE4Editor-FacialAnimationEditor.dll (API version 3709383).
LogModuleManager: Display: Found up-to-date module file ../../../Engine/Plugins/Editor/GameplayTagsEditor/Binaries/Win64/UE4Editor-GameplayTagsEditor.dll (API version 3709383).
LogModuleManager: Display: Found up-to-date module file ../../../Engine/Plugins/Editor/MobileLauncherProfileWizard/Binaries/Win64/UE4Editor-MobileLauncherProfileWizard.dll (API version 3709383).
LogModuleManager: Display: Found up-to-date module file ../../../Engine/Plugins/Editor/PluginBrowser/Binaries/Win64/UE4Editor-PluginBrowser.dll (API version 3709383).
LogModuleManager: Display: Found up-to-date module file ../../../Engine/Plugins/Editor/SpeedTreeImporter/Binaries/Win64/UE4Editor-SpeedTreeImporter.dll (API version 3709383).
LogModuleManager: Display: Found up-to-date module file ../../../Engine/Plugins/Experimental/AlembicImporter/Binaries/Win64/UE4Editor-AlembicImporter.dll (API version 3709383).
LogModuleManager: Display: Found up-to-date module file ../../../Engine/Plugins/Experimental/AlembicImporter/Binaries/Win64/UE4Editor-AlembicLibrary.dll (API version 3709383).
LogModuleManager: Display: Found up-to-date module file ../../../Engine/Plugins/Experimental/CharacterAI/Binaries/Win64/UE4Editor-CharacterAI.dll (API version 3709383).
LogModuleManager: Display: Found up-to-date module file ../../../Engine/Plugins/Experimental/HTML5Networking/Binaries/Win64/UE4Editor-HTML5Networking.dll (API version 3709383).
LogModuleManager: Display: Found up-to-date module file ../../../Engine/Plugins/Media/AndroidMedia/Binaries/Win64/UE4Editor-AndroidMediaEditor.dll (API version 3709383).
LogModuleManager: Display: Found up-to-date module file ../../../Engine/Plugins/Media/AndroidMedia/Binaries/Win64/UE4Editor-AndroidMediaFactory.dll (API version 3709383).
LogModuleManager: Display: Found up-to-date module file ../../../Engine/Plugins/Media/AvfMedia/Binaries/Win64/UE4Editor-AvfMediaEditor.dll (API version 3709383).
LogModuleManager: Display: Found up-to-date module file ../../../Engine/Plugins/Media/AvfMedia/Binaries/Win64/UE4Editor-AvfMediaFactory.dll (API version 3709383).
LogModuleManager: Display: Found up-to-date module file ../../../Engine/Plugins/Media/AvfMedia/Binaries/Win64/UE4Editor-AvfMediaFactory.dll (API version 3709383).
LogModuleManager: Display: Found up-to-date module file ../../../Engine/Plugins/Media/ImgMedia/Binaries/Win64/UE4Editor-ImgMedia.dll (API version 3709383).
LogModuleManager: Display: Found up-to-date module file ../../../Engine/Plugins/Media/ImgMedia/Binaries/Win64/UE4Editor-ImgMediaEditor.dll (API version 3709383).
LogModuleManager: Display: Found up-to-date module file ../../../Engine/Plugins/Media/ImgMedia/Binaries/Win64/UE4Editor-ImgMediaFactory.dll (API version 3709383).
LogModuleManager: Display: Found up-to-date module file ../../../Engine/Plugins/Media/ImgMedia/Binaries/Win64/UE4Editor-ImgMediaFactory.dll (API version 3709383).
LogModuleManager: Display: Found up-to-date module file ../../../Engine/Plugins/Media/ImgMedia/Binaries/Win64/UE4Editor-OpenExrWrapper.dll (API version 3709383).
LogModuleManager: Display: Found up-to-date module file ../../../Engine/Plugins/Media/MediaCompositing/Binaries/Win64/UE4Editor-MediaCompositing.dll (API version 3709383).
LogModuleManager: Display: Found up-to-date module file ../../../Engine/Plugins/Media/MediaCompositing/Binaries/Win64/UE4Editor-MediaCompositingEditor.dll (API version 3709383).
LogModuleManager: Display: Found up-to-date module file ../../../Engine/Plugins/Media/MediaPlayerEditor/Binaries/Win64/UE4Editor-MediaPlayerEditor.dll (API version 3709383).
LogModuleManager: Display: Found up-to-date module file ../../../Engine/Plugins/Media/WmfMedia/Binaries/Win64/UE4Editor-WmfMedia.dll (API version 3709383).
LogModuleManager: Display: Found up-to-date module file ../../../Engine/Plugins/Media/WmfMedia/Binaries/Win64/UE4Editor-WmfMediaEditor.dll (API version 3709383).
LogModuleManager: Display: Found up-to-date module file ../../../Engine/Plugins/Media/WmfMedia/Binaries/Win64/UE4Editor-WmfMediaFactory.dll (API version 3709383).
LogModuleManager: Display: Found up-to-date module file ../../../Engine/Plugins/Media/WmfMedia/Binaries/Win64/UE4Editor-WmfMediaFactory.dll (API version 3709383).
LogModuleManager: Display: Found up-to-date module file ../../../Engine/Plugins/Messaging/TcpMessaging/Binaries/Win64/UE4Editor-TcpMessaging.dll (API version 3709383).
LogModuleManager: Display: Found up-to-date module file ../../../Engine/Plugins/Messaging/UdpMessaging/Binaries/Win64/UE4Editor-UdpMessaging.dll (API version 3709383).
LogModuleManager: Display: Found up-to-date module file ../../../Engine/Plugins/MovieScene/ActorSequence/Binaries/Win64/UE4Editor-ActorSequence.dll (API version 3709383).
LogModuleManager: Display: Found up-to-date module file ../../../Engine/Plugins/MovieScene/LevelSequenceEditor/Binaries/Win64/UE4Editor-LevelSequenceEditor.dll (API version 3709383).
LogModuleManager: Display: Found up-to-date module file ../../../Engine/Plugins/MovieScene/MatineeToLevelSequence/Binaries/Win64/UE4Editor-MatineeToLevelSequence.dll (API version 3709383).
LogModuleManager: Display: Found up-to-date module file ../../../Engine/Plugins/Online/OnlineSubsystem/Binaries/Win64/UE4Editor-OnlineSubsystem.dll (API version 3709383).
LogModuleManager: Display: Found up-to-date module file ../../../Engine/Plugins/Online/OnlineSubsystemNull/Binaries/Win64/UE4Editor-OnlineSubsystemNull.dll (API version 3709383).
LogModuleManager: Display: Found up-to-date module file ../../../Engine/Plugins/Online/OnlineSubsystemUtils/Binaries/Win64/UE4Editor-OnlineSubsystemUtils.dll (API version 3709383).
LogModuleManager: Display: Found up-to-date module file ../../../Engine/Plugins/Online/OnlineSubsystemUtils/Binaries/Win64/UE4Editor-OnlineBlueprintSupport.dll (API version 3709383).
LogModuleManager: Display: Found up-to-date module file ../../../Engine/Plugins/Runtime/AndroidDeviceProfileSelector/Binaries/Win64/UE4Editor-AndroidDeviceProfileSelector.dll (API version 3709383).
LogModuleManager: Display: Found up-to-date module file ../../../Engine/Plugins/Runtime/AndroidPermission/Binaries/Win64/UE4Editor-AndroidPermission.dll (API version 3709383).
LogModuleManager: Display: Found up-to-date module file ../../../Engine/Plugins/Runtime/AppleARKit/Binaries/Win64/UE4Editor-AppleARKit.dll (API version 3709383).
LogModuleManager: Display: Found up-to-date module file ../../../Engine/Plugins/Runtime/ArchVisCharacter/Binaries/Win64/UE4Editor-ArchVisCharacter.dll (API version 3709383).
LogModuleManager: Display: Found up-to-date module file ../../../Engine/Plugins/Runtime/CableComponent/Binaries/Win64/UE4Editor-CableComponent.dll (API version 3709383).
LogModuleManager: Display: Found up-to-date module file ../../../Engine/Plugins/Runtime/CustomMeshComponent/Binaries/Win64/UE4Editor-CustomMeshComponent.dll (API version 3709383).
LogModuleManager: Display: Found up-to-date module file ../../../Engine/Plugins/Runtime/ExampleDeviceProfileSelector/Binaries/Win64/UE4Editor-ExampleDeviceProfileSelector.dll (API version 3709383).
LogModuleManager: Display: Found up-to-date module file ../../../Engine/Plugins/Runtime/HoudiniEngine/Binaries/Win64/UE4Editor-HoudiniEngineRuntime.dll (API version 3709383).
LogModuleManager: Display: Found up-to-date module file ../../../Engine/Plugins/Runtime/HoudiniEngine/Binaries/Win64/UE4Editor-HoudiniEngineEditor.dll (API version 3709383).
LogModuleManager: Display: Found up-to-date module file ../../../Engine/Plugins/Runtime/ImmediatePhysics/Binaries/Win64/UE4Editor-ImmediatePhysics.dll (API version 3709383).
LogModuleManager: Display: Found up-to-date module file ../../../Engine/Plugins/Runtime/ImmediatePhysics/Binaries/Win64/UE4Editor-ImmediatePhysicsEditor.dll (API version 3709383).
LogModuleManager: Display: Found up-to-date module file ../../../Engine/Plugins/Runtime/LocationServicesBPLibrary/Binaries/Win64/UE4Editor-LocationServicesBPLibrary.dll (API version 3709383).
LogModuleManager: Display: Found up-to-date module file ../../../Engine/Plugins/Runtime/MobilePatchingUtils/Binaries/Win64/UE4Editor-MobilePatchingUtils.dll (API version 3709383).
LogModuleManager: Display: Found up-to-date module file ../../../Engine/Plugins/Runtime/Oculus/OculusVR/Binaries/Win64/UE4Editor-OculusHMD.dll (API version 3709383).
LogModuleManager: Display: Found up-to-date module file ../../../Engine/Plugins/Runtime/Oculus/OculusVR/Binaries/Win64/UE4Editor-OculusInput.dll (API version 3709383).
LogModuleManager: Display: Found up-to-date module file ../../../Engine/Plugins/Runtime/Oculus/OculusVR/Binaries/Win64/UE4Editor-OculusEditor.dll (API version 3709383).
LogModuleManager: Display: Found up-to-date module file ../../../Engine/Plugins/Runtime/PhysXVehicles/Binaries/Win64/UE4Editor-PhysXVehicles.dll (API version 3709383).
LogModuleManager: Display: Found up-to-date module file ../../../Engine/Plugins/Runtime/PhysXVehicles/Binaries/Win64/UE4Editor-PhysXVehiclesEditor.dll (API version 3709383).
LogModuleManager: Display: Found up-to-date module file ../../../Engine/Plugins/Runtime/ProceduralMeshComponent/Binaries/Win64/UE4Editor-ProceduralMeshComponent.dll (API version 3709383).
LogModuleManager: Display: Found up-to-date module file ../../../Engine/Plugins/Runtime/ProceduralMeshComponent/Binaries/Win64/UE4Editor-ProceduralMeshComponentEditor.dll (API version 3709383).
LogModuleManager: Display: Found up-to-date module file ../../../Engine/Plugins/Runtime/RuntimePhysXCooking/Binaries/Win64/UE4Editor-RuntimePhysXCooking.dll (API version 3709383).
LogModuleManager: Display: Found up-to-date module file ../../../Engine/Plugins/Runtime/Steam/SteamVR/Binaries/Win64/UE4Editor-SteamVR.dll (API version 3709383).
LogModuleManager: Display: Found up-to-date module file ../../../Engine/Plugins/Runtime/Steam/SteamVR/Binaries/Win64/UE4Editor-SteamVRController.dll (API version 3709383).
LogModuleManager: Display: Found up-to-date module file ../../../Engine/Plugins/Runtime/WindowsMoviePlayer/Binaries/Win64/UE4Editor-WindowsMoviePlayer.dll (API version 3709383).
LogInit: Using libcurl 7.47.1
LogInit:  - built for x86_64-pc-win32
LogInit:  - supports SSL with OpenSSL/1.0.2g
LogInit:  - supports HTTP deflate (compression) using libz 1.2.8
LogInit:  - other features:
LogInit:      CURL_VERSION_SSL
LogInit:      CURL_VERSION_LIBZ
LogInit:      CURL_VERSION_IPV6
LogInit:      CURL_VERSION_ASYNCHDNS
LogInit:      CURL_VERSION_LARGEFILE
LogInit:      CURL_VERSION_IDN
LogInit:  CurlRequestOptions (configurable via config and command line):
LogInit:  - bVerifyPeer = false  - Libcurl will NOT verify peer certificate
LogInit:  - bUseHttpProxy = false  - Libcurl will NOT use HTTP proxy
LogInit:  - bDontReuseConnections = false  - Libcurl will reuse connections
LogInit:  - CertBundlePath = nullptr  - Libcurl will use whatever was configured at build time.
LogInit: Build: ++UE4+Release-4.18-CL-3832480
LogInit: Engine Version: 4.18.3-3832480+++UE4+Release-4.18
LogInit: Compatible Engine Version: 4.18.0-3709383+++UE4+Release-4.18
LogInit: Net CL: 3709383
LogDevObjectVersion: Number of dev versions registered: 16
LogDevObjectVersion:   Dev-Blueprints (B0D832E4-1F89-4F0D-ACCF-7EB736FD4AA2): 10
LogDevObjectVersion:   Dev-Build (E1C64328-A22C-4D53-A36C-8E866417BD8C): 0
LogDevObjectVersion:   Dev-Core (375EC13C-06E4-48FB-B500-84F0262A717E): 2
LogDevObjectVersion:   Dev-Editor (E4B068ED-F494-42E9-A231-DA0B2E46BB41): 20
LogDevObjectVersion:   Dev-Framework (CFFC743F-43B0-4480-9391-14DF171D2073): 30
LogDevObjectVersion:   Dev-Mobile (B02B49B5-BB20-44E9-A304-32B752E40360): 0
LogDevObjectVersion:   Dev-Networking (A4E4105C-59A1-49B5-A7C5-40C4547EDFEE): 0
LogDevObjectVersion:   Dev-Online (39C831C9-5AE6-47DC-9A44-9C173E1C8E7C): 0
LogDevObjectVersion:   Dev-Physics (78F01B33-EBEA-4F98-B9B4-84EACCB95AA2): 0
LogDevObjectVersion:   Dev-Platform (6631380F-2D4D-43E0-8009-CF276956A95A): 0
LogDevObjectVersion:   Dev-Rendering (12F88B9F-8875-4AFC-A67C-D90C383ABD29): 20
LogDevObjectVersion:   Dev-Sequencer (7B5AE74C-D270-4C10-A958-57980B212A5A): 4
LogDevObjectVersion:   Dev-VR (D7296918-1DD6-4BDD-9DE2-64A83CC13884): 0
LogDevObjectVersion:   Dev-LoadTimes (C2A15278-BFE7-4AFE-6C17-90FF531DF755): 1
LogDevObjectVersion:   Private-Geometry (6EACA3D4-40EC-4CC1-B786-8BED09428FC5): 1
LogDevObjectVersion:   Dev-AnimPhys (29E575DD-E0A3-4627-9D10-D276232CDCEA): 12
LogInit: Compiled (64-bit): Jan 12 2018 02:04:55
LogInit: Compiled with Visual C++: 19.00.24215.01
LogInit: Build Configuration: Development
LogInit: Branch Name: ++UE4+Release-4.18
LogInit: Command line:  
LogInit: Base directory: C:/Program Files/Epic Games/UE_4.18/Engine/Binaries/Win64/
LogInit: Installed Engine Build: 1
LogInit: Presizing for max 8388607 objects, including 0 objects not considered by GC, pre-allocating 0 bytes for permanent pool.
LogInit: Object subsystem initialized
[2018.05.03-01.13.52:108][  0]LogInit: Selected Device Profile: [Windows]
[2018.05.03-01.13.52:108][  0]LogInit: Applying CVar settings loaded from the selected device profile: [Windows]
[2018.05.03-01.13.52:122][  0]LogInit: Computer: ALGONER
[2018.05.03-01.13.52:122][  0]LogInit: User: Katie
[2018.05.03-01.13.52:122][  0]LogInit: CPU Page size=4096, Cores=4
[2018.05.03-01.13.52:122][  0]LogInit: High frequency timer resolution =3.312791 MHz
[2018.05.03-01.13.52:122][  0]LogMemory: Memory total: Physical=16.0GB (16GB approx)
[2018.05.03-01.13.52:122][  0]LogMemory: Platform Memory Stats for Windows
[2018.05.03-01.13.52:122][  0]LogMemory: Process Physical Memory: 280.68 MB used, 280.68 MB peak
[2018.05.03-01.13.52:122][  0]LogMemory: Process Virtual Memory: 278.45 MB used, 278.45 MB peak
[2018.05.03-01.13.52:122][  0]LogMemory: Physical Memory: 5766.42 MB used,  10568.27 MB free, 16334.69 MB total
[2018.05.03-01.13.52:122][  0]LogMemory: Virtual Memory: 743.98 MB used,  10568.27 MB free, 134217728.00 MB total
[2018.05.03-01.13.52:314][  0]LogInit: Using OS detected language (en-US).
[2018.05.03-01.13.52:314][  0]LogInit: Using OS detected locale (en-US).
[2018.05.03-01.13.52:317][  0]LogTextLocalizationManager: No specific localization for 'en-US' exists, so the 'en' localization will be used.
[2018.05.03-01.13.52:706][  0]LogInit: Setting process to per monitor DPI aware
[2018.05.03-01.13.52:983][  0]LogD3D11RHI: D3D11 adapters:
[2018.05.03-01.13.53:020][  0]LogD3D11RHI:    0. 'NVIDIA GeForce GTX 1060 6GB' (Feature Level 11_0)
[2018.05.03-01.13.53:020][  0]LogD3D11RHI:       6052/0/8167 MB DedicatedVideo/DedicatedSystem/SharedSystem, Outputs:2, VendorId:0x10de
[2018.05.03-01.13.53:023][  0]LogD3D11RHI:    1. 'Microsoft Basic Render Driver' (Feature Level 11_0)
[2018.05.03-01.13.53:023][  0]LogD3D11RHI:       0/0/8167 MB DedicatedVideo/DedicatedSystem/SharedSystem, Outputs:0, VendorId:0x1414
[2018.05.03-01.13.53:023][  0]LogD3D11RHI: Chosen D3D11 Adapter: 0
[2018.05.03-01.13.53:029][  0]LogD3D11RHI: Creating new Direct3DDevice
[2018.05.03-01.13.53:029][  0]LogD3D11RHI:     GPU DeviceId: 0x1c03 (for the marketing name, search the web for "GPU Device Id")
[2018.05.03-01.13.53:029][  0]LogWindows: EnumDisplayDevices:
[2018.05.03-01.13.53:029][  0]LogWindows:    0. 'NVIDIA GeForce GTX 1060 6GB' (P:1 D:1)
[2018.05.03-01.13.53:029][  0]LogWindows:    1. 'NVIDIA GeForce GTX 1060 6GB' (P:0 D:1)
[2018.05.03-01.13.53:029][  0]LogWindows:    2. 'NVIDIA GeForce GTX 1060 6GB' (P:0 D:0)
[2018.05.03-01.13.53:029][  0]LogWindows:    3. 'NVIDIA GeForce GTX 1060 6GB' (P:0 D:0)
[2018.05.03-01.13.53:029][  0]LogWindows: DebugString: GetVideoDriverDetailsInvalid PrimaryIsNotTheChoosenAdapter GetVideoDriverDetailsInvalid PrimaryIsNotTheChoosenAdapter GetVideoDriverDetailsInvalid PrimaryIsNotTheChoosenAdapter GetVideoDriverDetailsInvalid PrimaryIsNotTheChoosenAdapter FoundDriverCount:0 
[2018.05.03-01.13.53:029][  0]LogD3D11RHI:     Adapter Name: NVIDIA GeForce GTX 1060 6GB
[2018.05.03-01.13.53:029][  0]LogD3D11RHI:   Driver Version: Unknown (internal:Unknown, unified:Unknown)
[2018.05.03-01.13.53:029][  0]LogD3D11RHI:      Driver Date: Unknown
[2018.05.03-01.13.53:029][  0]LogRHI: Texture pool is 4236 MB (70% of 6052 MB)
[2018.05.03-01.13.53:056][  0]LogD3D11RHI: Async texture creation enabled
[2018.05.03-01.13.53:074][  0]LogD3D11RHI: GPU Timing Frequency: 1000.000000 (Debug: 2 2)
[2018.05.03-01.13.53:123][  0]LogShaderCompilers: Guid format shader working directory is -26 characters bigger than the processId version (../../../../../../Users/Katie/Documents/VRSandstorm/darudeSandstorm 4.18/Intermediate/Shaders/WorkingDirectory/7320/).
[2018.05.03-01.13.53:123][  0]LogShaderCompilers: Cleaned the shader compiler working directory 'C:/Users/Katie/AppData/Local/Temp/UnrealShaderWorkingDir/2551B6914253D57D9BEC40A891BD8F5A/'.
[2018.05.03-01.13.53:123][  0]LogShaderCompilers: Display: Using Local Shader Compiler.
[2018.05.03-01.13.54:125][  0]LogTemp: Display: Loaded TP AllDesktopTargetPlatform
[2018.05.03-01.13.54:191][  0]LogTemp: Display: Loaded TP MacClientTargetPlatform
[2018.05.03-01.13.54:258][  0]LogTemp: Display: Loaded TP MacNoEditorTargetPlatform
[2018.05.03-01.13.54:323][  0]LogTemp: Display: Loaded TP MacServerTargetPlatform
[2018.05.03-01.13.54:389][  0]LogTemp: Display: Loaded TP MacTargetPlatform
[2018.05.03-01.13.54:457][  0]LogTemp: Display: Loaded TP WindowsClientTargetPlatform
[2018.05.03-01.13.54:525][  0]LogTemp: Display: Loaded TP WindowsNoEditorTargetPlatform
[2018.05.03-01.13.54:594][  0]LogTemp: Display: Loaded TP WindowsServerTargetPlatform
[2018.05.03-01.13.54:654][  0]LogTemp: Display: Loaded TP WindowsTargetPlatform
[2018.05.03-01.13.54:720][  0]LogTemp: Display: Loaded TP Android_ASTCTargetPlatform
[2018.05.03-01.13.54:785][  0]LogTemp: Display: Loaded TP Android_ATCTargetPlatform
[2018.05.03-01.13.54:850][  0]LogTemp: Display: Loaded TP Android_DXTTargetPlatform
[2018.05.03-01.13.54:915][  0]LogTemp: Display: Loaded TP Android_ETC1TargetPlatform
[2018.05.03-01.13.54:980][  0]LogTemp: Display: Loaded TP Android_ETC2TargetPlatform
[2018.05.03-01.13.55:112][  0]LogTemp: Display: Loaded TP Android_MultiTargetPlatform
[2018.05.03-01.13.55:112][  0]LogTemp: Display: Loaded TP Android_PVRTCTargetPlatform
[2018.05.03-01.13.55:177][  0]LogTemp: Display: Loaded TP AndroidTargetPlatform
[2018.05.03-01.13.55:230][  0]LogTemp: Display: Loaded TP HTML5TargetPlatform
[2018.05.03-01.13.55:342][  0]LogTemp: Display: Loaded TP IOSTargetPlatform
[2018.05.03-01.13.55:377][  0]LogTemp: Display: Loaded TP TVOSTargetPlatform
[2018.05.03-01.13.55:441][  0]LogTemp: Display: Loaded TP LinuxClientTargetPlatform
[2018.05.03-01.13.55:504][  0]LogTemp: Display: Loaded TP LinuxNoEditorTargetPlatform
[2018.05.03-01.13.55:568][  0]LogTemp: Display: Loaded TP LinuxServerTargetPlatform
[2018.05.03-01.13.55:633][  0]LogTemp: Display: Loaded TP LinuxTargetPlatform
[2018.05.03-01.13.55:633][  0]LogTargetPlatformManager: Display: Building Assets For Windows
[2018.05.03-01.13.56:246][  0]LogDerivedDataCache: Display: Max Cache Size: 512 MB
[2018.05.03-01.13.56:315][  0]LogDerivedDataCache: Loaded boot cache 0.07s 78MB C:/Users/Katie/AppData/Local/UnrealEngine/4.18/DerivedDataCache/Boot.ddc.
[2018.05.03-01.13.56:315][  0]LogDerivedDataCache: Display: Loaded Boot cache: C:/Users/Katie/AppData/Local/UnrealEngine/4.18/DerivedDataCache/Boot.ddc
[2018.05.03-01.13.56:316][  0]LogDerivedDataCache: FDerivedDataBackendGraph:  Pak pak cache file ../../../../../../Users/Katie/Documents/VRSandstorm/darudeSandstorm 4.18/DerivedDataCache/DDC.ddp not found, will not use a pak cache.
[2018.05.03-01.13.56:316][  0]LogDerivedDataCache: Unable to find inner node Pak for hierarchical cache Hierarchy.
[2018.05.03-01.13.56:316][  0]LogDerivedDataCache: FDerivedDataBackendGraph:  CompressedPak pak cache file ../../../../../../Users/Katie/Documents/VRSandstorm/darudeSandstorm 4.18/DerivedDataCache/Compressed.ddp not found, will not use a pak cache.
[2018.05.03-01.13.56:316][  0]LogDerivedDataCache: Unable to find inner node CompressedPak for hierarchical cache Hierarchy.
[2018.05.03-01.13.56:331][  0]LogDerivedDataCache: Display: Pak cache opened for reading ../../../Engine/DerivedDataCache/Compressed.ddp.
[2018.05.03-01.13.56:343][  0]LogDerivedDataCache: Using Local data cache path C:/Users/Katie/AppData/Local/UnrealEngine/Common/DerivedDataCache: Writable
[2018.05.03-01.13.56:355][  0]LogMaterial: Verifying Global Shaders for PCD3D_SM5
[2018.05.03-01.13.56:355][  0]LogSlate: Using Freetype 2.6.0
[2018.05.03-01.13.56:356][  0]LogSlate: SlateFontCache - WITH_FREETYPE: 1, WITH_HARFBUZZ: 1
[2018.05.03-01.13.56:356][  0]LogSlate: SlateFontCache - WITH_FREETYPE: 1, WITH_HARFBUZZ: 1
[2018.05.03-01.13.56:783][  0]LogInit: Selected Device Profile: [Windows]
[2018.05.03-01.13.57:201][  0]LogSimplygon: Simplygon DLL not present - disabling.
[2018.05.03-01.13.57:256][  0]LogMeshReduction: Using SimplygonSwarm for distributed automatic mesh merging
[2018.05.03-01.13.57:256][  0]LogMeshReduction: Using QuadricMeshReduction for automatic static mesh reduction
[2018.05.03-01.13.57:256][  0]LogMeshReduction: No automatic skeletal mesh reduction module available
[2018.05.03-01.13.57:256][  0]LogMeshReduction: No automatic mesh merging module available
[2018.05.03-01.13.57:256][  0]LogMeshMerging: No automatic mesh merging module available
[2018.05.03-01.13.57:289][  0]LogNetVersion: darudeSandstorm , NetCL: 3709383, EngineNetVer: 2, GameNetVer: 0 (Checksum: 2244262674)
[2018.05.03-01.13.57:468][  0]LogAssetRegistry: FAssetRegistry took 0.0262 seconds to start up
[2018.05.03-01.13.57:994][  0]LogPackageLocalizationCache: Processed 8 localized package path(s) for 2 prioritized culture(s) in 0.064592 seconds
[2018.05.03-01.13.57:999][  0]LogUObjectArray: 35870 objects as part of root set at end of initial load.
[2018.05.03-01.13.57:999][  0]LogUObjectAllocator: 7363704 out of 0 bytes used by permanent object pool.
[2018.05.03-01.13.57:999][  0]LogUObjectArray: CloseDisregardForGC: 0/0 objects in disregard for GC pool
[2018.05.03-01.13.58:077][  0]LogInit: WinSock: version 1.1 (2.2), MaxSocks=32767, MaxUdp=65467
[2018.05.03-01.14.01:214][  0]LogTcpMessaging: Initializing TcpMessaging bridge
[2018.05.03-01.14.01:265][  0]LogUdpMessaging: Initializing bridge on interface 0.0.0.0:0 to multicast group 230.0.0.1:6666.
[2018.05.03-01.14.02:146][  0]LogMaterial: Uniform references updated for custom material expression Custom.
[2018.05.03-01.14.02:668][  0]SourceControl: Source control is disabled
[2018.05.03-01.14.02:668][  0]SourceControl: Source control is disabled
[2018.05.03-01.14.02:737][  0]SourceControl: Source control is disabled
[2018.05.03-01.14.02:804][  0]SourceControl: Source control is disabled
[2018.05.03-01.14.03:854][  0]LogAndroidPermission: UAndroidPermissionCallbackProxy::GetInstance
[2018.05.03-01.14.04:133][  0]LogHoudiniEngine: Starting the Houdini Engine module.
[2018.05.03-01.14.04:133][  0]LogHoudiniEngine: Loaded libHAPIL.dll from Registry path C:\Program Files\Side Effects Software\Houdini 16.5.378/bin
[2018.05.03-01.14.04:134][  0]LogLinker: Warning: Asset '../../../Engine/Plugins/Runtime/HoudiniEngine/Content/houdini_logo.uasset' has been saved with empty engine version. The asset will be loaded but may be incompatible.
[2018.05.03-01.14.04:137][  0]LogLinker: Warning: Asset '../../../Engine/Plugins/Runtime/HoudiniEngine/Content/houdini_default_material.uasset' has been saved with empty engine version. The asset will be loaded but may be incompatible.
[2018.05.03-01.14.04:141][  0]LogLinker: Warning: Asset '../../../Engine/Plugins/Runtime/HoudiniEngine/Content/houdini_bgeo_import.uasset' has been saved with empty engine version. The asset will be loaded but may be incompatible.
[2018.05.03-01.14.04:881][  0]LogHoudiniEngine: Successfully intialized the Houdini Engine API module.
[2018.05.03-01.14.05:052][  0]LogOcInput: OculusInput pre-init called
[2018.05.03-01.14.05:417][  0]LogEngine: Initializing Engine...
[2018.05.03-01.14.05:419][  0]LogHMD: Oculus plugin initialized. Version: 4.18.3-3832480+++UE4+Release-4.18, OVRPlugin: 1.19.0
[2018.05.03-01.14.05:620][  0]LogLinker: Warning: Can't find file '/Script/darudeSandstorm'
[2018.05.03-01.14.05:621][  0]LogLinker: Warning: Can't find file '/Script/darudeSandstorm'
[2018.05.03-01.14.05:621][  0]LogUObjectGlobals: Warning: Failed to find object 'Class /Script/darudeSandstorm.levelScript'
[2018.05.03-01.14.05:621][  0]LogEngine: Error: Failed to load '/Script/darudeSandstorm.levelScript', falling back to 'LevelScriptActor'
[2018.05.03-01.14.05:631][  0]LogStats: UGameplayTagsManager::ConstructGameplayTagTree: Construct from data asset -  0.000 s
[2018.05.03-01.14.05:631][  0]LogStats: UGameplayTagsManager::ConstructGameplayTagTree: GameplayTagTreeChangedEvent.Broadcast -  0.000 s
[2018.05.03-01.14.05:800][  0]LogAIModule: Creating AISystem for world Untitled
[2018.05.03-01.14.05:814][  0]LogInit: XAudio2 using 'Speakers / Headphones (Realtek High Definition Audio)' : 2 channels at 48 kHz using 32 bits per sample (channel mask 0x3)
[2018.05.03-01.14.05:833][  0]LogInit: FAudioDevice initialized.
[2018.05.03-01.14.05:944][  0]LogDerivedDataCache: Saved boot cache 0.11s 78MB C:/Users/Katie/AppData/Local/UnrealEngine/4.18/DerivedDataCache/Boot.ddc.
[2018.05.03-01.14.05:955][  0]LogInit: Texture streaming: Enabled
[2018.05.03-01.14.06:095][  0]LogEngineSessionManager: EngineSessionManager initialized
[2018.05.03-01.14.06:283][  0]LogWindowsTextInputMethodSystem: Display: IME system now deactivated.
[2018.05.03-01.14.06:314][  0]LogInit: Transaction tracking system initialized
[2018.05.03-01.14.06:775][  0]BlueprintLog: New page: Editor Load
[2018.05.03-01.14.08:121][  0]LocalizationService: Localization service is disabled
[2018.05.03-01.14.09:228][  0]LogConsoleResponse: Display: 
[2018.05.03-01.14.09:424][  0]LogCook: Display: Max memory allowance for cook 16384mb min free memory 0mb
[2018.05.03-01.14.09:425][  0]LogCook: Display: Mobile HDR setting 1
[2018.05.03-01.14.09:425][  0]LogGameplayTags: Display: UGameplayTagsManager::DoneAddingNativeTags. DelegateIsBound: 0
[2018.05.03-01.14.10:109][  0]LogFileCache: Scanning file cache for directory 'C:/Users/Katie/Documents/VRSandstorm/darudeSandstorm 4.18/Content/' took 0.01s
[2018.05.03-01.14.10:530][  0]LogHoudiniEngineEditor: Starting the Houdini Engine Editor module.
[2018.05.03-01.14.11:200][  0]SourceControl: Source control is disabled
[2018.05.03-01.14.11:200][  0]Cmd: MAP LOAD FILE="../../../../../../Users/Katie/Documents/VRSandstorm/darudeSandstorm 4.18/Content/StarterContent/Maps/Minimal_Default.umap" TEMPLATE=0 SHOWPROGRESS=1 FEATURELEVEL=3
[2018.05.03-01.14.11:201][  0]LightingResults: New page: Lighting Build
[2018.05.03-01.14.11:262][  0]MapCheck: New page: Map Check
[2018.05.03-01.14.11:262][  0]LightingResults: New page: Lighting Build
[2018.05.03-01.14.11:651][  0]LogAIModule: Creating AISystem for world Minimal_Default
[2018.05.03-01.14.11:659][  0]LogEditorServer: Finished looking for orphan Actors (0.000 secs)
[2018.05.03-01.14.11:669][  0]Cmd: MAP CHECKDEP NOCLEARLOG
[2018.05.03-01.14.11:732][  0]MapCheck: Map check complete: 0 Error(s), 0 Warning(s), took 62.541ms to complete.
[2018.05.03-01.14.11:732][  0]LogFileHelpers: Loading map 'Minimal_Default' took 0.532
[2018.05.03-01.14.11:889][  0]LogCollectionManager: Loaded 0 collections in 0.003301 seconds
[2018.05.03-01.14.11:993][  0]LogFileCache: Scanning file cache for directory 'C:/Users/Katie/Documents/VRSandstorm/darudeSandstorm 4.18/Saved/Collections/' took 0.01s
[2018.05.03-01.14.11:993][  0]LogFileCache: Scanning file cache for directory 'C:/Users/Katie/Documents/VRSandstorm/darudeSandstorm 4.18/Content/Developers/Katie/Collections/' took 0.01s
[2018.05.03-01.14.11:993][  0]LogFileCache: Scanning file cache for directory 'C:/Users/Katie/Documents/VRSandstorm/darudeSandstorm 4.18/Content/Collections/' took 0.01s
[2018.05.03-01.14.11:993][  0]LogCollectionManager: Rebuilt the GUID cache for 0 collections in 0.000000 seconds
[2018.05.03-01.14.12:003][  0]LogContentBrowser: Native class hierarchy populated in 0.0107 seconds. Added 2397 classes and 526 folders.
[2018.05.03-01.14.12:097][  0]LogContentBrowser: Native class hierarchy updated for 'WidgetCarousel' in 0.0006 seconds. Added 0 classes and 0 folders.
[2018.05.03-01.14.12:140][  0]LogContentBrowser: Native class hierarchy updated for 'AddContentDialog' in 0.0007 seconds. Added 0 classes and 0 folders.
[2018.05.03-01.14.12:201][  0]LogContentBrowser: Native class hierarchy updated for 'SceneOutliner' in 0.0007 seconds. Added 1 classes and 2 folders.
[2018.05.03-01.14.12:251][  0]LogSlate: Took 0.000229 seconds to synchronously load lazily loaded font '../../../Engine/Content/Slate/Fonts/Roboto-Regular.ttf' (155K)
[2018.05.03-01.14.12:254][  0]LogSlate: Took 0.000268 seconds to synchronously load lazily loaded font '../../../Engine/Content/Slate/Fonts/Roboto-Bold.ttf' (160K)
[2018.05.03-01.14.12:261][  0]LogSlate: Took 0.000223 seconds to synchronously load lazily loaded font '../../../Engine/Content/Editor/Slate/Fonts/FontAwesome.ttf' (139K)
[2018.05.03-01.14.12:377][  0]LogRenderer: Reallocating scene render targets to support 1208x576 Format 10 NumSamples 1 (Frame:1).
[2018.05.03-01.14.12:542][  0]LogContentBrowser: Native class hierarchy updated for 'HierarchicalLODOutliner' in 0.0007 seconds. Added 1 classes and 2 folders.
[2018.05.03-01.14.12:542][  0]LogLoad: (Engine Initialization) Total time: 23.54 seconds
[2018.05.03-01.14.12:542][  0]LogLoad: (Engine Initialization) Total Blueprint compile time: 0.00 seconds
[2018.05.03-01.14.12:542][  0]LogExternalProfiler: Found external profiler: VSPerf
[2018.05.03-01.14.12:542][  0]LogExternalProfiler: Using external profiler: VSPerf
[2018.05.03-01.14.12:560][  0]LogOcInput: OculusInput is initialized
[2018.05.03-01.14.12:580][  0]LogContentStreaming: Texture pool size now 1000 MB
[2018.05.03-01.14.12:657][  1]LogAssetRegistry: Asset discovery search completed in 15.2108 seconds
[2018.05.03-01.14.12:659][  1]LogCollectionManager: Rebuilt the object cache for 0 collections in 0.000000 seconds (found 0 objects)
[2018.05.03-01.14.12:659][  1]LogCollectionManager: Fixed up redirectors for 0 collections in 0.000040 seconds (updated 0 objects)
[2018.05.03-01.14.13:575][ 99]LogSlate: Took 0.000241 seconds to synchronously load lazily loaded font '../../../Engine/Content/Slate/Fonts/Roboto-Light.ttf' (159K)
[2018.05.03-01.14.16:643][463]LogSlate: Took 0.000202 seconds to synchronously load lazily loaded font '../../../Engine/Content/Slate/Fonts/Roboto-Light.ttf' (159K)
[2018.05.03-01.14.33:113][422]LogSlate: Took 0.000168 seconds to synchronously load lazily loaded font '../../../Engine/Content/Slate/Fonts/Roboto-Light.ttf' (159K)
[2018.05.03-01.14.33:306][422]LogAIModule: Creating AISystem for world DustStorm
[2018.05.03-01.14.33:324][422]Cmd: MAP LOAD FILE="../../../../../../Users/Katie/Documents/VRSandstorm/darudeSandstorm 4.18/Content/DustStorm.umap" TEMPLATE=0 SHOWPROGRESS=1 FEATURELEVEL=3
[2018.05.03-01.14.33:324][422]LightingResults: New page: Lighting Build
[2018.05.03-01.14.33:325][422]LoadErrors: New page: Loading map: DustStorm.umap
[2018.05.03-01.14.33:326][422]MapCheck: New page: Map Check
[2018.05.03-01.14.33:326][422]LightingResults: New page: Lighting Build
[2018.05.03-01.14.33:338][422]LogEditorServer: Finished looking for orphan Actors (0.000 secs)
[2018.05.03-01.14.33:379][422]Cmd: MAP CHECKDEP NOCLEARLOG
[2018.05.03-01.14.33:447][422]MapCheck: Map check complete: 0 Error(s), 0 Warning(s), took 68.292ms to complete.
[2018.05.03-01.14.33:447][422]LogFileHelpers: Loading map 'DustStorm' took 0.124
[2018.05.03-01.14.41:234][251]LogContentBrowser: Native class hierarchy updated for 'BlueprintGraph' in 0.0011 seconds. Added 116 classes and 0 folders.
[2018.05.03-01.14.42:087][251]LogSlate: Took 0.000220 seconds to synchronously load lazily loaded font '../../../Engine/Content/Editor/Slate/Fonts/Roboto-BoldCondensed.ttf' (158K)
[2018.05.03-01.15.05:333][  0]LogSlate: Took 0.000322 seconds to synchronously load lazily loaded font '../../../Engine/Content/Editor/Slate/Fonts/Roboto-Italic.ttf' (157K)
[2018.05.03-01.15.27:507][380]BlueprintLog: New page: Compile DustStorm
[2018.05.03-01.15.28:245][406]Cmd: OBJ SAVEPACKAGE PACKAGE="/Game/DustStorm" FILE="../../../../../../Users/Katie/Documents/VRSandstorm/darudeSandstorm 4.18/Content/DustStorm.umap" SILENT=true AUTOSAVING=false KEEPDIRTY=false
[2018.05.03-01.15.28:760][406]LogSavePackage: Save=477.31ms
[2018.05.03-01.15.28:760][406]LogSavePackage: Moving '../../../../../../Users/Katie/Documents/VRSandstorm/darudeSandstorm 4.18/Saved/DustStormC4ACB589443227EACA4A0BBD2BAC066B.tmp' to '../../../../../../Users/Katie/Documents/VRSandstorm/darudeSandstorm 4.18/Content/DustStorm.umap'
[2018.05.03-01.15.28:763][406]LogSavePackage: Display: Finished SavePackage ../../../../../../Users/Katie/Documents/VRSandstorm/darudeSandstorm 4.18/Content/DustStorm.umap
[2018.05.03-01.15.28:792][406]LogFileHelpers: Saving map 'DustStorm' took 0.620
[2018.05.03-01.15.29:358][439]LogTemp: Repeating last play command: Selected Viewport
[2018.05.03-01.15.29:414][439]LogBlueprintUserMessages: Early PlayInEditor Detection: Level '/Game/DustStorm.DustStorm:PersistentLevel' has LevelScriptBlueprint '/Game/DustStorm.DustStorm:PersistentLevel.DustStorm' with GeneratedClass '/Game/DustStorm.DustStorm_C' with ClassGeneratedBy '/Game/DustStorm.DustStorm:PersistentLevel.DustStorm'
[2018.05.03-01.15.29:414][439]LogPlayLevel: PlayLevel: No blueprints needed recompiling
[2018.05.03-01.15.29:414][439]LogHMD: Initializing OVRPlugin session
[2018.05.03-01.15.29:442][439]PIE: New page: PIE session: DustStorm (May 2, 2018, 5:15:29 PM)
[2018.05.03-01.15.29:442][439]LogPlayLevel: Creating play world package: /Game/UEDPIE_0_DustStorm
[2018.05.03-01.15.29:449][439]LogPlayLevel: PIE: StaticDuplicateObject took: (0.007035s)
[2018.05.03-01.15.29:450][439]LogAIModule: Creating AISystem for world DustStorm
[2018.05.03-01.15.29:450][439]LogPlayLevel: PIE: World Init took: (0.000730s)
[2018.05.03-01.15.29:450][439]LogPlayLevel: PIE: Created PIE world by copying editor world from /Game/DustStorm.DustStorm to /Game/UEDPIE_0_DustStorm.DustStorm (0.008048s)
[2018.05.03-01.15.29:476][439]LogInit: XAudio2 using 'Speakers / Headphones (Realtek High Definition Audio)' : 2 channels at 48 kHz using 32 bits per sample (channel mask 0x3)
[2018.05.03-01.15.29:487][439]LogInit: FAudioDevice initialized.
[2018.05.03-01.15.29:532][439]LogLoad: Game class is 'GameModeBase'
[2018.05.03-01.15.29:534][439]LogWorld: Bringing World /Game/UEDPIE_0_DustStorm.DustStorm up for play (max tick rate 0) at 2018.05.02-21.15.29
[2018.05.03-01.15.29:535][439]LogWorld: Bringing up level for play took: 0.000876
[2018.05.03-01.15.29:591][439]LogContentBrowser: Native class hierarchy updated for 'MovieSceneCapture' in 0.0010 seconds. Added 11 classes and 0 folders.
[2018.05.03-01.15.41:845][439]PIE: Play in editor start time for /Game/UEDPIE_0_DustStorm 12.848
[2018.05.03-01.15.41:846][439]LogBlueprintUserMessages: Late PlayInEditor Detection: Level '/Game/DustStorm.DustStorm:PersistentLevel' has LevelScriptBlueprint '/Game/DustStorm.DustStorm:PersistentLevel.DustStorm' with GeneratedClass '/Game/DustStorm.DustStorm_C' with ClassGeneratedBy '/Game/DustStorm.DustStorm:PersistentLevel.DustStorm'
