Log file open, 05/10/18 07:25:43
LogWindows: Failed to load 'aqProf.dll' (GetLastError=126)
LogWindows: File 'aqProf.dll' does not exist
LogWindows: Failed to load 'VtuneApi.dll' (GetLastError=126)
LogWindows: File 'VtuneApi.dll' does not exist
LogWindows: Failed to load 'VtuneApi32e.dll' (GetLastError=126)
LogWindows: File 'VtuneApi32e.dll' does not exist
LogInit: Display: Running engine for game: darudeSandstorm
LogPlatformFile: Not using cached read wrapper
LogInit: Display: RandInit(-241243831) SRandInit(-241243830).
LogInit: Read version file with build ID '3709383'
LogInit: Overriding engine version to CL 3832480, compatible CL 3709383
LogInit: Registered custom module enumerator with build ID '3709383'
LogTaskGraph: Started task graph with 5 named threads and 14 total threads with 3 sets of task threads.
LogStats: Stats thread started at 0.187018
LogD3D11RHI: Aftermath initialized
LogPluginManager: Mounting plugin Paper2D
LogPluginManager: Mounting plugin LightPropagationVolume
LogPluginManager: Mounting plugin CodeLiteSourceCodeAccess
LogPluginManager: Mounting plugin GitSourceControl
LogPluginManager: Mounting plugin KDevelopSourceCodeAccess
LogPluginManager: Mounting plugin NullSourceCodeAccess
LogPluginManager: Mounting plugin PerforceSourceControl
LogPluginManager: Mounting plugin SubversionSourceControl
LogPluginManager: Mounting plugin UObjectPlugin
LogPluginManager: Mounting plugin VisualStudioCodeSourceCodeAccess
LogPluginManager: Mounting plugin VisualStudioSourceCodeAccess
LogPluginManager: Mounting plugin XCodeSourceCodeAccess
LogPluginManager: Mounting plugin AssetManagerEditor
LogPluginManager: Mounting plugin AudioCapture
LogPluginManager: Mounting plugin FacialAnimation
LogPluginManager: Mounting plugin GameplayTagsEditor
LogPluginManager: Mounting plugin MobileLauncherProfileWizard
LogPluginManager: Mounting plugin PluginBrowser
LogPluginManager: Mounting plugin SpeedTreeImporter
LogPluginManager: Mounting plugin AlembicImporter
LogPluginManager: Mounting plugin CharacterAI
LogPluginManager: Mounting plugin HTML5Networking
LogPluginManager: Mounting plugin AndroidMedia
LogPluginManager: Mounting plugin AvfMedia
LogPluginManager: Mounting plugin ImgMedia
LogPluginManager: Mounting plugin MediaCompositing
LogPluginManager: Mounting plugin MediaPlayerEditor
LogPluginManager: Mounting plugin WmfMedia
LogPluginManager: Mounting plugin TcpMessaging
LogPluginManager: Mounting plugin UdpMessaging
LogPluginManager: Mounting plugin ActorSequence
LogPluginManager: Mounting plugin LevelSequenceEditor
LogPluginManager: Mounting plugin MatineeToLevelSequence
LogPluginManager: Mounting plugin OnlineSubsystemGooglePlay
LogPluginManager: Mounting plugin OnlineSubsystemIOS
LogPluginManager: Mounting plugin OnlineSubsystem
LogPluginManager: Mounting plugin OnlineSubsystemNull
LogPluginManager: Mounting plugin OnlineSubsystemUtils
LogPluginManager: Mounting plugin AndroidDeviceProfileSelector
LogPluginManager: Mounting plugin AndroidMoviePlayer
LogPluginManager: Mounting plugin AndroidPermission
LogPluginManager: Mounting plugin AppleARKit
LogPluginManager: Mounting plugin AppleMoviePlayer
LogPluginManager: Mounting plugin ArchVisCharacter
LogPluginManager: Mounting plugin CableComponent
LogPluginManager: Mounting plugin CustomMeshComponent
LogPluginManager: Mounting plugin ExampleDeviceProfileSelector
LogPluginManager: Mounting plugin GoogleCloudMessaging
LogPluginManager: Mounting plugin HoudiniEngine
LogPluginManager: Mounting plugin ImmediatePhysics
LogPluginManager: Mounting plugin IOSDeviceProfileSelector
LogPluginManager: Mounting plugin LinuxDeviceProfileSelector
LogPluginManager: Mounting plugin LocationServicesBPLibrary
LogPluginManager: Mounting plugin MobilePatchingUtils
LogPluginManager: Mounting plugin OculusVR
LogPluginManager: Plugin shader directory ../../../Engine/Plugins/Runtime/Oculus/OculusVR/Shaders found
LogPluginManager: Mapping shader source directory ../../../Engine/Plugins/Runtime/Oculus/OculusVR/Shaders to virtual directory /Plugin/OculusVR
LogPluginManager: Mounting plugin PhysXVehicles
LogPluginManager: Mounting plugin ProceduralMeshComponent
LogPluginManager: Mounting plugin RuntimePhysXCooking
LogPluginManager: Mounting plugin SteamVR
LogPluginManager: Mounting plugin WindowsMoviePlayer
LogModuleManager: Display: Found up-to-date module file ../../../../../../Users/Katie/Documents/VRSandstorm/darudeSandstorm 4.18/Binaries/Win64/UE4Editor-darudeSandstorm.dll (API version 3709383).
LogModuleManager: Display: Found up-to-date module file ../../../Engine/Plugins/2D/Paper2D/Binaries/Win64/UE4Editor-Paper2D.dll (API version 3709383).
LogModuleManager: Display: Found up-to-date module file ../../../Engine/Plugins/2D/Paper2D/Binaries/Win64/UE4Editor-Paper2DEditor.dll (API version 3709383).
LogModuleManager: Display: Found up-to-date module file ../../../Engine/Plugins/2D/Paper2D/Binaries/Win64/UE4Editor-PaperSpriteSheetImporter.dll (API version 3709383).
LogModuleManager: Display: Found up-to-date module file ../../../Engine/Plugins/2D/Paper2D/Binaries/Win64/UE4Editor-PaperTiledImporter.dll (API version 3709383).
LogModuleManager: Display: Found up-to-date module file ../../../Engine/Plugins/2D/Paper2D/Binaries/Win64/UE4Editor-SmartSnapping.dll (API version 3709383).
LogModuleManager: Display: Found up-to-date module file ../../../Engine/Plugins/Blendables/LightPropagationVolume/Binaries/Win64/UE4Editor-LightPropagationVolumeRuntime.dll (API version 3709383).
LogModuleManager: Display: Found up-to-date module file ../../../Engine/Plugins/Blendables/LightPropagationVolume/Binaries/Win64/UE4Editor-LightPropagationVolumeEditor.dll (API version 3709383).
LogModuleManager: Display: Found up-to-date module file ../../../Engine/Plugins/Developer/GitSourceControl/Binaries/Win64/UE4Editor-GitSourceControl.dll (API version 3709383).
LogModuleManager: Display: Found up-to-date module file ../../../Engine/Plugins/Developer/PerforceSourceControl/Binaries/Win64/UE4Editor-PerforceSourceControl.dll (API version 3709383).
LogModuleManager: Display: Found up-to-date module file ../../../Engine/Plugins/Developer/SubversionSourceControl/Binaries/Win64/UE4Editor-SubversionSourceControl.dll (API version 3709383).
LogModuleManager: Display: Found up-to-date module file ../../../Engine/Plugins/Developer/UObjectPlugin/Binaries/Win64/UE4Editor-UObjectPlugin.dll (API version 3709383).
LogModuleManager: Display: Found up-to-date module file ../../../Engine/Plugins/Developer/VisualStudioCodeSourceCodeAccess/Binaries/Win64/UE4Editor-VisualStudioCodeSourceCodeAccess.dll (API version 3709383).
LogModuleManager: Display: Found up-to-date module file ../../../Engine/Plugins/Developer/VisualStudioSourceCodeAccess/Binaries/Win64/UE4Editor-VisualStudioSourceCodeAccess.dll (API version 3709383).
LogModuleManager: Display: Found up-to-date module file ../../../Engine/Plugins/Editor/AssetManagerEditor/Binaries/Win64/UE4Editor-AssetManagerEditor.dll (API version 3709383).
LogModuleManager: Display: Found up-to-date module file ../../../Engine/Plugins/Editor/AudioCapture/Binaries/Win64/UE4Editor-AudioCapture.dll (API version 3709383).
LogModuleManager: Display: Found up-to-date module file ../../../Engine/Plugins/Editor/FacialAnimation/Binaries/Win64/UE4Editor-FacialAnimation.dll (API version 3709383).
LogModuleManager: Display: Found up-to-date module file ../../../Engine/Plugins/Editor/FacialAnimation/Binaries/Win64/UE4Editor-FacialAnimationEditor.dll (API version 3709383).
LogModuleManager: Display: Found up-to-date module file ../../../Engine/Plugins/Editor/GameplayTagsEditor/Binaries/Win64/UE4Editor-GameplayTagsEditor.dll (API version 3709383).
LogModuleManager: Display: Found up-to-date module file ../../../Engine/Plugins/Editor/MobileLauncherProfileWizard/Binaries/Win64/UE4Editor-MobileLauncherProfileWizard.dll (API version 3709383).
LogModuleManager: Display: Found up-to-date module file ../../../Engine/Plugins/Editor/PluginBrowser/Binaries/Win64/UE4Editor-PluginBrowser.dll (API version 3709383).
LogModuleManager: Display: Found up-to-date module file ../../../Engine/Plugins/Editor/SpeedTreeImporter/Binaries/Win64/UE4Editor-SpeedTreeImporter.dll (API version 3709383).
LogModuleManager: Display: Found up-to-date module file ../../../Engine/Plugins/Experimental/AlembicImporter/Binaries/Win64/UE4Editor-AlembicImporter.dll (API version 3709383).
LogModuleManager: Display: Found up-to-date module file ../../../Engine/Plugins/Experimental/AlembicImporter/Binaries/Win64/UE4Editor-AlembicLibrary.dll (API version 3709383).
LogModuleManager: Display: Found up-to-date module file ../../../Engine/Plugins/Experimental/CharacterAI/Binaries/Win64/UE4Editor-CharacterAI.dll (API version 3709383).
LogModuleManager: Display: Found up-to-date module file ../../../Engine/Plugins/Experimental/HTML5Networking/Binaries/Win64/UE4Editor-HTML5Networking.dll (API version 3709383).
LogModuleManager: Display: Found up-to-date module file ../../../Engine/Plugins/Media/AndroidMedia/Binaries/Win64/UE4Editor-AndroidMediaEditor.dll (API version 3709383).
LogModuleManager: Display: Found up-to-date module file ../../../Engine/Plugins/Media/AndroidMedia/Binaries/Win64/UE4Editor-AndroidMediaFactory.dll (API version 3709383).
LogModuleManager: Display: Found up-to-date module file ../../../Engine/Plugins/Media/AvfMedia/Binaries/Win64/UE4Editor-AvfMediaEditor.dll (API version 3709383).
LogModuleManager: Display: Found up-to-date module file ../../../Engine/Plugins/Media/AvfMedia/Binaries/Win64/UE4Editor-AvfMediaFactory.dll (API version 3709383).
LogModuleManager: Display: Found up-to-date module file ../../../Engine/Plugins/Media/AvfMedia/Binaries/Win64/UE4Editor-AvfMediaFactory.dll (API version 3709383).
LogModuleManager: Display: Found up-to-date module file ../../../Engine/Plugins/Media/ImgMedia/Binaries/Win64/UE4Editor-ImgMedia.dll (API version 3709383).
LogModuleManager: Display: Found up-to-date module file ../../../Engine/Plugins/Media/ImgMedia/Binaries/Win64/UE4Editor-ImgMediaEditor.dll (API version 3709383).
LogModuleManager: Display: Found up-to-date module file ../../../Engine/Plugins/Media/ImgMedia/Binaries/Win64/UE4Editor-ImgMediaFactory.dll (API version 3709383).
LogModuleManager: Display: Found up-to-date module file ../../../Engine/Plugins/Media/ImgMedia/Binaries/Win64/UE4Editor-ImgMediaFactory.dll (API version 3709383).
LogModuleManager: Display: Found up-to-date module file ../../../Engine/Plugins/Media/ImgMedia/Binaries/Win64/UE4Editor-OpenExrWrapper.dll (API version 3709383).
LogModuleManager: Display: Found up-to-date module file ../../../Engine/Plugins/Media/MediaCompositing/Binaries/Win64/UE4Editor-MediaCompositing.dll (API version 3709383).
LogModuleManager: Display: Found up-to-date module file ../../../Engine/Plugins/Media/MediaCompositing/Binaries/Win64/UE4Editor-MediaCompositingEditor.dll (API version 3709383).
LogModuleManager: Display: Found up-to-date module file ../../../Engine/Plugins/Media/MediaPlayerEditor/Binaries/Win64/UE4Editor-MediaPlayerEditor.dll (API version 3709383).
LogModuleManager: Display: Found up-to-date module file ../../../Engine/Plugins/Media/WmfMedia/Binaries/Win64/UE4Editor-WmfMedia.dll (API version 3709383).
LogModuleManager: Display: Found up-to-date module file ../../../Engine/Plugins/Media/WmfMedia/Binaries/Win64/UE4Editor-WmfMediaEditor.dll (API version 3709383).
LogModuleManager: Display: Found up-to-date module file ../../../Engine/Plugins/Media/WmfMedia/Binaries/Win64/UE4Editor-WmfMediaFactory.dll (API version 3709383).
LogModuleManager: Display: Found up-to-date module file ../../../Engine/Plugins/Media/WmfMedia/Binaries/Win64/UE4Editor-WmfMediaFactory.dll (API version 3709383).
LogModuleManager: Display: Found up-to-date module file ../../../Engine/Plugins/Messaging/TcpMessaging/Binaries/Win64/UE4Editor-TcpMessaging.dll (API version 3709383).
LogModuleManager: Display: Found up-to-date module file ../../../Engine/Plugins/Messaging/UdpMessaging/Binaries/Win64/UE4Editor-UdpMessaging.dll (API version 3709383).
LogModuleManager: Display: Found up-to-date module file ../../../Engine/Plugins/MovieScene/ActorSequence/Binaries/Win64/UE4Editor-ActorSequence.dll (API version 3709383).
LogModuleManager: Display: Found up-to-date module file ../../../Engine/Plugins/MovieScene/LevelSequenceEditor/Binaries/Win64/UE4Editor-LevelSequenceEditor.dll (API version 3709383).
LogModuleManager: Display: Found up-to-date module file ../../../Engine/Plugins/MovieScene/MatineeToLevelSequence/Binaries/Win64/UE4Editor-MatineeToLevelSequence.dll (API version 3709383).
LogModuleManager: Display: Found up-to-date module file ../../../Engine/Plugins/Online/OnlineSubsystem/Binaries/Win64/UE4Editor-OnlineSubsystem.dll (API version 3709383).
LogModuleManager: Display: Found up-to-date module file ../../../Engine/Plugins/Online/OnlineSubsystemNull/Binaries/Win64/UE4Editor-OnlineSubsystemNull.dll (API version 3709383).
LogModuleManager: Display: Found up-to-date module file ../../../Engine/Plugins/Online/OnlineSubsystemUtils/Binaries/Win64/UE4Editor-OnlineSubsystemUtils.dll (API version 3709383).
LogModuleManager: Display: Found up-to-date module file ../../../Engine/Plugins/Online/OnlineSubsystemUtils/Binaries/Win64/UE4Editor-OnlineBlueprintSupport.dll (API version 3709383).
LogModuleManager: Display: Found up-to-date module file ../../../Engine/Plugins/Runtime/AndroidDeviceProfileSelector/Binaries/Win64/UE4Editor-AndroidDeviceProfileSelector.dll (API version 3709383).
LogModuleManager: Display: Found up-to-date module file ../../../Engine/Plugins/Runtime/AndroidPermission/Binaries/Win64/UE4Editor-AndroidPermission.dll (API version 3709383).
LogModuleManager: Display: Found up-to-date module file ../../../Engine/Plugins/Runtime/AppleARKit/Binaries/Win64/UE4Editor-AppleARKit.dll (API version 3709383).
LogModuleManager: Display: Found up-to-date module file ../../../Engine/Plugins/Runtime/ArchVisCharacter/Binaries/Win64/UE4Editor-ArchVisCharacter.dll (API version 3709383).
LogModuleManager: Display: Found up-to-date module file ../../../Engine/Plugins/Runtime/CableComponent/Binaries/Win64/UE4Editor-CableComponent.dll (API version 3709383).
LogModuleManager: Display: Found up-to-date module file ../../../Engine/Plugins/Runtime/CustomMeshComponent/Binaries/Win64/UE4Editor-CustomMeshComponent.dll (API version 3709383).
LogModuleManager: Display: Found up-to-date module file ../../../Engine/Plugins/Runtime/ExampleDeviceProfileSelector/Binaries/Win64/UE4Editor-ExampleDeviceProfileSelector.dll (API version 3709383).
LogModuleManager: Display: Found up-to-date module file ../../../Engine/Plugins/Runtime/HoudiniEngine/Binaries/Win64/UE4Editor-HoudiniEngineRuntime.dll (API version 3709383).
LogModuleManager: Display: Found up-to-date module file ../../../Engine/Plugins/Runtime/HoudiniEngine/Binaries/Win64/UE4Editor-HoudiniEngineEditor.dll (API version 3709383).
LogModuleManager: Display: Found up-to-date module file ../../../Engine/Plugins/Runtime/ImmediatePhysics/Binaries/Win64/UE4Editor-ImmediatePhysics.dll (API version 3709383).
LogModuleManager: Display: Found up-to-date module file ../../../Engine/Plugins/Runtime/ImmediatePhysics/Binaries/Win64/UE4Editor-ImmediatePhysicsEditor.dll (API version 3709383).
LogModuleManager: Display: Found up-to-date module file ../../../Engine/Plugins/Runtime/LocationServicesBPLibrary/Binaries/Win64/UE4Editor-LocationServicesBPLibrary.dll (API version 3709383).
LogModuleManager: Display: Found up-to-date module file ../../../Engine/Plugins/Runtime/MobilePatchingUtils/Binaries/Win64/UE4Editor-MobilePatchingUtils.dll (API version 3709383).
LogModuleManager: Display: Found up-to-date module file ../../../Engine/Plugins/Runtime/Oculus/OculusVR/Binaries/Win64/UE4Editor-OculusHMD.dll (API version 3709383).
LogModuleManager: Display: Found up-to-date module file ../../../Engine/Plugins/Runtime/Oculus/OculusVR/Binaries/Win64/UE4Editor-OculusInput.dll (API version 3709383).
LogModuleManager: Display: Found up-to-date module file ../../../Engine/Plugins/Runtime/Oculus/OculusVR/Binaries/Win64/UE4Editor-OculusEditor.dll (API version 3709383).
LogModuleManager: Display: Found up-to-date module file ../../../Engine/Plugins/Runtime/PhysXVehicles/Binaries/Win64/UE4Editor-PhysXVehicles.dll (API version 3709383).
LogModuleManager: Display: Found up-to-date module file ../../../Engine/Plugins/Runtime/PhysXVehicles/Binaries/Win64/UE4Editor-PhysXVehiclesEditor.dll (API version 3709383).
LogModuleManager: Display: Found up-to-date module file ../../../Engine/Plugins/Runtime/ProceduralMeshComponent/Binaries/Win64/UE4Editor-ProceduralMeshComponent.dll (API version 3709383).
LogModuleManager: Display: Found up-to-date module file ../../../Engine/Plugins/Runtime/ProceduralMeshComponent/Binaries/Win64/UE4Editor-ProceduralMeshComponentEditor.dll (API version 3709383).
LogModuleManager: Display: Found up-to-date module file ../../../Engine/Plugins/Runtime/RuntimePhysXCooking/Binaries/Win64/UE4Editor-RuntimePhysXCooking.dll (API version 3709383).
LogModuleManager: Display: Found up-to-date module file ../../../Engine/Plugins/Runtime/Steam/SteamVR/Binaries/Win64/UE4Editor-SteamVR.dll (API version 3709383).
LogModuleManager: Display: Found up-to-date module file ../../../Engine/Plugins/Runtime/Steam/SteamVR/Binaries/Win64/UE4Editor-SteamVRController.dll (API version 3709383).
LogModuleManager: Display: Found up-to-date module file ../../../Engine/Plugins/Runtime/WindowsMoviePlayer/Binaries/Win64/UE4Editor-WindowsMoviePlayer.dll (API version 3709383).
LogInit: Using libcurl 7.47.1
LogInit:  - built for x86_64-pc-win32
LogInit:  - supports SSL with OpenSSL/1.0.2g
LogInit:  - supports HTTP deflate (compression) using libz 1.2.8
LogInit:  - other features:
LogInit:      CURL_VERSION_SSL
LogInit:      CURL_VERSION_LIBZ
LogInit:      CURL_VERSION_IPV6
LogInit:      CURL_VERSION_ASYNCHDNS
LogInit:      CURL_VERSION_LARGEFILE
LogInit:      CURL_VERSION_IDN
LogInit:  CurlRequestOptions (configurable via config and command line):
LogInit:  - bVerifyPeer = false  - Libcurl will NOT verify peer certificate
LogInit:  - bUseHttpProxy = false  - Libcurl will NOT use HTTP proxy
LogInit:  - bDontReuseConnections = false  - Libcurl will reuse connections
LogInit:  - CertBundlePath = nullptr  - Libcurl will use whatever was configured at build time.
LogInit: Build: ++UE4+Release-4.18-CL-3832480
LogInit: Engine Version: 4.18.3-3832480+++UE4+Release-4.18
LogInit: Compatible Engine Version: 4.18.0-3709383+++UE4+Release-4.18
LogInit: Net CL: 3709383
LogDevObjectVersion: Number of dev versions registered: 16
LogDevObjectVersion:   Dev-Blueprints (B0D832E4-1F89-4F0D-ACCF-7EB736FD4AA2): 10
LogDevObjectVersion:   Dev-Build (E1C64328-A22C-4D53-A36C-8E866417BD8C): 0
LogDevObjectVersion:   Dev-Core (375EC13C-06E4-48FB-B500-84F0262A717E): 2
LogDevObjectVersion:   Dev-Editor (E4B068ED-F494-42E9-A231-DA0B2E46BB41): 20
LogDevObjectVersion:   Dev-Framework (CFFC743F-43B0-4480-9391-14DF171D2073): 30
LogDevObjectVersion:   Dev-Mobile (B02B49B5-BB20-44E9-A304-32B752E40360): 0
LogDevObjectVersion:   Dev-Networking (A4E4105C-59A1-49B5-A7C5-40C4547EDFEE): 0
LogDevObjectVersion:   Dev-Online (39C831C9-5AE6-47DC-9A44-9C173E1C8E7C): 0
LogDevObjectVersion:   Dev-Physics (78F01B33-EBEA-4F98-B9B4-84EACCB95AA2): 0
LogDevObjectVersion:   Dev-Platform (6631380F-2D4D-43E0-8009-CF276956A95A): 0
LogDevObjectVersion:   Dev-Rendering (12F88B9F-8875-4AFC-A67C-D90C383ABD29): 20
LogDevObjectVersion:   Dev-Sequencer (7B5AE74C-D270-4C10-A958-57980B212A5A): 4
LogDevObjectVersion:   Dev-VR (D7296918-1DD6-4BDD-9DE2-64A83CC13884): 0
LogDevObjectVersion:   Dev-LoadTimes (C2A15278-BFE7-4AFE-6C17-90FF531DF755): 1
LogDevObjectVersion:   Private-Geometry (6EACA3D4-40EC-4CC1-B786-8BED09428FC5): 1
LogDevObjectVersion:   Dev-AnimPhys (29E575DD-E0A3-4627-9D10-D276232CDCEA): 12
LogInit: Compiled (64-bit): Jan 12 2018 02:04:55
LogInit: Compiled with Visual C++: 19.00.24215.01
LogInit: Build Configuration: Development
LogInit: Branch Name: ++UE4+Release-4.18
LogInit: Command line:  
LogInit: Base directory: C:/Program Files/Epic Games/UE_4.18/Engine/Binaries/Win64/
LogInit: Installed Engine Build: 1
LogInit: Presizing for max 8388607 objects, including 0 objects not considered by GC, pre-allocating 0 bytes for permanent pool.
LogInit: Object subsystem initialized
[2018.05.10-11.25.45:564][  0]LogInit: Selected Device Profile: [Windows]
[2018.05.10-11.25.45:564][  0]LogInit: Applying CVar settings loaded from the selected device profile: [Windows]
[2018.05.10-11.25.45:578][  0]LogInit: Computer: ALGONER
[2018.05.10-11.25.45:578][  0]LogInit: User: Katie
[2018.05.10-11.25.45:578][  0]LogInit: CPU Page size=4096, Cores=4
[2018.05.10-11.25.45:578][  0]LogInit: High frequency timer resolution =3.312789 MHz
[2018.05.10-11.25.45:578][  0]LogMemory: Memory total: Physical=16.0GB (16GB approx)
[2018.05.10-11.25.45:578][  0]LogMemory: Platform Memory Stats for Windows
[2018.05.10-11.25.45:578][  0]LogMemory: Process Physical Memory: 279.78 MB used, 279.78 MB peak
[2018.05.10-11.25.45:578][  0]LogMemory: Process Virtual Memory: 276.46 MB used, 276.46 MB peak
[2018.05.10-11.25.45:578][  0]LogMemory: Physical Memory: 5612.33 MB used,  10722.36 MB free, 16334.69 MB total
[2018.05.10-11.25.45:579][  0]LogMemory: Virtual Memory: 738.18 MB used,  10722.36 MB free, 134217728.00 MB total
[2018.05.10-11.25.45:775][  0]LogInit: Using OS detected language (en-US).
[2018.05.10-11.25.45:775][  0]LogInit: Using OS detected locale (en-US).
[2018.05.10-11.25.45:778][  0]LogTextLocalizationManager: No specific localization for 'en-US' exists, so the 'en' localization will be used.
[2018.05.10-11.25.46:168][  0]LogInit: Setting process to per monitor DPI aware
[2018.05.10-11.25.46:431][  0]LogD3D11RHI: D3D11 adapters:
[2018.05.10-11.25.46:470][  0]LogD3D11RHI:    0. 'NVIDIA GeForce GTX 1060 6GB' (Feature Level 11_0)
[2018.05.10-11.25.46:470][  0]LogD3D11RHI:       6052/0/8167 MB DedicatedVideo/DedicatedSystem/SharedSystem, Outputs:2, VendorId:0x10de
[2018.05.10-11.25.46:472][  0]LogD3D11RHI:    1. 'Microsoft Basic Render Driver' (Feature Level 11_0)
[2018.05.10-11.25.46:472][  0]LogD3D11RHI:       0/0/8167 MB DedicatedVideo/DedicatedSystem/SharedSystem, Outputs:0, VendorId:0x1414
[2018.05.10-11.25.46:472][  0]LogD3D11RHI: Chosen D3D11 Adapter: 0
[2018.05.10-11.25.46:478][  0]LogD3D11RHI: Creating new Direct3DDevice
[2018.05.10-11.25.46:479][  0]LogD3D11RHI:     GPU DeviceId: 0x1c03 (for the marketing name, search the web for "GPU Device Id")
[2018.05.10-11.25.46:479][  0]LogWindows: EnumDisplayDevices:
[2018.05.10-11.25.46:479][  0]LogWindows:    0. 'NVIDIA GeForce GTX 1060 6GB' (P:1 D:1)
[2018.05.10-11.25.46:479][  0]LogWindows:    1. 'NVIDIA GeForce GTX 1060 6GB' (P:0 D:1)
[2018.05.10-11.25.46:479][  0]LogWindows:    2. 'NVIDIA GeForce GTX 1060 6GB' (P:0 D:0)
[2018.05.10-11.25.46:479][  0]LogWindows:    3. 'NVIDIA GeForce GTX 1060 6GB' (P:0 D:0)
[2018.05.10-11.25.46:479][  0]LogWindows: DebugString: GetVideoDriverDetailsInvalid PrimaryIsNotTheChoosenAdapter GetVideoDriverDetailsInvalid PrimaryIsNotTheChoosenAdapter GetVideoDriverDetailsInvalid PrimaryIsNotTheChoosenAdapter GetVideoDriverDetailsInvalid PrimaryIsNotTheChoosenAdapter FoundDriverCount:0 
[2018.05.10-11.25.46:479][  0]LogD3D11RHI:     Adapter Name: NVIDIA GeForce GTX 1060 6GB
[2018.05.10-11.25.46:479][  0]LogD3D11RHI:   Driver Version: Unknown (internal:Unknown, unified:Unknown)
[2018.05.10-11.25.46:479][  0]LogD3D11RHI:      Driver Date: Unknown
[2018.05.10-11.25.46:479][  0]LogRHI: Texture pool is 4236 MB (70% of 6052 MB)
[2018.05.10-11.25.46:508][  0]LogD3D11RHI: Async texture creation enabled
[2018.05.10-11.25.46:526][  0]LogD3D11RHI: GPU Timing Frequency: 1000.000000 (Debug: 2 2)
[2018.05.10-11.25.46:576][  0]LogShaderCompilers: Guid format shader working directory is -26 characters bigger than the processId version (../../../../../../Users/Katie/Documents/VRSandstorm/darudeSandstorm 4.18/Intermediate/Shaders/WorkingDirectory/2164/).
[2018.05.10-11.25.46:576][  0]LogShaderCompilers: Cleaned the shader compiler working directory 'C:/Users/Katie/AppData/Local/Temp/UnrealShaderWorkingDir/1C7D1871476E0E9D75B72288B71264E6/'.
[2018.05.10-11.25.46:576][  0]LogShaderCompilers: Display: Using Local Shader Compiler.
[2018.05.10-11.25.47:599][  0]LogTemp: Display: Loaded TP AllDesktopTargetPlatform
[2018.05.10-11.25.47:664][  0]LogTemp: Display: Loaded TP MacClientTargetPlatform
[2018.05.10-11.25.47:731][  0]LogTemp: Display: Loaded TP MacNoEditorTargetPlatform
[2018.05.10-11.25.47:797][  0]LogTemp: Display: Loaded TP MacServerTargetPlatform
[2018.05.10-11.25.47:864][  0]LogTemp: Display: Loaded TP MacTargetPlatform
[2018.05.10-11.25.47:929][  0]LogTemp: Display: Loaded TP WindowsClientTargetPlatform
[2018.05.10-11.25.47:999][  0]LogTemp: Display: Loaded TP WindowsNoEditorTargetPlatform
[2018.05.10-11.25.48:067][  0]LogTemp: Display: Loaded TP WindowsServerTargetPlatform
[2018.05.10-11.25.48:126][  0]LogTemp: Display: Loaded TP WindowsTargetPlatform
[2018.05.10-11.25.48:191][  0]LogTemp: Display: Loaded TP Android_ASTCTargetPlatform
[2018.05.10-11.25.48:256][  0]LogTemp: Display: Loaded TP Android_ATCTargetPlatform
[2018.05.10-11.25.48:320][  0]LogTemp: Display: Loaded TP Android_DXTTargetPlatform
[2018.05.10-11.25.48:389][  0]LogTemp: Display: Loaded TP Android_ETC1TargetPlatform
[2018.05.10-11.25.48:457][  0]LogTemp: Display: Loaded TP Android_ETC2TargetPlatform
[2018.05.10-11.25.48:592][  0]LogTemp: Display: Loaded TP Android_MultiTargetPlatform
[2018.05.10-11.25.48:592][  0]LogTemp: Display: Loaded TP Android_PVRTCTargetPlatform
[2018.05.10-11.25.48:659][  0]LogTemp: Display: Loaded TP AndroidTargetPlatform
[2018.05.10-11.25.48:712][  0]LogTemp: Display: Loaded TP HTML5TargetPlatform
[2018.05.10-11.25.48:828][  0]LogTemp: Display: Loaded TP IOSTargetPlatform
[2018.05.10-11.25.48:865][  0]LogTemp: Display: Loaded TP TVOSTargetPlatform
[2018.05.10-11.25.48:933][  0]LogTemp: Display: Loaded TP LinuxClientTargetPlatform
[2018.05.10-11.25.48:997][  0]LogTemp: Display: Loaded TP LinuxNoEditorTargetPlatform
[2018.05.10-11.25.49:064][  0]LogTemp: Display: Loaded TP LinuxServerTargetPlatform
[2018.05.10-11.25.49:131][  0]LogTemp: Display: Loaded TP LinuxTargetPlatform
[2018.05.10-11.25.49:132][  0]LogTargetPlatformManager: Display: Building Assets For Windows
[2018.05.10-11.25.49:762][  0]LogDerivedDataCache: Display: Max Cache Size: 512 MB
[2018.05.10-11.25.49:830][  0]LogDerivedDataCache: Loaded boot cache 0.07s 78MB C:/Users/Katie/AppData/Local/UnrealEngine/4.18/DerivedDataCache/Boot.ddc.
[2018.05.10-11.25.49:830][  0]LogDerivedDataCache: Display: Loaded Boot cache: C:/Users/Katie/AppData/Local/UnrealEngine/4.18/DerivedDataCache/Boot.ddc
[2018.05.10-11.25.49:830][  0]LogDerivedDataCache: FDerivedDataBackendGraph:  Pak pak cache file ../../../../../../Users/Katie/Documents/VRSandstorm/darudeSandstorm 4.18/DerivedDataCache/DDC.ddp not found, will not use a pak cache.
[2018.05.10-11.25.49:830][  0]LogDerivedDataCache: Unable to find inner node Pak for hierarchical cache Hierarchy.
[2018.05.10-11.25.49:830][  0]LogDerivedDataCache: FDerivedDataBackendGraph:  CompressedPak pak cache file ../../../../../../Users/Katie/Documents/VRSandstorm/darudeSandstorm 4.18/DerivedDataCache/Compressed.ddp not found, will not use a pak cache.
[2018.05.10-11.25.49:830][  0]LogDerivedDataCache: Unable to find inner node CompressedPak for hierarchical cache Hierarchy.
[2018.05.10-11.25.49:846][  0]LogDerivedDataCache: Display: Pak cache opened for reading ../../../Engine/DerivedDataCache/Compressed.ddp.
[2018.05.10-11.25.49:858][  0]LogDerivedDataCache: Using Local data cache path C:/Users/Katie/AppData/Local/UnrealEngine/Common/DerivedDataCache: Writable
[2018.05.10-11.25.49:870][  0]LogMaterial: Verifying Global Shaders for PCD3D_SM5
[2018.05.10-11.25.49:870][  0]LogSlate: Using Freetype 2.6.0
[2018.05.10-11.25.49:871][  0]LogSlate: SlateFontCache - WITH_FREETYPE: 1, WITH_HARFBUZZ: 1
[2018.05.10-11.25.49:871][  0]LogSlate: SlateFontCache - WITH_FREETYPE: 1, WITH_HARFBUZZ: 1
[2018.05.10-11.25.50:323][  0]LogInit: Selected Device Profile: [Windows]
[2018.05.10-11.25.50:744][  0]LogSimplygon: Simplygon DLL not present - disabling.
[2018.05.10-11.25.50:803][  0]LogMeshReduction: Using SimplygonSwarm for distributed automatic mesh merging
[2018.05.10-11.25.50:803][  0]LogMeshReduction: Using QuadricMeshReduction for automatic static mesh reduction
[2018.05.10-11.25.50:803][  0]LogMeshReduction: No automatic skeletal mesh reduction module available
[2018.05.10-11.25.50:803][  0]LogMeshReduction: No automatic mesh merging module available
[2018.05.10-11.25.50:803][  0]LogMeshMerging: No automatic mesh merging module available
[2018.05.10-11.25.50:838][  0]LogNetVersion: darudeSandstorm , NetCL: 3709383, EngineNetVer: 2, GameNetVer: 0 (Checksum: 2244262674)
[2018.05.10-11.25.51:035][  0]LogAssetRegistry: FAssetRegistry took 0.0266 seconds to start up
[2018.05.10-11.25.51:615][  0]LogPackageLocalizationCache: Processed 8 localized package path(s) for 2 prioritized culture(s) in 0.082841 seconds
[2018.05.10-11.25.51:621][  0]LogUObjectArray: 35870 objects as part of root set at end of initial load.
[2018.05.10-11.25.51:621][  0]LogUObjectAllocator: 7363696 out of 0 bytes used by permanent object pool.
[2018.05.10-11.25.51:621][  0]LogUObjectArray: CloseDisregardForGC: 0/0 objects in disregard for GC pool
[2018.05.10-11.25.51:695][  0]LogInit: WinSock: version 1.1 (2.2), MaxSocks=32767, MaxUdp=65467
[2018.05.10-11.25.54:918][  0]LogTcpMessaging: Initializing TcpMessaging bridge
[2018.05.10-11.25.54:969][  0]LogUdpMessaging: Initializing bridge on interface 0.0.0.0:0 to multicast group 230.0.0.1:6666.
[2018.05.10-11.25.55:876][  0]LogMaterial: Uniform references updated for custom material expression Custom.
[2018.05.10-11.25.56:420][  0]SourceControl: Source control is disabled
[2018.05.10-11.25.56:420][  0]SourceControl: Source control is disabled
[2018.05.10-11.25.56:489][  0]SourceControl: Source control is disabled
[2018.05.10-11.25.56:559][  0]SourceControl: Source control is disabled
[2018.05.10-11.25.57:626][  0]LogAndroidPermission: UAndroidPermissionCallbackProxy::GetInstance
[2018.05.10-11.25.57:908][  0]LogHoudiniEngine: Starting the Houdini Engine module.
[2018.05.10-11.25.57:909][  0]LogHoudiniEngine: Loaded libHAPIL.dll from Registry path C:\Program Files\Side Effects Software\Houdini 16.5.378/bin
[2018.05.10-11.25.57:910][  0]LogLinker: Warning: Asset '../../../Engine/Plugins/Runtime/HoudiniEngine/Content/houdini_logo.uasset' has been saved with empty engine version. The asset will be loaded but may be incompatible.
[2018.05.10-11.25.57:913][  0]LogLinker: Warning: Asset '../../../Engine/Plugins/Runtime/HoudiniEngine/Content/houdini_default_material.uasset' has been saved with empty engine version. The asset will be loaded but may be incompatible.
[2018.05.10-11.25.57:918][  0]LogLinker: Warning: Asset '../../../Engine/Plugins/Runtime/HoudiniEngine/Content/houdini_bgeo_import.uasset' has been saved with empty engine version. The asset will be loaded but may be incompatible.
[2018.05.10-11.25.58:680][  0]LogHoudiniEngine: Successfully intialized the Houdini Engine API module.
[2018.05.10-11.25.58:844][  0]LogOcInput: OculusInput pre-init called
[2018.05.10-11.25.59:201][  0]LogEngine: Initializing Engine...
[2018.05.10-11.25.59:203][  0]LogHMD: Oculus plugin initialized. Version: 4.18.3-3832480+++UE4+Release-4.18, OVRPlugin: 1.19.0
[2018.05.10-11.25.59:411][  0]LogLinker: Warning: Can't find file '/Script/darudeSandstorm'
[2018.05.10-11.25.59:411][  0]LogLinker: Warning: Can't find file '/Script/darudeSandstorm'
[2018.05.10-11.25.59:411][  0]LogUObjectGlobals: Warning: Failed to find object 'Class /Script/darudeSandstorm.levelScript'
[2018.05.10-11.25.59:411][  0]LogEngine: Error: Failed to load '/Script/darudeSandstorm.levelScript', falling back to 'LevelScriptActor'
[2018.05.10-11.25.59:424][  0]LogStats: UGameplayTagsManager::ConstructGameplayTagTree: Construct from data asset -  0.000 s
[2018.05.10-11.25.59:425][  0]LogStats: UGameplayTagsManager::ConstructGameplayTagTree: GameplayTagTreeChangedEvent.Broadcast -  0.000 s
[2018.05.10-11.25.59:607][  0]LogAIModule: Creating AISystem for world Untitled
[2018.05.10-11.25.59:620][  0]LogInit: XAudio2 using 'Speakers / Headphones (Realtek High Definition Audio)' : 2 channels at 48 kHz using 32 bits per sample (channel mask 0x3)
[2018.05.10-11.25.59:657][  0]LogInit: FAudioDevice initialized.
[2018.05.10-11.25.59:770][  0]LogDerivedDataCache: Saved boot cache 0.11s 78MB C:/Users/Katie/AppData/Local/UnrealEngine/4.18/DerivedDataCache/Boot.ddc.
[2018.05.10-11.25.59:781][  0]LogInit: Texture streaming: Enabled
[2018.05.10-11.25.59:922][  0]LogEngineSessionManager: EngineSessionManager initialized
[2018.05.10-11.25.59:922][  0]LogEngineSessionManager: EngineSessionManager sent abnormal shutdown report. Type=AbnormalShutdown, SessionId={099B005C-4422-3779-CA34-E79AE24CB92E}
[2018.05.10-11.26.00:117][  0]LogInit: Transaction tracking system initialized
[2018.05.10-11.26.00:548][  0]BlueprintLog: New page: Editor Load
[2018.05.10-11.26.01:826][  0]LocalizationService: Localization service is disabled
[2018.05.10-11.26.02:937][  0]LogConsoleResponse: Display: 
[2018.05.10-11.26.03:130][  0]LogCook: Display: Max memory allowance for cook 16384mb min free memory 0mb
[2018.05.10-11.26.03:131][  0]LogCook: Display: Mobile HDR setting 1
[2018.05.10-11.26.03:131][  0]LogGameplayTags: Display: UGameplayTagsManager::DoneAddingNativeTags. DelegateIsBound: 0
[2018.05.10-11.26.03:620][  0]LogFileCache: Scanning file cache for directory 'C:/Users/Katie/Documents/VRSandstorm/darudeSandstorm 4.18/Content/' took 0.01s
[2018.05.10-11.26.04:342][  0]LogHoudiniEngineEditor: Starting the Houdini Engine Editor module.
[2018.05.10-11.26.05:382][  0]SourceControl: Source control is disabled
[2018.05.10-11.26.05:382][  0]Cmd: MAP LOAD FILE="../../../../../../Users/Katie/Documents/VRSandstorm/darudeSandstorm 4.18/Content/DustStorm.umap" TEMPLATE=0 SHOWPROGRESS=1 FEATURELEVEL=3
[2018.05.10-11.26.05:383][  0]LightingResults: New page: Lighting Build
[2018.05.10-11.26.05:468][  0]MapCheck: New page: Map Check
[2018.05.10-11.26.05:468][  0]LightingResults: New page: Lighting Build
[2018.05.10-11.26.06:060][  0]LogAIModule: Creating AISystem for world DustStorm
[2018.05.10-11.26.06:154][  0]LogEditorServer: Finished looking for orphan Actors (0.000 secs)
[2018.05.10-11.26.06:167][  0]Cmd: MAP CHECKDEP NOCLEARLOG
[2018.05.10-11.26.06:243][  0]MapCheck: Map check complete: 0 Error(s), 0 Warning(s), took 75.878ms to complete.
[2018.05.10-11.26.06:243][  0]LogFileHelpers: Loading map 'DustStorm' took 0.860
[2018.05.10-11.26.06:438][  0]LogCollectionManager: Loaded 0 collections in 0.004362 seconds
[2018.05.10-11.26.06:560][  0]LogFileCache: Scanning file cache for directory 'C:/Users/Katie/Documents/VRSandstorm/darudeSandstorm 4.18/Saved/Collections/' took 0.02s
[2018.05.10-11.26.06:561][  0]LogFileCache: Scanning file cache for directory 'C:/Users/Katie/Documents/VRSandstorm/darudeSandstorm 4.18/Content/Developers/Katie/Collections/' took 0.00s
[2018.05.10-11.26.06:561][  0]LogFileCache: Scanning file cache for directory 'C:/Users/Katie/Documents/VRSandstorm/darudeSandstorm 4.18/Content/Collections/' took 0.01s
[2018.05.10-11.26.06:561][  0]LogCollectionManager: Rebuilt the GUID cache for 0 collections in 0.000001 seconds
[2018.05.10-11.26.06:585][  0]LogContentBrowser: Native class hierarchy populated in 0.0242 seconds. Added 2397 classes and 526 folders.
[2018.05.10-11.26.06:804][  0]LogContentBrowser: Native class hierarchy updated for 'WidgetCarousel' in 0.0008 seconds. Added 0 classes and 0 folders.
[2018.05.10-11.26.06:892][  0]LogContentBrowser: Native class hierarchy updated for 'AddContentDialog' in 0.0009 seconds. Added 0 classes and 0 folders.
[2018.05.10-11.26.06:968][  0]LogContentBrowser: Native class hierarchy updated for 'SceneOutliner' in 0.0012 seconds. Added 1 classes and 2 folders.
[2018.05.10-11.26.07:148][  0]LogSlate: Took 0.000251 seconds to synchronously load lazily loaded font '../../../Engine/Content/Slate/Fonts/Roboto-Regular.ttf' (155K)
[2018.05.10-11.26.07:151][  0]LogSlate: Took 0.000247 seconds to synchronously load lazily loaded font '../../../Engine/Content/Slate/Fonts/Roboto-Bold.ttf' (160K)
[2018.05.10-11.26.07:158][  0]LogSlate: Took 0.000166 seconds to synchronously load lazily loaded font '../../../Engine/Content/Editor/Slate/Fonts/FontAwesome.ttf' (139K)
[2018.05.10-11.26.07:278][  0]LogRenderer: Reallocating scene render targets to support 1208x552 Format 10 NumSamples 1 (Frame:1).
[2018.05.10-11.26.07:332][  0]LogSlate: Took 0.000213 seconds to synchronously load lazily loaded font '../../../Engine/Content/Slate/Fonts/Roboto-Light.ttf' (159K)
[2018.05.10-11.26.07:463][  0]LogContentBrowser: Native class hierarchy updated for 'HierarchicalLODOutliner' in 0.0007 seconds. Added 1 classes and 2 folders.
[2018.05.10-11.26.07:463][  0]LogLoad: (Engine Initialization) Total time: 25.20 seconds
[2018.05.10-11.26.07:463][  0]LogLoad: (Engine Initialization) Total Blueprint compile time: 0.00 seconds
[2018.05.10-11.26.07:463][  0]LogExternalProfiler: Found external profiler: VSPerf
[2018.05.10-11.26.07:463][  0]LogExternalProfiler: Using external profiler: VSPerf
[2018.05.10-11.26.07:813][  0]LogOcInput: OculusInput is initialized
[2018.05.10-11.26.07:834][  0]LogContentStreaming: Texture pool size now 1000 MB
[2018.05.10-11.26.08:149][  1]LogAssetRegistry: Asset discovery search completed in 17.1360 seconds
[2018.05.10-11.26.08:152][  1]LogCollectionManager: Rebuilt the object cache for 0 collections in 0.000001 seconds (found 0 objects)
[2018.05.10-11.26.08:152][  1]LogCollectionManager: Fixed up redirectors for 0 collections in 0.000096 seconds (updated 0 objects)
[2018.05.10-11.26.08:806][  3]LogSlate: Took 0.000213 seconds to synchronously load lazily loaded font '../../../Engine/Content/Slate/Fonts/Roboto-Light.ttf' (159K)
[2018.05.10-11.26.24:444][352]LogTemp: Repeating last play command: Selected Viewport
[2018.05.10-11.26.24:491][352]LogBlueprintUserMessages: Early PlayInEditor Detection: Level '/Game/DustStorm.DustStorm:PersistentLevel' has LevelScriptBlueprint '/Game/DustStorm.DustStorm:PersistentLevel.DustStorm' with GeneratedClass '/Game/DustStorm.DustStorm_C' with ClassGeneratedBy '/Game/DustStorm.DustStorm:PersistentLevel.DustStorm'
[2018.05.10-11.26.24:491][352]LogPlayLevel: PlayLevel: No blueprints needed recompiling
[2018.05.10-11.26.24:492][352]LogHMD: Initializing OVRPlugin session
[2018.05.10-11.26.24:549][352]PIE: New page: PIE session: DustStorm (May 10, 2018, 3:26:24 AM)
[2018.05.10-11.26.24:549][352]LogPlayLevel: Creating play world package: /Game/UEDPIE_0_DustStorm
[2018.05.10-11.26.24:603][352]LogPlayLevel: PIE: StaticDuplicateObject took: (0.053852s)
[2018.05.10-11.26.24:603][352]LogAIModule: Creating AISystem for world DustStorm
[2018.05.10-11.26.24:603][352]LogPlayLevel: PIE: World Init took: (0.000693s)
[2018.05.10-11.26.24:604][352]LogPlayLevel: PIE: Created PIE world by copying editor world from /Game/DustStorm.DustStorm to /Game/UEDPIE_0_DustStorm.DustStorm (0.054838s)
[2018.05.10-11.26.24:620][352]LogInit: XAudio2 using 'Speakers / Headphones (Realtek High Definition Audio)' : 2 channels at 48 kHz using 32 bits per sample (channel mask 0x3)
[2018.05.10-11.26.24:632][352]LogInit: FAudioDevice initialized.
[2018.05.10-11.26.24:672][352]LogLoad: Game class is 'GameModeBase'
[2018.05.10-11.26.24:678][352]LogWorld: Bringing World /Game/UEDPIE_0_DustStorm.DustStorm up for play (max tick rate 0) at 2018.05.10-07.26.24
[2018.05.10-11.26.24:678][352]LogWorld: Bringing up level for play took: 0.004993
[2018.05.10-11.26.24:737][352]LogContentBrowser: Native class hierarchy updated for 'MovieSceneCapture' in 0.0010 seconds. Added 11 classes and 0 folders.
[2018.05.10-11.26.24:951][352]PIE: Play in editor start time for /Game/UEDPIE_0_DustStorm -0.044
[2018.05.10-11.26.24:951][352]LogBlueprintUserMessages: Late PlayInEditor Detection: Level '/Game/DustStorm.DustStorm:PersistentLevel' has LevelScriptBlueprint '/Game/DustStorm.DustStorm:PersistentLevel.DustStorm' with GeneratedClass '/Game/DustStorm.DustStorm_C' with ClassGeneratedBy '/Game/DustStorm.DustStorm:PersistentLevel.DustStorm'
[2018.05.10-11.26.27:931][635]LogBlueprintUserMessages: Early EndPlayMap Detection: Level '/Game/DustStorm.DustStorm:PersistentLevel' has LevelScriptBlueprint '/Game/DustStorm.DustStorm:PersistentLevel.DustStorm' with GeneratedClass '/Game/DustStorm.DustStorm_C' with ClassGeneratedBy '/Game/DustStorm.DustStorm:PersistentLevel.DustStorm'
[2018.05.10-11.26.27:980][635]LogBlueprintUserMessages: Late EndPlayMap Detection: Level '/Game/DustStorm.DustStorm:PersistentLevel' has LevelScriptBlueprint '/Game/DustStorm.DustStorm:PersistentLevel.DustStorm' with GeneratedClass '/Game/DustStorm.DustStorm_C' with ClassGeneratedBy '/Game/DustStorm.DustStorm:PersistentLevel.DustStorm'
[2018.05.10-11.26.34:786][399]LogSlate: Took 0.000561 seconds to synchronously load lazily loaded font '../../../Engine/Content/Editor/Slate/Fonts/Roboto-Italic.ttf' (157K)
[2018.05.10-11.26.41:766][959]LogSlate: Took 0.000165 seconds to synchronously load lazily loaded font '../../../Engine/Content/Slate/Fonts/Roboto-Light.ttf' (159K)
[2018.05.10-11.26.41:846][959]Cmd: OBJ SAVEPACKAGE PACKAGE="/Game/DustStorm" FILE="../../../../../../Users/Katie/Documents/VRSandstorm/darudeSandstorm 4.18/Content/DustStorm.umap" SILENT=true AUTOSAVING=false KEEPDIRTY=false
[2018.05.10-11.26.42:745][959]LogSavePackage: Save=880.17ms
[2018.05.10-11.26.42:745][959]LogSavePackage: Moving '../../../../../../Users/Katie/Documents/VRSandstorm/darudeSandstorm 4.18/Saved/DustStorm63E9AFD54982B3A8A1F707B5672A09DE.tmp' to '../../../../../../Users/Katie/Documents/VRSandstorm/darudeSandstorm 4.18/Content/DustStorm.umap'
[2018.05.10-11.26.42:749][959]LogSavePackage: Display: Finished SavePackage ../../../../../../Users/Katie/Documents/VRSandstorm/darudeSandstorm 4.18/Content/DustStorm.umap
[2018.05.10-11.26.42:786][959]LogFileHelpers: Saving map 'DustStorm' took 1.010
[2018.05.10-11.26.43:274][  7]LogTemp: Repeating last play command: Selected Viewport
[2018.05.10-11.26.43:295][  7]LogBlueprintUserMessages: Early PlayInEditor Detection: Level '/Game/DustStorm.DustStorm:PersistentLevel' has LevelScriptBlueprint '/Game/DustStorm.DustStorm:PersistentLevel.DustStorm' with GeneratedClass '/Game/DustStorm.DustStorm_C' with ClassGeneratedBy '/Game/DustStorm.DustStorm:PersistentLevel.DustStorm'
[2018.05.10-11.26.43:296][  7]LogPlayLevel: PlayLevel: No blueprints needed recompiling
[2018.05.10-11.26.43:296][  7]LogHMD: Initializing OVRPlugin session
[2018.05.10-11.26.43:336][  7]PIE: New page: PIE session: DustStorm (May 10, 2018, 3:26:43 AM)
[2018.05.10-11.26.43:336][  7]LogPlayLevel: Creating play world package: /Game/UEDPIE_0_DustStorm
[2018.05.10-11.26.43:364][  7]LogPlayLevel: PIE: StaticDuplicateObject took: (0.027997s)
[2018.05.10-11.26.43:365][  7]LogAIModule: Creating AISystem for world DustStorm
[2018.05.10-11.26.43:365][  7]LogPlayLevel: PIE: World Init took: (0.000740s)
[2018.05.10-11.26.43:365][  7]LogPlayLevel: PIE: Created PIE world by copying editor world from /Game/DustStorm.DustStorm to /Game/UEDPIE_0_DustStorm.DustStorm (0.029020s)
[2018.05.10-11.26.43:383][  7]LogInit: XAudio2 using 'Speakers / Headphones (Realtek High Definition Audio)' : 2 channels at 48 kHz using 32 bits per sample (channel mask 0x3)
[2018.05.10-11.26.43:394][  7]LogInit: FAudioDevice initialized.
[2018.05.10-11.26.43:428][  7]LogLoad: Game class is 'GameModeBase'
[2018.05.10-11.26.43:436][  7]LogWorld: Bringing World /Game/UEDPIE_0_DustStorm.DustStorm up for play (max tick rate 0) at 2018.05.10-07.26.43
[2018.05.10-11.26.43:436][  7]LogWorld: Bringing up level for play took: 0.008113
[2018.05.10-11.26.43:640][  7]PIE: Play in editor start time for /Game/UEDPIE_0_DustStorm 0.645
[2018.05.10-11.26.43:641][  7]LogBlueprintUserMessages: Late PlayInEditor Detection: Level '/Game/DustStorm.DustStorm:PersistentLevel' has LevelScriptBlueprint '/Game/DustStorm.DustStorm:PersistentLevel.DustStorm' with GeneratedClass '/Game/DustStorm.DustStorm_C' with ClassGeneratedBy '/Game/DustStorm.DustStorm:PersistentLevel.DustStorm'
[2018.05.10-11.26.50:698][602]LogBlueprintUserMessages: Early EndPlayMap Detection: Level '/Game/DustStorm.DustStorm:PersistentLevel' has LevelScriptBlueprint '/Game/DustStorm.DustStorm:PersistentLevel.DustStorm' with GeneratedClass '/Game/DustStorm.DustStorm_C' with ClassGeneratedBy '/Game/DustStorm.DustStorm:PersistentLevel.DustStorm'
[2018.05.10-11.26.52:494][602]LogBlueprintUserMessages: Late EndPlayMap Detection: Level '/Game/DustStorm.DustStorm:PersistentLevel' has LevelScriptBlueprint '/Game/DustStorm.DustStorm:PersistentLevel.DustStorm' with GeneratedClass '/Game/DustStorm.DustStorm_C' with ClassGeneratedBy '/Game/DustStorm.DustStorm:PersistentLevel.DustStorm'
[2018.05.10-11.26.58:407][219]LogTemp: Repeating last play command: Selected Viewport
[2018.05.10-11.26.58:429][219]LogBlueprintUserMessages: Early PlayInEditor Detection: Level '/Game/DustStorm.DustStorm:PersistentLevel' has LevelScriptBlueprint '/Game/DustStorm.DustStorm:PersistentLevel.DustStorm' with GeneratedClass '/Game/DustStorm.DustStorm_C' with ClassGeneratedBy '/Game/DustStorm.DustStorm:PersistentLevel.DustStorm'
[2018.05.10-11.26.58:429][219]LogPlayLevel: PlayLevel: No blueprints needed recompiling
[2018.05.10-11.26.58:429][219]LogHMD: Initializing OVRPlugin session
[2018.05.10-11.26.58:466][219]PIE: New page: PIE session: DustStorm (May 10, 2018, 3:26:58 AM)
[2018.05.10-11.26.58:466][219]LogPlayLevel: Creating play world package: /Game/UEDPIE_0_DustStorm
[2018.05.10-11.26.58:491][219]LogPlayLevel: PIE: StaticDuplicateObject took: (0.024870s)
[2018.05.10-11.26.58:491][219]LogAIModule: Creating AISystem for world DustStorm
[2018.05.10-11.26.58:491][219]LogPlayLevel: PIE: World Init took: (0.000631s)
[2018.05.10-11.26.58:492][219]LogPlayLevel: PIE: Created PIE world by copying editor world from /Game/DustStorm.DustStorm to /Game/UEDPIE_0_DustStorm.DustStorm (0.025768s)
[2018.05.10-11.26.58:509][219]LogInit: XAudio2 using 'Speakers / Headphones (Realtek High Definition Audio)' : 2 channels at 48 kHz using 32 bits per sample (channel mask 0x3)
[2018.05.10-11.26.58:521][219]LogInit: FAudioDevice initialized.
[2018.05.10-11.26.58:551][219]LogLoad: Game class is 'GameModeBase'
[2018.05.10-11.26.58:557][219]LogWorld: Bringing World /Game/UEDPIE_0_DustStorm.DustStorm up for play (max tick rate 0) at 2018.05.10-07.26.58
[2018.05.10-11.26.58:558][219]LogWorld: Bringing up level for play took: 0.005577
[2018.05.10-11.26.58:761][219]PIE: Play in editor start time for /Game/UEDPIE_0_DustStorm -0.235
[2018.05.10-11.26.58:761][219]LogBlueprintUserMessages: Late PlayInEditor Detection: Level '/Game/DustStorm.DustStorm:PersistentLevel' has LevelScriptBlueprint '/Game/DustStorm.DustStorm:PersistentLevel.DustStorm' with GeneratedClass '/Game/DustStorm.DustStorm_C' with ClassGeneratedBy '/Game/DustStorm.DustStorm:PersistentLevel.DustStorm'
[2018.05.10-11.27.01:466][495]LogBlueprintUserMessages: Early EndPlayMap Detection: Level '/Game/DustStorm.DustStorm:PersistentLevel' has LevelScriptBlueprint '/Game/DustStorm.DustStorm:PersistentLevel.DustStorm' with GeneratedClass '/Game/DustStorm.DustStorm_C' with ClassGeneratedBy '/Game/DustStorm.DustStorm:PersistentLevel.DustStorm'
[2018.05.10-11.27.01:529][495]LogBlueprintUserMessages: Late EndPlayMap Detection: Level '/Game/DustStorm.DustStorm:PersistentLevel' has LevelScriptBlueprint '/Game/DustStorm.DustStorm:PersistentLevel.DustStorm' with GeneratedClass '/Game/DustStorm.DustStorm_C' with ClassGeneratedBy '/Game/DustStorm.DustStorm:PersistentLevel.DustStorm'
[2018.05.10-11.27.11:620][398]Cmd: OBJ SAVEPACKAGE PACKAGE="/Game/DustStorm" FILE="../../../../../../Users/Katie/Documents/VRSandstorm/darudeSandstorm 4.18/Content/DustStorm.umap" SILENT=true AUTOSAVING=false KEEPDIRTY=false
[2018.05.10-11.27.12:500][398]LogSavePackage: Save=857.17ms
[2018.05.10-11.27.12:500][398]LogSavePackage: Moving '../../../../../../Users/Katie/Documents/VRSandstorm/darudeSandstorm 4.18/Saved/DustStorm1067EB0C412BCF3096FA59B319ECFC72.tmp' to '../../../../../../Users/Katie/Documents/VRSandstorm/darudeSandstorm 4.18/Content/DustStorm.umap'
[2018.05.10-11.27.12:504][398]LogSavePackage: Display: Finished SavePackage ../../../../../../Users/Katie/Documents/VRSandstorm/darudeSandstorm 4.18/Content/DustStorm.umap
[2018.05.10-11.27.12:540][398]LogFileHelpers: Saving map 'DustStorm' took 0.985
[2018.05.10-11.27.12:937][436]LogTemp: Repeating last play command: Selected Viewport
[2018.05.10-11.27.12:958][436]LogBlueprintUserMessages: Early PlayInEditor Detection: Level '/Game/DustStorm.DustStorm:PersistentLevel' has LevelScriptBlueprint '/Game/DustStorm.DustStorm:PersistentLevel.DustStorm' with GeneratedClass '/Game/DustStorm.DustStorm_C' with ClassGeneratedBy '/Game/DustStorm.DustStorm:PersistentLevel.DustStorm'
[2018.05.10-11.27.12:958][436]LogPlayLevel: PlayLevel: No blueprints needed recompiling
[2018.05.10-11.27.12:958][436]LogHMD: Initializing OVRPlugin session
[2018.05.10-11.27.12:979][436]PIE: New page: PIE session: DustStorm (May 10, 2018, 3:27:12 AM)
[2018.05.10-11.27.12:980][436]LogPlayLevel: Creating play world package: /Game/UEDPIE_0_DustStorm
[2018.05.10-11.27.13:005][436]LogPlayLevel: PIE: StaticDuplicateObject took: (0.025249s)
[2018.05.10-11.27.13:005][436]LogAIModule: Creating AISystem for world DustStorm
[2018.05.10-11.27.13:006][436]LogPlayLevel: PIE: World Init took: (0.000631s)
[2018.05.10-11.27.13:006][436]LogPlayLevel: PIE: Created PIE world by copying editor world from /Game/DustStorm.DustStorm to /Game/UEDPIE_0_DustStorm.DustStorm (0.026160s)
[2018.05.10-11.27.13:024][436]LogInit: XAudio2 using 'Speakers / Headphones (Realtek High Definition Audio)' : 2 channels at 48 kHz using 32 bits per sample (channel mask 0x3)
[2018.05.10-11.27.13:036][436]LogInit: FAudioDevice initialized.
[2018.05.10-11.27.13:066][436]LogLoad: Game class is 'GameModeBase'
[2018.05.10-11.27.13:071][436]LogWorld: Bringing World /Game/UEDPIE_0_DustStorm.DustStorm up for play (max tick rate 0) at 2018.05.10-07.27.13
[2018.05.10-11.27.13:071][436]LogWorld: Bringing up level for play took: 0.004987
[2018.05.10-11.27.13:272][436]PIE: Play in editor start time for /Game/UEDPIE_0_DustStorm 0.277
[2018.05.10-11.27.13:272][436]LogBlueprintUserMessages: Late PlayInEditor Detection: Level '/Game/DustStorm.DustStorm:PersistentLevel' has LevelScriptBlueprint '/Game/DustStorm.DustStorm:PersistentLevel.DustStorm' with GeneratedClass '/Game/DustStorm.DustStorm_C' with ClassGeneratedBy '/Game/DustStorm.DustStorm:PersistentLevel.DustStorm'
[2018.05.10-11.27.47:052][344]LogBlueprintUserMessages: Early EndPlayMap Detection: Level '/Game/DustStorm.DustStorm:PersistentLevel' has LevelScriptBlueprint '/Game/DustStorm.DustStorm:PersistentLevel.DustStorm' with GeneratedClass '/Game/DustStorm.DustStorm_C' with ClassGeneratedBy '/Game/DustStorm.DustStorm:PersistentLevel.DustStorm'
[2018.05.10-11.27.47:112][344]LogBlueprintUserMessages: Late EndPlayMap Detection: Level '/Game/DustStorm.DustStorm:PersistentLevel' has LevelScriptBlueprint '/Game/DustStorm.DustStorm:PersistentLevel.DustStorm' with GeneratedClass '/Game/DustStorm.DustStorm_C' with ClassGeneratedBy '/Game/DustStorm.DustStorm:PersistentLevel.DustStorm'
[2018.05.10-11.28.03:554][797]LogContentBrowser: Native class hierarchy updated for 'BlueprintGraph' in 0.0011 seconds. Added 116 classes and 0 folders.
[2018.05.10-11.28.04:398][797]LogSlate: Took 0.000186 seconds to synchronously load lazily loaded font '../../../Engine/Content/Editor/Slate/Fonts/Roboto-BoldCondensed.ttf' (158K)
[2018.05.10-11.29.07:429][610]BlueprintLog: New page: Compile DustStorm
[2018.05.10-11.29.32:583][199]BlueprintLog: New page: Compile DustStorm
[2018.05.10-11.29.33:978][314]LogTemp: Repeating last play command: Selected Viewport
[2018.05.10-11.29.34:004][314]LogBlueprintUserMessages: Early PlayInEditor Detection: Level '/Game/DustStorm.DustStorm:PersistentLevel' has LevelScriptBlueprint '/Game/DustStorm.DustStorm:PersistentLevel.DustStorm' with GeneratedClass '/Game/DustStorm.DustStorm_C' with ClassGeneratedBy '/Game/DustStorm.DustStorm:PersistentLevel.DustStorm'
[2018.05.10-11.29.34:004][314]LogPlayLevel: PlayLevel: No blueprints needed recompiling
[2018.05.10-11.29.34:004][314]LogHMD: Initializing OVRPlugin session
[2018.05.10-11.29.34:028][314]PIE: New page: PIE session: DustStorm (May 10, 2018, 3:29:34 AM)
[2018.05.10-11.29.34:028][314]LogPlayLevel: Creating play world package: /Game/UEDPIE_0_DustStorm
[2018.05.10-11.29.34:054][314]LogPlayLevel: PIE: StaticDuplicateObject took: (0.025762s)
[2018.05.10-11.29.34:054][314]LogAIModule: Creating AISystem for world DustStorm
[2018.05.10-11.29.34:055][314]LogPlayLevel: PIE: World Init took: (0.000826s)
[2018.05.10-11.29.34:055][314]LogPlayLevel: PIE: Created PIE world by copying editor world from /Game/DustStorm.DustStorm to /Game/UEDPIE_0_DustStorm.DustStorm (0.026900s)
[2018.05.10-11.29.34:081][314]LogInit: XAudio2 using 'Speakers / Headphones (Realtek High Definition Audio)' : 2 channels at 48 kHz using 32 bits per sample (channel mask 0x3)
[2018.05.10-11.29.34:093][314]LogInit: FAudioDevice initialized.
[2018.05.10-11.29.34:120][314]LogLoad: Game class is 'GameModeBase'
[2018.05.10-11.29.34:126][314]LogWorld: Bringing World /Game/UEDPIE_0_DustStorm.DustStorm up for play (max tick rate 0) at 2018.05.10-07.29.34
[2018.05.10-11.29.34:127][314]LogWorld: Bringing up level for play took: 0.005563
[2018.05.10-11.29.34:338][314]PIE: Play in editor start time for /Game/UEDPIE_0_DustStorm -0.657
[2018.05.10-11.29.34:338][314]LogBlueprintUserMessages: Late PlayInEditor Detection: Level '/Game/DustStorm.DustStorm:PersistentLevel' has LevelScriptBlueprint '/Game/DustStorm.DustStorm:PersistentLevel.DustStorm' with GeneratedClass '/Game/DustStorm.DustStorm_C' with ClassGeneratedBy '/Game/DustStorm.DustStorm:PersistentLevel.DustStorm'
[2018.05.10-11.30.18:732][923]LogBlueprintUserMessages: Early EndPlayMap Detection: Level '/Game/DustStorm.DustStorm:PersistentLevel' has LevelScriptBlueprint '/Game/DustStorm.DustStorm:PersistentLevel.DustStorm' with GeneratedClass '/Game/DustStorm.DustStorm_C' with ClassGeneratedBy '/Game/DustStorm.DustStorm:PersistentLevel.DustStorm'
[2018.05.10-11.30.18:832][923]LogBlueprintUserMessages: Late EndPlayMap Detection: Level '/Game/DustStorm.DustStorm:PersistentLevel' has LevelScriptBlueprint '/Game/DustStorm.DustStorm:PersistentLevel.DustStorm' with GeneratedClass '/Game/DustStorm.DustStorm_C' with ClassGeneratedBy '/Game/DustStorm.DustStorm:PersistentLevel.DustStorm'
[2018.05.10-11.30.38:061][ 64]BlueprintLog: New page: Compile DustStorm
[2018.05.10-11.30.38:672][ 95]Cmd: OBJ SAVEPACKAGE PACKAGE="/Game/DustStorm" FILE="../../../../../../Users/Katie/Documents/VRSandstorm/darudeSandstorm 4.18/Content/DustStorm.umap" SILENT=true AUTOSAVING=false KEEPDIRTY=false
[2018.05.10-11.30.39:639][ 95]LogSavePackage: Save=937.74ms
[2018.05.10-11.30.39:640][ 95]LogSavePackage: Moving '../../../../../../Users/Katie/Documents/VRSandstorm/darudeSandstorm 4.18/Saved/DustStorm0DA3C26644F4C5260216E19E2DA3DB07.tmp' to '../../../../../../Users/Katie/Documents/VRSandstorm/darudeSandstorm 4.18/Content/DustStorm.umap'
[2018.05.10-11.30.39:651][ 95]LogSavePackage: Display: Finished SavePackage ../../../../../../Users/Katie/Documents/VRSandstorm/darudeSandstorm 4.18/Content/DustStorm.umap
[2018.05.10-11.30.39:696][ 95]LogFileHelpers: Saving map 'DustStorm' took 1.093
[2018.05.10-11.30.41:226][274]LogTemp: Repeating last play command: Selected Viewport
[2018.05.10-11.30.41:249][274]LogBlueprintUserMessages: Early PlayInEditor Detection: Level '/Game/DustStorm.DustStorm:PersistentLevel' has LevelScriptBlueprint '/Game/DustStorm.DustStorm:PersistentLevel.DustStorm' with GeneratedClass '/Game/DustStorm.DustStorm_C' with ClassGeneratedBy '/Game/DustStorm.DustStorm:PersistentLevel.DustStorm'
[2018.05.10-11.30.41:249][274]LogPlayLevel: PlayLevel: No blueprints needed recompiling
[2018.05.10-11.30.41:249][274]LogHMD: Initializing OVRPlugin session
[2018.05.10-11.30.41:273][274]PIE: New page: PIE session: DustStorm (May 10, 2018, 3:30:41 AM)
[2018.05.10-11.30.41:273][274]LogPlayLevel: Creating play world package: /Game/UEDPIE_0_DustStorm
[2018.05.10-11.30.41:299][274]LogPlayLevel: PIE: StaticDuplicateObject took: (0.025670s)
[2018.05.10-11.30.41:300][274]LogAIModule: Creating AISystem for world DustStorm
[2018.05.10-11.30.41:300][274]LogPlayLevel: PIE: World Init took: (0.000753s)
[2018.05.10-11.30.41:300][274]LogPlayLevel: PIE: Created PIE world by copying editor world from /Game/DustStorm.DustStorm to /Game/UEDPIE_0_DustStorm.DustStorm (0.026722s)
[2018.05.10-11.30.41:325][274]LogInit: XAudio2 using 'Speakers / Headphones (Realtek High Definition Audio)' : 2 channels at 48 kHz using 32 bits per sample (channel mask 0x3)
[2018.05.10-11.30.41:336][274]LogInit: FAudioDevice initialized.
[2018.05.10-11.30.41:363][274]LogLoad: Game class is 'GameModeBase'
[2018.05.10-11.30.41:369][274]LogWorld: Bringing World /Game/UEDPIE_0_DustStorm.DustStorm up for play (max tick rate 0) at 2018.05.10-07.30.41
[2018.05.10-11.30.41:369][274]LogWorld: Bringing up level for play took: 0.005163
[2018.05.10-11.30.41:570][274]PIE: Play in editor start time for /Game/UEDPIE_0_DustStorm 0.576
[2018.05.10-11.30.41:571][274]LogBlueprintUserMessages: Late PlayInEditor Detection: Level '/Game/DustStorm.DustStorm:PersistentLevel' has LevelScriptBlueprint '/Game/DustStorm.DustStorm:PersistentLevel.DustStorm' with GeneratedClass '/Game/DustStorm.DustStorm_C' with ClassGeneratedBy '/Game/DustStorm.DustStorm:PersistentLevel.DustStorm'
[2018.05.10-11.31.31:597][468]LogBlueprintUserMessages: Early EndPlayMap Detection: Level '/Game/DustStorm.DustStorm:PersistentLevel' has LevelScriptBlueprint '/Game/DustStorm.DustStorm:PersistentLevel.DustStorm' with GeneratedClass '/Game/DustStorm.DustStorm_C' with ClassGeneratedBy '/Game/DustStorm.DustStorm:PersistentLevel.DustStorm'
[2018.05.10-11.31.31:700][468]LogBlueprintUserMessages: Late EndPlayMap Detection: Level '/Game/DustStorm.DustStorm:PersistentLevel' has LevelScriptBlueprint '/Game/DustStorm.DustStorm:PersistentLevel.DustStorm' with GeneratedClass '/Game/DustStorm.DustStorm_C' with ClassGeneratedBy '/Game/DustStorm.DustStorm:PersistentLevel.DustStorm'
[2018.05.10-11.33.18:638][450]BlueprintLog: New page: Compile DustStorm
[2018.05.10-11.33.19:306][490]Cmd: OBJ SAVEPACKAGE PACKAGE="/Game/DustStorm" FILE="../../../../../../Users/Katie/Documents/VRSandstorm/darudeSandstorm 4.18/Content/DustStorm.umap" SILENT=true AUTOSAVING=false KEEPDIRTY=false
[2018.05.10-11.33.20:229][490]LogSavePackage: Save=887.97ms
[2018.05.10-11.33.20:229][490]LogSavePackage: Moving '../../../../../../Users/Katie/Documents/VRSandstorm/darudeSandstorm 4.18/Saved/DustStorm6EE7DCAA40FDD7E3CA275B9DBEF64841.tmp' to '../../../../../../Users/Katie/Documents/VRSandstorm/darudeSandstorm 4.18/Content/DustStorm.umap'
[2018.05.10-11.33.20:234][490]LogSavePackage: Display: Finished SavePackage ../../../../../../Users/Katie/Documents/VRSandstorm/darudeSandstorm 4.18/Content/DustStorm.umap
[2018.05.10-11.33.20:279][490]LogFileHelpers: Saving map 'DustStorm' took 1.043
[2018.05.10-11.33.21:740][661]LogTemp: Repeating last play command: Selected Viewport
[2018.05.10-11.33.21:764][661]LogBlueprintUserMessages: Early PlayInEditor Detection: Level '/Game/DustStorm.DustStorm:PersistentLevel' has LevelScriptBlueprint '/Game/DustStorm.DustStorm:PersistentLevel.DustStorm' with GeneratedClass '/Game/DustStorm.DustStorm_C' with ClassGeneratedBy '/Game/DustStorm.DustStorm:PersistentLevel.DustStorm'
[2018.05.10-11.33.21:765][661]LogPlayLevel: PlayLevel: No blueprints needed recompiling
[2018.05.10-11.33.21:765][661]LogHMD: Initializing OVRPlugin session
[2018.05.10-11.33.21:789][661]PIE: New page: PIE session: DustStorm (May 10, 2018, 3:33:21 AM)
[2018.05.10-11.33.21:789][661]LogPlayLevel: Creating play world package: /Game/UEDPIE_0_DustStorm
[2018.05.10-11.33.21:815][661]LogPlayLevel: PIE: StaticDuplicateObject took: (0.025850s)
[2018.05.10-11.33.21:816][661]LogAIModule: Creating AISystem for world DustStorm
[2018.05.10-11.33.21:816][661]LogPlayLevel: PIE: World Init took: (0.000743s)
[2018.05.10-11.33.21:816][661]LogPlayLevel: PIE: Created PIE world by copying editor world from /Game/DustStorm.DustStorm to /Game/UEDPIE_0_DustStorm.DustStorm (0.026916s)
[2018.05.10-11.33.21:841][661]LogInit: XAudio2 using 'Speakers / Headphones (Realtek High Definition Audio)' : 2 channels at 48 kHz using 32 bits per sample (channel mask 0x3)
[2018.05.10-11.33.21:854][661]LogInit: FAudioDevice initialized.
[2018.05.10-11.33.21:885][661]LogLoad: Game class is 'GameModeBase'
[2018.05.10-11.33.21:891][661]LogWorld: Bringing World /Game/UEDPIE_0_DustStorm.DustStorm up for play (max tick rate 0) at 2018.05.10-07.33.21
[2018.05.10-11.33.21:891][661]LogWorld: Bringing up level for play took: 0.005013
[2018.05.10-11.33.22:091][661]PIE: Play in editor start time for /Game/UEDPIE_0_DustStorm 1.096
[2018.05.10-11.33.22:092][661]LogBlueprintUserMessages: Late PlayInEditor Detection: Level '/Game/DustStorm.DustStorm:PersistentLevel' has LevelScriptBlueprint '/Game/DustStorm.DustStorm:PersistentLevel.DustStorm' with GeneratedClass '/Game/DustStorm.DustStorm_C' with ClassGeneratedBy '/Game/DustStorm.DustStorm:PersistentLevel.DustStorm'
[2018.05.10-11.34.02:062][724]LogBlueprintUserMessages: Early EndPlayMap Detection: Level '/Game/DustStorm.DustStorm:PersistentLevel' has LevelScriptBlueprint '/Game/DustStorm.DustStorm:PersistentLevel.DustStorm' with GeneratedClass '/Game/DustStorm.DustStorm_C' with ClassGeneratedBy '/Game/DustStorm.DustStorm:PersistentLevel.DustStorm'
[2018.05.10-11.34.02:156][724]LogBlueprintUserMessages: Late EndPlayMap Detection: Level '/Game/DustStorm.DustStorm:PersistentLevel' has LevelScriptBlueprint '/Game/DustStorm.DustStorm:PersistentLevel.DustStorm' with GeneratedClass '/Game/DustStorm.DustStorm_C' with ClassGeneratedBy '/Game/DustStorm.DustStorm:PersistentLevel.DustStorm'
[2018.05.10-11.34.16:720][397]BlueprintLog: New page: Compile DustStorm
[2018.05.10-11.34.38:103][769]BlueprintLog: New page: Compile DustStorm
[2018.05.10-11.34.38:581][785]Cmd: OBJ SAVEPACKAGE PACKAGE="/Game/DustStorm" FILE="../../../../../../Users/Katie/Documents/VRSandstorm/darudeSandstorm 4.18/Content/DustStorm.umap" SILENT=true AUTOSAVING=false KEEPDIRTY=false
[2018.05.10-11.34.39:501][785]LogSavePackage: Save=895.20ms
[2018.05.10-11.34.39:501][785]LogSavePackage: Moving '../../../../../../Users/Katie/Documents/VRSandstorm/darudeSandstorm 4.18/Saved/DustStormFE186817458D19F31ECB06A8A4318EBD.tmp' to '../../../../../../Users/Katie/Documents/VRSandstorm/darudeSandstorm 4.18/Content/DustStorm.umap'
[2018.05.10-11.34.39:505][785]LogSavePackage: Display: Finished SavePackage ../../../../../../Users/Katie/Documents/VRSandstorm/darudeSandstorm 4.18/Content/DustStorm.umap
[2018.05.10-11.34.39:542][785]LogFileHelpers: Saving map 'DustStorm' took 1.036
[2018.05.10-11.34.41:208][962]LogTemp: Repeating last play command: Selected Viewport
[2018.05.10-11.34.41:230][962]LogBlueprintUserMessages: Early PlayInEditor Detection: Level '/Game/DustStorm.DustStorm:PersistentLevel' has LevelScriptBlueprint '/Game/DustStorm.DustStorm:PersistentLevel.DustStorm' with GeneratedClass '/Game/DustStorm.DustStorm_C' with ClassGeneratedBy '/Game/DustStorm.DustStorm:PersistentLevel.DustStorm'
[2018.05.10-11.34.41:231][962]LogPlayLevel: PlayLevel: No blueprints needed recompiling
[2018.05.10-11.34.41:231][962]LogHMD: Initializing OVRPlugin session
[2018.05.10-11.34.41:254][962]PIE: New page: PIE session: DustStorm (May 10, 2018, 3:34:41 AM)
[2018.05.10-11.34.41:254][962]LogPlayLevel: Creating play world package: /Game/UEDPIE_0_DustStorm
[2018.05.10-11.34.41:280][962]LogPlayLevel: PIE: StaticDuplicateObject took: (0.026377s)
[2018.05.10-11.34.41:281][962]LogAIModule: Creating AISystem for world DustStorm
[2018.05.10-11.34.41:281][962]LogPlayLevel: PIE: World Init took: (0.000787s)
[2018.05.10-11.34.41:281][962]LogPlayLevel: PIE: Created PIE world by copying editor world from /Game/DustStorm.DustStorm to /Game/UEDPIE_0_DustStorm.DustStorm (0.027490s)
[2018.05.10-11.34.41:305][962]LogInit: XAudio2 using 'Speakers / Headphones (Realtek High Definition Audio)' : 2 channels at 48 kHz using 32 bits per sample (channel mask 0x3)
[2018.05.10-11.34.41:316][962]LogInit: FAudioDevice initialized.
[2018.05.10-11.34.41:349][962]LogLoad: Game class is 'GameModeBase'
[2018.05.10-11.34.41:355][962]LogWorld: Bringing World /Game/UEDPIE_0_DustStorm.DustStorm up for play (max tick rate 0) at 2018.05.10-07.34.41
[2018.05.10-11.34.41:355][962]LogWorld: Bringing up level for play took: 0.005303
[2018.05.10-11.34.41:552][962]PIE: Play in editor start time for /Game/UEDPIE_0_DustStorm 0.557
[2018.05.10-11.34.41:552][962]LogBlueprintUserMessages: Late PlayInEditor Detection: Level '/Game/DustStorm.DustStorm:PersistentLevel' has LevelScriptBlueprint '/Game/DustStorm.DustStorm:PersistentLevel.DustStorm' with GeneratedClass '/Game/DustStorm.DustStorm_C' with ClassGeneratedBy '/Game/DustStorm.DustStorm:PersistentLevel.DustStorm'
[2018.05.10-11.35.33:007][549]LogEditorViewport: Clicking on Actor (LMB): lowSmoke_C (lowSmoke2)
[2018.05.10-11.35.33:182][552]LogBlueprintUserMessages: Early EndPlayMap Detection: Level '/Game/DustStorm.DustStorm:PersistentLevel' has LevelScriptBlueprint '/Game/DustStorm.DustStorm:PersistentLevel.DustStorm' with GeneratedClass '/Game/DustStorm.DustStorm_C' with ClassGeneratedBy '/Game/DustStorm.DustStorm:PersistentLevel.DustStorm'
[2018.05.10-11.35.33:246][552]LogBlueprintUserMessages: Late EndPlayMap Detection: Level '/Game/DustStorm.DustStorm:PersistentLevel' has LevelScriptBlueprint '/Game/DustStorm.DustStorm:PersistentLevel.DustStorm' with GeneratedClass '/Game/DustStorm.DustStorm_C' with ClassGeneratedBy '/Game/DustStorm.DustStorm:PersistentLevel.DustStorm'
[2018.05.10-11.36.48:179][669]BlueprintLog: New page: Compile DustStorm
[2018.05.10-11.36.48:932][717]Cmd: OBJ SAVEPACKAGE PACKAGE="/Game/DustStorm" FILE="../../../../../../Users/Katie/Documents/VRSandstorm/darudeSandstorm 4.18/Content/DustStorm.umap" SILENT=true AUTOSAVING=false KEEPDIRTY=false
[2018.05.10-11.36.49:861][717]LogSavePackage: Save=899.05ms
[2018.05.10-11.36.49:861][717]LogSavePackage: Moving '../../../../../../Users/Katie/Documents/VRSandstorm/darudeSandstorm 4.18/Saved/DustStorm69C1EBA94228632F34B738BC392A5370.tmp' to '../../../../../../Users/Katie/Documents/VRSandstorm/darudeSandstorm 4.18/Content/DustStorm.umap'
[2018.05.10-11.36.49:865][717]LogSavePackage: Display: Finished SavePackage ../../../../../../Users/Katie/Documents/VRSandstorm/darudeSandstorm 4.18/Content/DustStorm.umap
[2018.05.10-11.36.49:909][717]LogFileHelpers: Saving map 'DustStorm' took 1.046
[2018.05.10-11.36.53:844][ 34]BlueprintLog: New page: Compile DustStorm
[2018.05.10-11.36.56:059][199]LogTemp: Repeating last play command: Selected Viewport
[2018.05.10-11.36.56:081][199]LogBlueprintUserMessages: Early PlayInEditor Detection: Level '/Game/DustStorm.DustStorm:PersistentLevel' has LevelScriptBlueprint '/Game/DustStorm.DustStorm:PersistentLevel.DustStorm' with GeneratedClass '/Game/DustStorm.DustStorm_C' with ClassGeneratedBy '/Game/DustStorm.DustStorm:PersistentLevel.DustStorm'
[2018.05.10-11.36.56:081][199]LogPlayLevel: PlayLevel: No blueprints needed recompiling
[2018.05.10-11.36.56:081][199]PIE: New page: PIE session: DustStorm (May 10, 2018, 3:36:56 AM)
[2018.05.10-11.36.56:081][199]LogPlayLevel: Creating play world package: /Game/UEDPIE_0_DustStorm
[2018.05.10-11.36.56:111][199]LogPlayLevel: PIE: StaticDuplicateObject took: (0.030170s)
[2018.05.10-11.36.56:112][199]LogAIModule: Creating AISystem for world DustStorm
[2018.05.10-11.36.56:112][199]LogPlayLevel: PIE: World Init took: (0.000672s)
[2018.05.10-11.36.56:112][199]LogPlayLevel: PIE: Created PIE world by copying editor world from /Game/DustStorm.DustStorm to /Game/UEDPIE_0_DustStorm.DustStorm (0.031104s)
[2018.05.10-11.36.56:136][199]LogInit: XAudio2 using 'Speakers / Headphones (Realtek High Definition Audio)' : 2 channels at 48 kHz using 32 bits per sample (channel mask 0x3)
[2018.05.10-11.36.56:147][199]LogInit: FAudioDevice initialized.
[2018.05.10-11.36.56:176][199]LogLoad: Game class is 'GameModeBase'
[2018.05.10-11.36.56:182][199]LogWorld: Bringing World /Game/UEDPIE_0_DustStorm.DustStorm up for play (max tick rate 0) at 2018.05.10-07.36.56
[2018.05.10-11.36.56:182][199]LogWorld: Bringing up level for play took: 0.005398
[2018.05.10-11.36.56:380][199]PIE: Play in editor start time for /Game/UEDPIE_0_DustStorm -0.615
[2018.05.10-11.36.56:380][199]LogBlueprintUserMessages: Late PlayInEditor Detection: Level '/Game/DustStorm.DustStorm:PersistentLevel' has LevelScriptBlueprint '/Game/DustStorm.DustStorm:PersistentLevel.DustStorm' with GeneratedClass '/Game/DustStorm.DustStorm_C' with ClassGeneratedBy '/Game/DustStorm.DustStorm:PersistentLevel.DustStorm'
[2018.05.10-11.37.41:797][610]LogBlueprintUserMessages: Early EndPlayMap Detection: Level '/Game/DustStorm.DustStorm:PersistentLevel' has LevelScriptBlueprint '/Game/DustStorm.DustStorm:PersistentLevel.DustStorm' with GeneratedClass '/Game/DustStorm.DustStorm_C' with ClassGeneratedBy '/Game/DustStorm.DustStorm:PersistentLevel.DustStorm'
[2018.05.10-11.37.43:327][610]LogBlueprintUserMessages: Late EndPlayMap Detection: Level '/Game/DustStorm.DustStorm:PersistentLevel' has LevelScriptBlueprint '/Game/DustStorm.DustStorm:PersistentLevel.DustStorm' with GeneratedClass '/Game/DustStorm.DustStorm_C' with ClassGeneratedBy '/Game/DustStorm.DustStorm:PersistentLevel.DustStorm'
[2018.05.10-11.37.46:243][771]Cmd: OBJ SAVEPACKAGE PACKAGE="/Game/DustStorm" FILE="../../../../../../Users/Katie/Documents/VRSandstorm/darudeSandstorm 4.18/Content/DustStorm.umap" SILENT=true AUTOSAVING=false KEEPDIRTY=false
[2018.05.10-11.37.47:173][771]LogSavePackage: Save=903.32ms
[2018.05.10-11.37.47:173][771]LogSavePackage: Moving '../../../../../../Users/Katie/Documents/VRSandstorm/darudeSandstorm 4.18/Saved/DustStorm9E9C7F6149F046C4812D16BA2E3D15D9.tmp' to '../../../../../../Users/Katie/Documents/VRSandstorm/darudeSandstorm 4.18/Content/DustStorm.umap'
[2018.05.10-11.37.47:178][771]LogSavePackage: Display: Finished SavePackage ../../../../../../Users/Katie/Documents/VRSandstorm/darudeSandstorm 4.18/Content/DustStorm.umap
[2018.05.10-11.37.47:219][771]LogFileHelpers: Saving map 'DustStorm' took 1.051
[2018.05.10-11.38.04:898][793]BlueprintLog: New page: Compile DustStorm
[2018.05.10-11.38.05:636][839]Cmd: OBJ SAVEPACKAGE PACKAGE="/Game/DustStorm" FILE="../../../../../../Users/Katie/Documents/VRSandstorm/darudeSandstorm 4.18/Content/DustStorm.umap" SILENT=true AUTOSAVING=false KEEPDIRTY=false
[2018.05.10-11.38.06:576][839]LogSavePackage: Save=915.67ms
[2018.05.10-11.38.06:576][839]LogSavePackage: Moving '../../../../../../Users/Katie/Documents/VRSandstorm/darudeSandstorm 4.18/Saved/DustStorm4F48EFB64B444C7F96374BBFAAB0C1DC.tmp' to '../../../../../../Users/Katie/Documents/VRSandstorm/darudeSandstorm 4.18/Content/DustStorm.umap'
[2018.05.10-11.38.06:580][839]LogSavePackage: Display: Finished SavePackage ../../../../../../Users/Katie/Documents/VRSandstorm/darudeSandstorm 4.18/Content/DustStorm.umap
[2018.05.10-11.38.06:615][839]LogFileHelpers: Saving map 'DustStorm' took 1.050
[2018.05.10-11.38.07:879][988]LogTemp: Repeating last play command: Selected Viewport
[2018.05.10-11.38.07:899][988]LogBlueprintUserMessages: Early PlayInEditor Detection: Level '/Game/DustStorm.DustStorm:PersistentLevel' has LevelScriptBlueprint '/Game/DustStorm.DustStorm:PersistentLevel.DustStorm' with GeneratedClass '/Game/DustStorm.DustStorm_C' with ClassGeneratedBy '/Game/DustStorm.DustStorm:PersistentLevel.DustStorm'
[2018.05.10-11.38.07:900][988]LogPlayLevel: PlayLevel: No blueprints needed recompiling
[2018.05.10-11.38.07:900][988]LogHMD: Initializing OVRPlugin session
[2018.05.10-11.38.07:958][988]PIE: New page: PIE session: DustStorm (May 10, 2018, 3:38:07 AM)
[2018.05.10-11.38.07:958][988]LogPlayLevel: Creating play world package: /Game/UEDPIE_0_DustStorm
[2018.05.10-11.38.07:983][988]LogPlayLevel: PIE: StaticDuplicateObject took: (0.025380s)
[2018.05.10-11.38.07:984][988]LogAIModule: Creating AISystem for world DustStorm
[2018.05.10-11.38.07:984][988]LogPlayLevel: PIE: World Init took: (0.000629s)
[2018.05.10-11.38.07:984][988]LogPlayLevel: PIE: Created PIE world by copying editor world from /Game/DustStorm.DustStorm to /Game/UEDPIE_0_DustStorm.DustStorm (0.026283s)
[2018.05.10-11.38.08:010][988]LogInit: XAudio2 using 'Speakers / Headphones (Realtek High Definition Audio)' : 2 channels at 48 kHz using 32 bits per sample (channel mask 0x3)
[2018.05.10-11.38.08:021][988]LogInit: FAudioDevice initialized.
[2018.05.10-11.38.08:055][988]LogLoad: Game class is 'GameModeBase'
[2018.05.10-11.38.08:060][988]LogWorld: Bringing World /Game/UEDPIE_0_DustStorm.DustStorm up for play (max tick rate 0) at 2018.05.10-07.38.08
[2018.05.10-11.38.08:061][988]LogWorld: Bringing up level for play took: 0.004944
[2018.05.10-11.38.08:260][988]PIE: Play in editor start time for /Game/UEDPIE_0_DustStorm 1.264
[2018.05.10-11.38.08:260][988]LogBlueprintUserMessages: Late PlayInEditor Detection: Level '/Game/DustStorm.DustStorm:PersistentLevel' has LevelScriptBlueprint '/Game/DustStorm.DustStorm:PersistentLevel.DustStorm' with GeneratedClass '/Game/DustStorm.DustStorm_C' with ClassGeneratedBy '/Game/DustStorm.DustStorm:PersistentLevel.DustStorm'
[2018.05.10-11.38.57:018][420]LogBlueprintUserMessages: Early EndPlayMap Detection: Level '/Game/DustStorm.DustStorm:PersistentLevel' has LevelScriptBlueprint '/Game/DustStorm.DustStorm:PersistentLevel.DustStorm' with GeneratedClass '/Game/DustStorm.DustStorm_C' with ClassGeneratedBy '/Game/DustStorm.DustStorm:PersistentLevel.DustStorm'
[2018.05.10-11.38.57:127][420]LogBlueprintUserMessages: Late EndPlayMap Detection: Level '/Game/DustStorm.DustStorm:PersistentLevel' has LevelScriptBlueprint '/Game/DustStorm.DustStorm:PersistentLevel.DustStorm' with GeneratedClass '/Game/DustStorm.DustStorm_C' with ClassGeneratedBy '/Game/DustStorm.DustStorm:PersistentLevel.DustStorm'
[2018.05.10-11.39.48:591][450]BlueprintLog: New page: Compile DustStorm
[2018.05.10-11.39.49:436][510]Cmd: OBJ SAVEPACKAGE PACKAGE="/Game/DustStorm" FILE="../../../../../../Users/Katie/Documents/VRSandstorm/darudeSandstorm 4.18/Content/DustStorm.umap" SILENT=true AUTOSAVING=false KEEPDIRTY=false
[2018.05.10-11.39.50:375][510]LogSavePackage: Save=903.68ms
[2018.05.10-11.39.50:375][510]LogSavePackage: Moving '../../../../../../Users/Katie/Documents/VRSandstorm/darudeSandstorm 4.18/Saved/DustStorm8719337649308500AA45E9A336228F00.tmp' to '../../../../../../Users/Katie/Documents/VRSandstorm/darudeSandstorm 4.18/Content/DustStorm.umap'
[2018.05.10-11.39.50:379][510]LogSavePackage: Display: Finished SavePackage ../../../../../../Users/Katie/Documents/VRSandstorm/darudeSandstorm 4.18/Content/DustStorm.umap
[2018.05.10-11.39.50:421][510]LogFileHelpers: Saving map 'DustStorm' took 1.056
[2018.05.10-11.39.51:682][644]LogTemp: Repeating last play command: Selected Viewport
[2018.05.10-11.39.51:702][644]LogBlueprintUserMessages: Early PlayInEditor Detection: Level '/Game/DustStorm.DustStorm:PersistentLevel' has LevelScriptBlueprint '/Game/DustStorm.DustStorm:PersistentLevel.DustStorm' with GeneratedClass '/Game/DustStorm.DustStorm_C' with ClassGeneratedBy '/Game/DustStorm.DustStorm:PersistentLevel.DustStorm'
[2018.05.10-11.39.51:702][644]LogPlayLevel: PlayLevel: No blueprints needed recompiling
[2018.05.10-11.39.51:702][644]LogHMD: Initializing OVRPlugin session
[2018.05.10-11.39.51:723][644]PIE: New page: PIE session: DustStorm (May 10, 2018, 3:39:51 AM)
[2018.05.10-11.39.51:723][644]LogPlayLevel: Creating play world package: /Game/UEDPIE_0_DustStorm
[2018.05.10-11.39.51:749][644]LogPlayLevel: PIE: StaticDuplicateObject took: (0.025643s)
[2018.05.10-11.39.51:750][644]LogAIModule: Creating AISystem for world DustStorm
[2018.05.10-11.39.51:750][644]LogPlayLevel: PIE: World Init took: (0.000769s)
[2018.05.10-11.39.51:750][644]LogPlayLevel: PIE: Created PIE world by copying editor world from /Game/DustStorm.DustStorm to /Game/UEDPIE_0_DustStorm.DustStorm (0.026670s)
[2018.05.10-11.39.51:774][644]LogInit: XAudio2 using 'Speakers / Headphones (Realtek High Definition Audio)' : 2 channels at 48 kHz using 32 bits per sample (channel mask 0x3)
[2018.05.10-11.39.51:785][644]LogInit: FAudioDevice initialized.
[2018.05.10-11.39.51:812][644]LogLoad: Game class is 'GameModeBase'
[2018.05.10-11.39.51:818][644]LogWorld: Bringing World /Game/UEDPIE_0_DustStorm.DustStorm up for play (max tick rate 0) at 2018.05.10-07.39.51
[2018.05.10-11.39.51:818][644]LogWorld: Bringing up level for play took: 0.005456
[2018.05.10-11.39.52:020][644]PIE: Play in editor start time for /Game/UEDPIE_0_DustStorm 1.025
[2018.05.10-11.39.52:020][644]LogBlueprintUserMessages: Late PlayInEditor Detection: Level '/Game/DustStorm.DustStorm:PersistentLevel' has LevelScriptBlueprint '/Game/DustStorm.DustStorm:PersistentLevel.DustStorm' with GeneratedClass '/Game/DustStorm.DustStorm_C' with ClassGeneratedBy '/Game/DustStorm.DustStorm:PersistentLevel.DustStorm'
[2018.05.10-11.40.42:646][215]Cmd: SELECT NONE
[2018.05.10-11.40.51:850][679]LogEditorViewport: Clicking on Actor (LMB): lowSmoke_C (lowSmoke2)
[2018.05.10-11.40.52:486][704]LogBlueprintUserMessages: Early EndPlayMap Detection: Level '/Game/DustStorm.DustStorm:PersistentLevel' has LevelScriptBlueprint '/Game/DustStorm.DustStorm:PersistentLevel.DustStorm' with GeneratedClass '/Game/DustStorm.DustStorm_C' with ClassGeneratedBy '/Game/DustStorm.DustStorm:PersistentLevel.DustStorm'
[2018.05.10-11.40.52:571][704]LogBlueprintUserMessages: Late EndPlayMap Detection: Level '/Game/DustStorm.DustStorm:PersistentLevel' has LevelScriptBlueprint '/Game/DustStorm.DustStorm:PersistentLevel.DustStorm' with GeneratedClass '/Game/DustStorm.DustStorm_C' with ClassGeneratedBy '/Game/DustStorm.DustStorm:PersistentLevel.DustStorm'
[2018.05.10-11.41.59:601][279]BlueprintLog: New page: Compile DustStorm
[2018.05.10-11.42.00:346][309]Cmd: OBJ SAVEPACKAGE PACKAGE="/Game/DustStorm" FILE="../../../../../../Users/Katie/Documents/VRSandstorm/darudeSandstorm 4.18/Content/DustStorm.umap" SILENT=true AUTOSAVING=false KEEPDIRTY=false
[2018.05.10-11.42.01:280][309]LogSavePackage: Save=909.83ms
[2018.05.10-11.42.01:280][309]LogSavePackage: Moving '../../../../../../Users/Katie/Documents/VRSandstorm/darudeSandstorm 4.18/Saved/DustStorm095362BD4B41FD54886E028CCD2F5C1C.tmp' to '../../../../../../Users/Katie/Documents/VRSandstorm/darudeSandstorm 4.18/Content/DustStorm.umap'
[2018.05.10-11.42.01:284][309]LogSavePackage: Display: Finished SavePackage ../../../../../../Users/Katie/Documents/VRSandstorm/darudeSandstorm 4.18/Content/DustStorm.umap
[2018.05.10-11.42.01:328][309]LogFileHelpers: Saving map 'DustStorm' took 1.058
[2018.05.10-11.42.02:893][459]LogTemp: Repeating last play command: Selected Viewport
[2018.05.10-11.42.02:915][459]LogBlueprintUserMessages: Early PlayInEditor Detection: Level '/Game/DustStorm.DustStorm:PersistentLevel' has LevelScriptBlueprint '/Game/DustStorm.DustStorm:PersistentLevel.DustStorm' with GeneratedClass '/Game/DustStorm.DustStorm_C' with ClassGeneratedBy '/Game/DustStorm.DustStorm:PersistentLevel.DustStorm'
[2018.05.10-11.42.02:916][459]LogPlayLevel: PlayLevel: No blueprints needed recompiling
[2018.05.10-11.42.02:916][459]PIE: New page: PIE session: DustStorm (May 10, 2018, 3:42:02 AM)
[2018.05.10-11.42.02:916][459]LogPlayLevel: Creating play world package: /Game/UEDPIE_0_DustStorm
[2018.05.10-11.42.02:942][459]LogPlayLevel: PIE: StaticDuplicateObject took: (0.026429s)
[2018.05.10-11.42.02:943][459]LogAIModule: Creating AISystem for world DustStorm
[2018.05.10-11.42.02:943][459]LogPlayLevel: PIE: World Init took: (0.000620s)
[2018.05.10-11.42.02:943][459]LogPlayLevel: PIE: Created PIE world by copying editor world from /Game/DustStorm.DustStorm to /Game/UEDPIE_0_DustStorm.DustStorm (0.027308s)
[2018.05.10-11.42.02:969][459]LogInit: XAudio2 using 'Speakers / Headphones (Realtek High Definition Audio)' : 2 channels at 48 kHz using 32 bits per sample (channel mask 0x3)
[2018.05.10-11.42.02:981][459]LogInit: FAudioDevice initialized.
[2018.05.10-11.42.03:009][459]LogLoad: Game class is 'GameModeBase'
[2018.05.10-11.42.03:015][459]LogWorld: Bringing World /Game/UEDPIE_0_DustStorm.DustStorm up for play (max tick rate 0) at 2018.05.10-07.42.03
[2018.05.10-11.42.03:015][459]LogWorld: Bringing up level for play took: 0.005303
[2018.05.10-11.42.03:225][459]PIE: Play in editor start time for /Game/UEDPIE_0_DustStorm 0.23
[2018.05.10-11.42.03:225][459]LogBlueprintUserMessages: Late PlayInEditor Detection: Level '/Game/DustStorm.DustStorm:PersistentLevel' has LevelScriptBlueprint '/Game/DustStorm.DustStorm:PersistentLevel.DustStorm' with GeneratedClass '/Game/DustStorm.DustStorm_C' with ClassGeneratedBy '/Game/DustStorm.DustStorm:PersistentLevel.DustStorm'
[2018.05.10-11.43.02:854][378]Cmd: SELECT NONE
[2018.05.10-11.43.04:354][436]LogEditorViewport: Clicking on Actor (LMB): lowSmoke_C (lowSmoke2)
[2018.05.10-11.43.04:509][438]LogBlueprintUserMessages: Early EndPlayMap Detection: Level '/Game/DustStorm.DustStorm:PersistentLevel' has LevelScriptBlueprint '/Game/DustStorm.DustStorm:PersistentLevel.DustStorm' with GeneratedClass '/Game/DustStorm.DustStorm_C' with ClassGeneratedBy '/Game/DustStorm.DustStorm:PersistentLevel.DustStorm'
[2018.05.10-11.43.04:576][438]LogBlueprintUserMessages: Late EndPlayMap Detection: Level '/Game/DustStorm.DustStorm:PersistentLevel' has LevelScriptBlueprint '/Game/DustStorm.DustStorm:PersistentLevel.DustStorm' with GeneratedClass '/Game/DustStorm.DustStorm_C' with ClassGeneratedBy '/Game/DustStorm.DustStorm:PersistentLevel.DustStorm'
[2018.05.10-11.43.15:066][371]BlueprintLog: New page: Compile DustStorm
[2018.05.10-11.43.15:816][402]Cmd: OBJ SAVEPACKAGE PACKAGE="/Game/DustStorm" FILE="../../../../../../Users/Katie/Documents/VRSandstorm/darudeSandstorm 4.18/Content/DustStorm.umap" SILENT=true AUTOSAVING=false KEEPDIRTY=false
[2018.05.10-11.43.16:758][402]LogSavePackage: Save=913.37ms
[2018.05.10-11.43.16:758][402]LogSavePackage: Moving '../../../../../../Users/Katie/Documents/VRSandstorm/darudeSandstorm 4.18/Saved/DustStormC5DED75149408BAD62273AA97365DD4C.tmp' to '../../../../../../Users/Katie/Documents/VRSandstorm/darudeSandstorm 4.18/Content/DustStorm.umap'
[2018.05.10-11.43.16:762][402]LogSavePackage: Display: Finished SavePackage ../../../../../../Users/Katie/Documents/VRSandstorm/darudeSandstorm 4.18/Content/DustStorm.umap
[2018.05.10-11.43.16:806][402]LogFileHelpers: Saving map 'DustStorm' took 1.063
[2018.05.10-11.43.18:403][570]LogTemp: Repeating last play command: Selected Viewport
[2018.05.10-11.43.18:423][570]LogBlueprintUserMessages: Early PlayInEditor Detection: Level '/Game/DustStorm.DustStorm:PersistentLevel' has LevelScriptBlueprint '/Game/DustStorm.DustStorm:PersistentLevel.DustStorm' with GeneratedClass '/Game/DustStorm.DustStorm_C' with ClassGeneratedBy '/Game/DustStorm.DustStorm:PersistentLevel.DustStorm'
[2018.05.10-11.43.18:423][570]LogPlayLevel: PlayLevel: No blueprints needed recompiling
[2018.05.10-11.43.18:424][570]PIE: New page: PIE session: DustStorm (May 10, 2018, 3:43:18 AM)
[2018.05.10-11.43.18:424][570]LogPlayLevel: Creating play world package: /Game/UEDPIE_0_DustStorm
[2018.05.10-11.43.18:455][570]LogPlayLevel: PIE: StaticDuplicateObject took: (0.031386s)
[2018.05.10-11.43.18:456][570]LogAIModule: Creating AISystem for world DustStorm
[2018.05.10-11.43.18:456][570]LogPlayLevel: PIE: World Init took: (0.000803s)
[2018.05.10-11.43.18:456][570]LogPlayLevel: PIE: Created PIE world by copying editor world from /Game/DustStorm.DustStorm to /Game/UEDPIE_0_DustStorm.DustStorm (0.032549s)
[2018.05.10-11.43.18:480][570]LogInit: XAudio2 using 'Speakers / Headphones (Realtek High Definition Audio)' : 2 channels at 48 kHz using 32 bits per sample (channel mask 0x3)
[2018.05.10-11.43.18:491][570]LogInit: FAudioDevice initialized.
[2018.05.10-11.43.18:522][570]LogLoad: Game class is 'GameModeBase'
[2018.05.10-11.43.18:528][570]LogWorld: Bringing World /Game/UEDPIE_0_DustStorm.DustStorm up for play (max tick rate 0) at 2018.05.10-07.43.18
[2018.05.10-11.43.18:529][570]LogWorld: Bringing up level for play took: 0.005515
[2018.05.10-11.43.18:730][570]PIE: Play in editor start time for /Game/UEDPIE_0_DustStorm -0.265
[2018.05.10-11.43.18:731][570]LogBlueprintUserMessages: Late PlayInEditor Detection: Level '/Game/DustStorm.DustStorm:PersistentLevel' has LevelScriptBlueprint '/Game/DustStorm.DustStorm:PersistentLevel.DustStorm' with GeneratedClass '/Game/DustStorm.DustStorm_C' with ClassGeneratedBy '/Game/DustStorm.DustStorm:PersistentLevel.DustStorm'
[2018.05.10-11.44.14:195][933]LogBlueprintUserMessages: Early EndPlayMap Detection: Level '/Game/DustStorm.DustStorm:PersistentLevel' has LevelScriptBlueprint '/Game/DustStorm.DustStorm:PersistentLevel.DustStorm' with GeneratedClass '/Game/DustStorm.DustStorm_C' with ClassGeneratedBy '/Game/DustStorm.DustStorm:PersistentLevel.DustStorm'
[2018.05.10-11.44.16:042][933]LogBlueprintUserMessages: Late EndPlayMap Detection: Level '/Game/DustStorm.DustStorm:PersistentLevel' has LevelScriptBlueprint '/Game/DustStorm.DustStorm:PersistentLevel.DustStorm' with GeneratedClass '/Game/DustStorm.DustStorm_C' with ClassGeneratedBy '/Game/DustStorm.DustStorm:PersistentLevel.DustStorm'
[2018.05.10-11.50.15:816][691]BlueprintLog: New page: Compile DustStorm
[2018.05.10-11.50.16:485][717]Cmd: OBJ SAVEPACKAGE PACKAGE="/Game/DustStorm" FILE="../../../../../../Users/Katie/Documents/VRSandstorm/darudeSandstorm 4.18/Content/DustStorm.umap" SILENT=true AUTOSAVING=false KEEPDIRTY=false
[2018.05.10-11.50.17:416][717]LogSavePackage: Save=895.29ms
[2018.05.10-11.50.17:416][717]LogSavePackage: Moving '../../../../../../Users/Katie/Documents/VRSandstorm/darudeSandstorm 4.18/Saved/DustStormD0DD02334CAA56F28DE535A49E06FF1C.tmp' to '../../../../../../Users/Katie/Documents/VRSandstorm/darudeSandstorm 4.18/Content/DustStorm.umap'
[2018.05.10-11.50.17:420][717]LogSavePackage: Display: Finished SavePackage ../../../../../../Users/Katie/Documents/VRSandstorm/darudeSandstorm 4.18/Content/DustStorm.umap
[2018.05.10-11.50.17:465][717]LogFileHelpers: Saving map 'DustStorm' took 1.049
