Log file open, 04/22/18 00:26:01
LogWindows: Failed to load 'aqProf.dll' (GetLastError=126)
LogWindows: File 'aqProf.dll' does not exist
LogWindows: Failed to load 'VtuneApi.dll' (GetLastError=126)
LogWindows: File 'VtuneApi.dll' does not exist
LogWindows: Failed to load 'VtuneApi32e.dll' (GetLastError=126)
LogWindows: File 'VtuneApi32e.dll' does not exist
LogInit: Display: Running engine for game: darudeSandstorm
LogPlatformFile: Not using cached read wrapper
LogInit: Display: RandInit(1828791535) SRandInit(1828791535).
LogInit: Read version file with build ID '3709383'
LogInit: Overriding engine version to CL 3832480, compatible CL 3709383
LogInit: Registered custom module enumerator with build ID '3709383'
LogTaskGraph: Started task graph with 5 named threads and 14 total threads with 3 sets of task threads.
LogStats: Stats thread started at 0.186882
LogD3D11RHI: Aftermath initialized
LogPluginManager: Mounting plugin Paper2D
LogPluginManager: Mounting plugin LightPropagationVolume
LogPluginManager: Mounting plugin CodeLiteSourceCodeAccess
LogPluginManager: Mounting plugin GitSourceControl
LogPluginManager: Mounting plugin KDevelopSourceCodeAccess
LogPluginManager: Mounting plugin NullSourceCodeAccess
LogPluginManager: Mounting plugin PerforceSourceControl
LogPluginManager: Mounting plugin SubversionSourceControl
LogPluginManager: Mounting plugin UObjectPlugin
LogPluginManager: Mounting plugin VisualStudioCodeSourceCodeAccess
LogPluginManager: Mounting plugin VisualStudioSourceCodeAccess
LogPluginManager: Mounting plugin XCodeSourceCodeAccess
LogPluginManager: Mounting plugin AssetManagerEditor
LogPluginManager: Mounting plugin AudioCapture
LogPluginManager: Mounting plugin FacialAnimation
LogPluginManager: Mounting plugin GameplayTagsEditor
LogPluginManager: Mounting plugin MobileLauncherProfileWizard
LogPluginManager: Mounting plugin PluginBrowser
LogPluginManager: Mounting plugin SpeedTreeImporter
LogPluginManager: Mounting plugin AlembicImporter
LogPluginManager: Mounting plugin CharacterAI
LogPluginManager: Mounting plugin HTML5Networking
LogPluginManager: Mounting plugin AndroidMedia
LogPluginManager: Mounting plugin AvfMedia
LogPluginManager: Mounting plugin ImgMedia
LogPluginManager: Mounting plugin MediaCompositing
LogPluginManager: Mounting plugin MediaPlayerEditor
LogPluginManager: Mounting plugin WmfMedia
LogPluginManager: Mounting plugin TcpMessaging
LogPluginManager: Mounting plugin UdpMessaging
LogPluginManager: Mounting plugin ActorSequence
LogPluginManager: Mounting plugin LevelSequenceEditor
LogPluginManager: Mounting plugin MatineeToLevelSequence
LogPluginManager: Mounting plugin OnlineSubsystemGooglePlay
LogPluginManager: Mounting plugin OnlineSubsystemIOS
LogPluginManager: Mounting plugin OnlineSubsystem
LogPluginManager: Mounting plugin OnlineSubsystemNull
LogPluginManager: Mounting plugin OnlineSubsystemUtils
LogPluginManager: Mounting plugin AndroidDeviceProfileSelector
LogPluginManager: Mounting plugin AndroidMoviePlayer
LogPluginManager: Mounting plugin AndroidPermission
LogPluginManager: Mounting plugin AppleARKit
LogPluginManager: Mounting plugin AppleMoviePlayer
LogPluginManager: Mounting plugin ArchVisCharacter
LogPluginManager: Mounting plugin CableComponent
LogPluginManager: Mounting plugin CustomMeshComponent
LogPluginManager: Mounting plugin ExampleDeviceProfileSelector
LogPluginManager: Mounting plugin GoogleCloudMessaging
LogPluginManager: Mounting plugin HoudiniEngine
LogPluginManager: Mounting plugin ImmediatePhysics
LogPluginManager: Mounting plugin IOSDeviceProfileSelector
LogPluginManager: Mounting plugin LinuxDeviceProfileSelector
LogPluginManager: Mounting plugin LocationServicesBPLibrary
LogPluginManager: Mounting plugin MobilePatchingUtils
LogPluginManager: Mounting plugin OculusVR
LogPluginManager: Plugin shader directory ../../../Engine/Plugins/Runtime/Oculus/OculusVR/Shaders found
LogPluginManager: Mapping shader source directory ../../../Engine/Plugins/Runtime/Oculus/OculusVR/Shaders to virtual directory /Plugin/OculusVR
LogPluginManager: Mounting plugin PhysXVehicles
LogPluginManager: Mounting plugin ProceduralMeshComponent
LogPluginManager: Mounting plugin RuntimePhysXCooking
LogPluginManager: Mounting plugin SteamVR
LogPluginManager: Mounting plugin WindowsMoviePlayer
LogModuleManager: Display: Found up-to-date module file ../../../../../../Users/Katie/Documents/VRSandstorm/darudeSandstorm 4.18/Binaries/Win64/UE4Editor-darudeSandstorm.dll (API version 3709383).
LogModuleManager: Display: Found up-to-date module file ../../../Engine/Plugins/2D/Paper2D/Binaries/Win64/UE4Editor-Paper2D.dll (API version 3709383).
LogModuleManager: Display: Found up-to-date module file ../../../Engine/Plugins/2D/Paper2D/Binaries/Win64/UE4Editor-Paper2DEditor.dll (API version 3709383).
LogModuleManager: Display: Found up-to-date module file ../../../Engine/Plugins/2D/Paper2D/Binaries/Win64/UE4Editor-PaperSpriteSheetImporter.dll (API version 3709383).
LogModuleManager: Display: Found up-to-date module file ../../../Engine/Plugins/2D/Paper2D/Binaries/Win64/UE4Editor-PaperTiledImporter.dll (API version 3709383).
LogModuleManager: Display: Found up-to-date module file ../../../Engine/Plugins/2D/Paper2D/Binaries/Win64/UE4Editor-SmartSnapping.dll (API version 3709383).
LogModuleManager: Display: Found up-to-date module file ../../../Engine/Plugins/Blendables/LightPropagationVolume/Binaries/Win64/UE4Editor-LightPropagationVolumeRuntime.dll (API version 3709383).
LogModuleManager: Display: Found up-to-date module file ../../../Engine/Plugins/Blendables/LightPropagationVolume/Binaries/Win64/UE4Editor-LightPropagationVolumeEditor.dll (API version 3709383).
LogModuleManager: Display: Found up-to-date module file ../../../Engine/Plugins/Developer/GitSourceControl/Binaries/Win64/UE4Editor-GitSourceControl.dll (API version 3709383).
LogModuleManager: Display: Found up-to-date module file ../../../Engine/Plugins/Developer/PerforceSourceControl/Binaries/Win64/UE4Editor-PerforceSourceControl.dll (API version 3709383).
LogModuleManager: Display: Found up-to-date module file ../../../Engine/Plugins/Developer/SubversionSourceControl/Binaries/Win64/UE4Editor-SubversionSourceControl.dll (API version 3709383).
LogModuleManager: Display: Found up-to-date module file ../../../Engine/Plugins/Developer/UObjectPlugin/Binaries/Win64/UE4Editor-UObjectPlugin.dll (API version 3709383).
LogModuleManager: Display: Found up-to-date module file ../../../Engine/Plugins/Developer/VisualStudioCodeSourceCodeAccess/Binaries/Win64/UE4Editor-VisualStudioCodeSourceCodeAccess.dll (API version 3709383).
LogModuleManager: Display: Found up-to-date module file ../../../Engine/Plugins/Developer/VisualStudioSourceCodeAccess/Binaries/Win64/UE4Editor-VisualStudioSourceCodeAccess.dll (API version 3709383).
LogModuleManager: Display: Found up-to-date module file ../../../Engine/Plugins/Editor/AssetManagerEditor/Binaries/Win64/UE4Editor-AssetManagerEditor.dll (API version 3709383).
LogModuleManager: Display: Found up-to-date module file ../../../Engine/Plugins/Editor/AudioCapture/Binaries/Win64/UE4Editor-AudioCapture.dll (API version 3709383).
LogModuleManager: Display: Found up-to-date module file ../../../Engine/Plugins/Editor/FacialAnimation/Binaries/Win64/UE4Editor-FacialAnimation.dll (API version 3709383).
LogModuleManager: Display: Found up-to-date module file ../../../Engine/Plugins/Editor/FacialAnimation/Binaries/Win64/UE4Editor-FacialAnimationEditor.dll (API version 3709383).
LogModuleManager: Display: Found up-to-date module file ../../../Engine/Plugins/Editor/GameplayTagsEditor/Binaries/Win64/UE4Editor-GameplayTagsEditor.dll (API version 3709383).
LogModuleManager: Display: Found up-to-date module file ../../../Engine/Plugins/Editor/MobileLauncherProfileWizard/Binaries/Win64/UE4Editor-MobileLauncherProfileWizard.dll (API version 3709383).
LogModuleManager: Display: Found up-to-date module file ../../../Engine/Plugins/Editor/PluginBrowser/Binaries/Win64/UE4Editor-PluginBrowser.dll (API version 3709383).
LogModuleManager: Display: Found up-to-date module file ../../../Engine/Plugins/Editor/SpeedTreeImporter/Binaries/Win64/UE4Editor-SpeedTreeImporter.dll (API version 3709383).
LogModuleManager: Display: Found up-to-date module file ../../../Engine/Plugins/Experimental/AlembicImporter/Binaries/Win64/UE4Editor-AlembicImporter.dll (API version 3709383).
LogModuleManager: Display: Found up-to-date module file ../../../Engine/Plugins/Experimental/AlembicImporter/Binaries/Win64/UE4Editor-AlembicLibrary.dll (API version 3709383).
LogModuleManager: Display: Found up-to-date module file ../../../Engine/Plugins/Experimental/CharacterAI/Binaries/Win64/UE4Editor-CharacterAI.dll (API version 3709383).
LogModuleManager: Display: Found up-to-date module file ../../../Engine/Plugins/Experimental/HTML5Networking/Binaries/Win64/UE4Editor-HTML5Networking.dll (API version 3709383).
LogModuleManager: Display: Found up-to-date module file ../../../Engine/Plugins/Media/AndroidMedia/Binaries/Win64/UE4Editor-AndroidMediaEditor.dll (API version 3709383).
LogModuleManager: Display: Found up-to-date module file ../../../Engine/Plugins/Media/AndroidMedia/Binaries/Win64/UE4Editor-AndroidMediaFactory.dll (API version 3709383).
LogModuleManager: Display: Found up-to-date module file ../../../Engine/Plugins/Media/AvfMedia/Binaries/Win64/UE4Editor-AvfMediaEditor.dll (API version 3709383).
LogModuleManager: Display: Found up-to-date module file ../../../Engine/Plugins/Media/AvfMedia/Binaries/Win64/UE4Editor-AvfMediaFactory.dll (API version 3709383).
LogModuleManager: Display: Found up-to-date module file ../../../Engine/Plugins/Media/AvfMedia/Binaries/Win64/UE4Editor-AvfMediaFactory.dll (API version 3709383).
LogModuleManager: Display: Found up-to-date module file ../../../Engine/Plugins/Media/ImgMedia/Binaries/Win64/UE4Editor-ImgMedia.dll (API version 3709383).
LogModuleManager: Display: Found up-to-date module file ../../../Engine/Plugins/Media/ImgMedia/Binaries/Win64/UE4Editor-ImgMediaEditor.dll (API version 3709383).
LogModuleManager: Display: Found up-to-date module file ../../../Engine/Plugins/Media/ImgMedia/Binaries/Win64/UE4Editor-ImgMediaFactory.dll (API version 3709383).
LogModuleManager: Display: Found up-to-date module file ../../../Engine/Plugins/Media/ImgMedia/Binaries/Win64/UE4Editor-ImgMediaFactory.dll (API version 3709383).
LogModuleManager: Display: Found up-to-date module file ../../../Engine/Plugins/Media/ImgMedia/Binaries/Win64/UE4Editor-OpenExrWrapper.dll (API version 3709383).
LogModuleManager: Display: Found up-to-date module file ../../../Engine/Plugins/Media/MediaCompositing/Binaries/Win64/UE4Editor-MediaCompositing.dll (API version 3709383).
LogModuleManager: Display: Found up-to-date module file ../../../Engine/Plugins/Media/MediaCompositing/Binaries/Win64/UE4Editor-MediaCompositingEditor.dll (API version 3709383).
LogModuleManager: Display: Found up-to-date module file ../../../Engine/Plugins/Media/MediaPlayerEditor/Binaries/Win64/UE4Editor-MediaPlayerEditor.dll (API version 3709383).
LogModuleManager: Display: Found up-to-date module file ../../../Engine/Plugins/Media/WmfMedia/Binaries/Win64/UE4Editor-WmfMedia.dll (API version 3709383).
LogModuleManager: Display: Found up-to-date module file ../../../Engine/Plugins/Media/WmfMedia/Binaries/Win64/UE4Editor-WmfMediaEditor.dll (API version 3709383).
LogModuleManager: Display: Found up-to-date module file ../../../Engine/Plugins/Media/WmfMedia/Binaries/Win64/UE4Editor-WmfMediaFactory.dll (API version 3709383).
LogModuleManager: Display: Found up-to-date module file ../../../Engine/Plugins/Media/WmfMedia/Binaries/Win64/UE4Editor-WmfMediaFactory.dll (API version 3709383).
LogModuleManager: Display: Found up-to-date module file ../../../Engine/Plugins/Messaging/TcpMessaging/Binaries/Win64/UE4Editor-TcpMessaging.dll (API version 3709383).
LogModuleManager: Display: Found up-to-date module file ../../../Engine/Plugins/Messaging/UdpMessaging/Binaries/Win64/UE4Editor-UdpMessaging.dll (API version 3709383).
LogModuleManager: Display: Found up-to-date module file ../../../Engine/Plugins/MovieScene/ActorSequence/Binaries/Win64/UE4Editor-ActorSequence.dll (API version 3709383).
LogModuleManager: Display: Found up-to-date module file ../../../Engine/Plugins/MovieScene/LevelSequenceEditor/Binaries/Win64/UE4Editor-LevelSequenceEditor.dll (API version 3709383).
LogModuleManager: Display: Found up-to-date module file ../../../Engine/Plugins/MovieScene/MatineeToLevelSequence/Binaries/Win64/UE4Editor-MatineeToLevelSequence.dll (API version 3709383).
LogModuleManager: Display: Found up-to-date module file ../../../Engine/Plugins/Online/OnlineSubsystem/Binaries/Win64/UE4Editor-OnlineSubsystem.dll (API version 3709383).
LogModuleManager: Display: Found up-to-date module file ../../../Engine/Plugins/Online/OnlineSubsystemNull/Binaries/Win64/UE4Editor-OnlineSubsystemNull.dll (API version 3709383).
LogModuleManager: Display: Found up-to-date module file ../../../Engine/Plugins/Online/OnlineSubsystemUtils/Binaries/Win64/UE4Editor-OnlineSubsystemUtils.dll (API version 3709383).
LogModuleManager: Display: Found up-to-date module file ../../../Engine/Plugins/Online/OnlineSubsystemUtils/Binaries/Win64/UE4Editor-OnlineBlueprintSupport.dll (API version 3709383).
LogModuleManager: Display: Found up-to-date module file ../../../Engine/Plugins/Runtime/AndroidDeviceProfileSelector/Binaries/Win64/UE4Editor-AndroidDeviceProfileSelector.dll (API version 3709383).
LogModuleManager: Display: Found up-to-date module file ../../../Engine/Plugins/Runtime/AndroidPermission/Binaries/Win64/UE4Editor-AndroidPermission.dll (API version 3709383).
LogModuleManager: Display: Found up-to-date module file ../../../Engine/Plugins/Runtime/AppleARKit/Binaries/Win64/UE4Editor-AppleARKit.dll (API version 3709383).
LogModuleManager: Display: Found up-to-date module file ../../../Engine/Plugins/Runtime/ArchVisCharacter/Binaries/Win64/UE4Editor-ArchVisCharacter.dll (API version 3709383).
LogModuleManager: Display: Found up-to-date module file ../../../Engine/Plugins/Runtime/CableComponent/Binaries/Win64/UE4Editor-CableComponent.dll (API version 3709383).
LogModuleManager: Display: Found up-to-date module file ../../../Engine/Plugins/Runtime/CustomMeshComponent/Binaries/Win64/UE4Editor-CustomMeshComponent.dll (API version 3709383).
LogModuleManager: Display: Found up-to-date module file ../../../Engine/Plugins/Runtime/ExampleDeviceProfileSelector/Binaries/Win64/UE4Editor-ExampleDeviceProfileSelector.dll (API version 3709383).
LogModuleManager: Display: Found up-to-date module file ../../../Engine/Plugins/Runtime/HoudiniEngine/Binaries/Win64/UE4Editor-HoudiniEngineRuntime.dll (API version 3709383).
LogModuleManager: Display: Found up-to-date module file ../../../Engine/Plugins/Runtime/HoudiniEngine/Binaries/Win64/UE4Editor-HoudiniEngineEditor.dll (API version 3709383).
LogModuleManager: Display: Found up-to-date module file ../../../Engine/Plugins/Runtime/ImmediatePhysics/Binaries/Win64/UE4Editor-ImmediatePhysics.dll (API version 3709383).
LogModuleManager: Display: Found up-to-date module file ../../../Engine/Plugins/Runtime/ImmediatePhysics/Binaries/Win64/UE4Editor-ImmediatePhysicsEditor.dll (API version 3709383).
LogModuleManager: Display: Found up-to-date module file ../../../Engine/Plugins/Runtime/LocationServicesBPLibrary/Binaries/Win64/UE4Editor-LocationServicesBPLibrary.dll (API version 3709383).
LogModuleManager: Display: Found up-to-date module file ../../../Engine/Plugins/Runtime/MobilePatchingUtils/Binaries/Win64/UE4Editor-MobilePatchingUtils.dll (API version 3709383).
LogModuleManager: Display: Found up-to-date module file ../../../Engine/Plugins/Runtime/Oculus/OculusVR/Binaries/Win64/UE4Editor-OculusHMD.dll (API version 3709383).
LogModuleManager: Display: Found up-to-date module file ../../../Engine/Plugins/Runtime/Oculus/OculusVR/Binaries/Win64/UE4Editor-OculusInput.dll (API version 3709383).
LogModuleManager: Display: Found up-to-date module file ../../../Engine/Plugins/Runtime/Oculus/OculusVR/Binaries/Win64/UE4Editor-OculusEditor.dll (API version 3709383).
LogModuleManager: Display: Found up-to-date module file ../../../Engine/Plugins/Runtime/PhysXVehicles/Binaries/Win64/UE4Editor-PhysXVehicles.dll (API version 3709383).
LogModuleManager: Display: Found up-to-date module file ../../../Engine/Plugins/Runtime/PhysXVehicles/Binaries/Win64/UE4Editor-PhysXVehiclesEditor.dll (API version 3709383).
LogModuleManager: Display: Found up-to-date module file ../../../Engine/Plugins/Runtime/ProceduralMeshComponent/Binaries/Win64/UE4Editor-ProceduralMeshComponent.dll (API version 3709383).
LogModuleManager: Display: Found up-to-date module file ../../../Engine/Plugins/Runtime/ProceduralMeshComponent/Binaries/Win64/UE4Editor-ProceduralMeshComponentEditor.dll (API version 3709383).
LogModuleManager: Display: Found up-to-date module file ../../../Engine/Plugins/Runtime/RuntimePhysXCooking/Binaries/Win64/UE4Editor-RuntimePhysXCooking.dll (API version 3709383).
LogModuleManager: Display: Found up-to-date module file ../../../Engine/Plugins/Runtime/Steam/SteamVR/Binaries/Win64/UE4Editor-SteamVR.dll (API version 3709383).
LogModuleManager: Display: Found up-to-date module file ../../../Engine/Plugins/Runtime/Steam/SteamVR/Binaries/Win64/UE4Editor-SteamVRController.dll (API version 3709383).
LogModuleManager: Display: Found up-to-date module file ../../../Engine/Plugins/Runtime/WindowsMoviePlayer/Binaries/Win64/UE4Editor-WindowsMoviePlayer.dll (API version 3709383).
LogInit: Using libcurl 7.47.1
LogInit:  - built for x86_64-pc-win32
LogInit:  - supports SSL with OpenSSL/1.0.2g
LogInit:  - supports HTTP deflate (compression) using libz 1.2.8
LogInit:  - other features:
LogInit:      CURL_VERSION_SSL
LogInit:      CURL_VERSION_LIBZ
LogInit:      CURL_VERSION_IPV6
LogInit:      CURL_VERSION_ASYNCHDNS
LogInit:      CURL_VERSION_LARGEFILE
LogInit:      CURL_VERSION_IDN
LogInit:  CurlRequestOptions (configurable via config and command line):
LogInit:  - bVerifyPeer = false  - Libcurl will NOT verify peer certificate
LogInit:  - bUseHttpProxy = false  - Libcurl will NOT use HTTP proxy
LogInit:  - bDontReuseConnections = false  - Libcurl will reuse connections
LogInit:  - CertBundlePath = nullptr  - Libcurl will use whatever was configured at build time.
LogInit: Build: ++UE4+Release-4.18-CL-3832480
LogInit: Engine Version: 4.18.3-3832480+++UE4+Release-4.18
LogInit: Compatible Engine Version: 4.18.0-3709383+++UE4+Release-4.18
LogInit: Net CL: 3709383
LogDevObjectVersion: Number of dev versions registered: 16
LogDevObjectVersion:   Dev-Blueprints (B0D832E4-1F89-4F0D-ACCF-7EB736FD4AA2): 10
LogDevObjectVersion:   Dev-Build (E1C64328-A22C-4D53-A36C-8E866417BD8C): 0
LogDevObjectVersion:   Dev-Core (375EC13C-06E4-48FB-B500-84F0262A717E): 2
LogDevObjectVersion:   Dev-Editor (E4B068ED-F494-42E9-A231-DA0B2E46BB41): 20
LogDevObjectVersion:   Dev-Framework (CFFC743F-43B0-4480-9391-14DF171D2073): 30
LogDevObjectVersion:   Dev-Mobile (B02B49B5-BB20-44E9-A304-32B752E40360): 0
LogDevObjectVersion:   Dev-Networking (A4E4105C-59A1-49B5-A7C5-40C4547EDFEE): 0
LogDevObjectVersion:   Dev-Online (39C831C9-5AE6-47DC-9A44-9C173E1C8E7C): 0
LogDevObjectVersion:   Dev-Physics (78F01B33-EBEA-4F98-B9B4-84EACCB95AA2): 0
LogDevObjectVersion:   Dev-Platform (6631380F-2D4D-43E0-8009-CF276956A95A): 0
LogDevObjectVersion:   Dev-Rendering (12F88B9F-8875-4AFC-A67C-D90C383ABD29): 20
LogDevObjectVersion:   Dev-Sequencer (7B5AE74C-D270-4C10-A958-57980B212A5A): 4
LogDevObjectVersion:   Dev-VR (D7296918-1DD6-4BDD-9DE2-64A83CC13884): 0
LogDevObjectVersion:   Dev-LoadTimes (C2A15278-BFE7-4AFE-6C17-90FF531DF755): 1
LogDevObjectVersion:   Private-Geometry (6EACA3D4-40EC-4CC1-B786-8BED09428FC5): 1
LogDevObjectVersion:   Dev-AnimPhys (29E575DD-E0A3-4627-9D10-D276232CDCEA): 12
LogInit: Compiled (64-bit): Jan 12 2018 02:04:55
LogInit: Compiled with Visual C++: 19.00.24215.01
LogInit: Build Configuration: Development
LogInit: Branch Name: ++UE4+Release-4.18
LogInit: Command line:  
LogInit: Base directory: C:/Program Files/Epic Games/UE_4.18/Engine/Binaries/Win64/
LogInit: Installed Engine Build: 1
LogInit: Presizing for max 8388607 objects, including 0 objects not considered by GC, pre-allocating 0 bytes for permanent pool.
LogInit: Object subsystem initialized
[2018.04.22-04.26.03:843][  0]LogInit: Selected Device Profile: [Windows]
[2018.04.22-04.26.03:843][  0]LogInit: Applying CVar settings loaded from the selected device profile: [Windows]
[2018.04.22-04.26.03:858][  0]LogInit: Computer: ALGONER
[2018.04.22-04.26.03:858][  0]LogInit: User: Katie
[2018.04.22-04.26.03:858][  0]LogInit: CPU Page size=4096, Cores=4
[2018.04.22-04.26.03:858][  0]LogInit: High frequency timer resolution =3.312789 MHz
[2018.04.22-04.26.03:859][  0]LogMemory: Memory total: Physical=16.0GB (16GB approx)
[2018.04.22-04.26.03:859][  0]LogMemory: Platform Memory Stats for Windows
[2018.04.22-04.26.03:859][  0]LogMemory: Process Physical Memory: 281.04 MB used, 281.04 MB peak
[2018.04.22-04.26.03:859][  0]LogMemory: Process Virtual Memory: 278.45 MB used, 278.45 MB peak
[2018.04.22-04.26.03:859][  0]LogMemory: Physical Memory: 7235.62 MB used,  9099.07 MB free, 16334.69 MB total
[2018.04.22-04.26.03:859][  0]LogMemory: Virtual Memory: 745.55 MB used,  9099.07 MB free, 134217728.00 MB total
[2018.04.22-04.26.04:057][  0]LogInit: Using OS detected language (en-US).
[2018.04.22-04.26.04:057][  0]LogInit: Using OS detected locale (en-US).
[2018.04.22-04.26.04:060][  0]LogTextLocalizationManager: No specific localization for 'en-US' exists, so the 'en' localization will be used.
[2018.04.22-04.26.04:483][  0]LogInit: Setting process to per monitor DPI aware
[2018.04.22-04.26.04:776][  0]LogD3D11RHI: D3D11 adapters:
[2018.04.22-04.26.04:815][  0]LogD3D11RHI:    0. 'NVIDIA GeForce GTX 1060 6GB' (Feature Level 11_0)
[2018.04.22-04.26.04:815][  0]LogD3D11RHI:       6052/0/8167 MB DedicatedVideo/DedicatedSystem/SharedSystem, Outputs:2, VendorId:0x10de
[2018.04.22-04.26.04:817][  0]LogD3D11RHI:    1. 'Microsoft Basic Render Driver' (Feature Level 11_0)
[2018.04.22-04.26.04:817][  0]LogD3D11RHI:       0/0/8167 MB DedicatedVideo/DedicatedSystem/SharedSystem, Outputs:0, VendorId:0x1414
[2018.04.22-04.26.04:817][  0]LogD3D11RHI: Chosen D3D11 Adapter: 0
[2018.04.22-04.26.04:823][  0]LogD3D11RHI: Creating new Direct3DDevice
[2018.04.22-04.26.04:823][  0]LogD3D11RHI:     GPU DeviceId: 0x1c03 (for the marketing name, search the web for "GPU Device Id")
[2018.04.22-04.26.04:823][  0]LogWindows: EnumDisplayDevices:
[2018.04.22-04.26.04:823][  0]LogWindows:    0. 'NVIDIA GeForce GTX 1060 6GB' (P:1 D:1)
[2018.04.22-04.26.04:824][  0]LogWindows:    1. 'NVIDIA GeForce GTX 1060 6GB' (P:0 D:1)
[2018.04.22-04.26.04:824][  0]LogWindows:    2. 'NVIDIA GeForce GTX 1060 6GB' (P:0 D:0)
[2018.04.22-04.26.04:824][  0]LogWindows:    3. 'NVIDIA GeForce GTX 1060 6GB' (P:0 D:0)
[2018.04.22-04.26.04:824][  0]LogWindows: DebugString: GetVideoDriverDetailsInvalid PrimaryIsNotTheChoosenAdapter GetVideoDriverDetailsInvalid PrimaryIsNotTheChoosenAdapter GetVideoDriverDetailsInvalid PrimaryIsNotTheChoosenAdapter GetVideoDriverDetailsInvalid PrimaryIsNotTheChoosenAdapter FoundDriverCount:0 
[2018.04.22-04.26.04:824][  0]LogD3D11RHI:     Adapter Name: NVIDIA GeForce GTX 1060 6GB
[2018.04.22-04.26.04:824][  0]LogD3D11RHI:   Driver Version: Unknown (internal:Unknown, unified:Unknown)
[2018.04.22-04.26.04:824][  0]LogD3D11RHI:      Driver Date: Unknown
[2018.04.22-04.26.04:824][  0]LogRHI: Texture pool is 4236 MB (70% of 6052 MB)
[2018.04.22-04.26.04:851][  0]LogD3D11RHI: Async texture creation enabled
[2018.04.22-04.26.04:868][  0]LogD3D11RHI: GPU Timing Frequency: 1000.000000 (Debug: 2 2)
[2018.04.22-04.26.04:925][  0]LogShaderCompilers: Guid format shader working directory is -27 characters bigger than the processId version (../../../../../../Users/Katie/Documents/VRSandstorm/darudeSandstorm 4.18/Intermediate/Shaders/WorkingDirectory/11780/).
[2018.04.22-04.26.04:925][  0]LogShaderCompilers: Cleaned the shader compiler working directory 'C:/Users/Katie/AppData/Local/Temp/UnrealShaderWorkingDir/E936D98C4C730F2FDA80A1A451366D49/'.
[2018.04.22-04.26.04:925][  0]LogShaderCompilers: Display: Using Local Shader Compiler.
[2018.04.22-04.26.05:992][  0]LogTemp: Display: Loaded TP AllDesktopTargetPlatform
[2018.04.22-04.26.06:059][  0]LogTemp: Display: Loaded TP MacClientTargetPlatform
[2018.04.22-04.26.06:126][  0]LogTemp: Display: Loaded TP MacNoEditorTargetPlatform
[2018.04.22-04.26.06:193][  0]LogTemp: Display: Loaded TP MacServerTargetPlatform
[2018.04.22-04.26.06:263][  0]LogTemp: Display: Loaded TP MacTargetPlatform
[2018.04.22-04.26.06:331][  0]LogTemp: Display: Loaded TP WindowsClientTargetPlatform
[2018.04.22-04.26.06:400][  0]LogTemp: Display: Loaded TP WindowsNoEditorTargetPlatform
[2018.04.22-04.26.06:466][  0]LogTemp: Display: Loaded TP WindowsServerTargetPlatform
[2018.04.22-04.26.06:526][  0]LogTemp: Display: Loaded TP WindowsTargetPlatform
[2018.04.22-04.26.06:591][  0]LogTemp: Display: Loaded TP Android_ASTCTargetPlatform
[2018.04.22-04.26.06:657][  0]LogTemp: Display: Loaded TP Android_ATCTargetPlatform
[2018.04.22-04.26.06:724][  0]LogTemp: Display: Loaded TP Android_DXTTargetPlatform
[2018.04.22-04.26.06:793][  0]LogTemp: Display: Loaded TP Android_ETC1TargetPlatform
[2018.04.22-04.26.06:860][  0]LogTemp: Display: Loaded TP Android_ETC2TargetPlatform
[2018.04.22-04.26.06:994][  0]LogTemp: Display: Loaded TP Android_MultiTargetPlatform
[2018.04.22-04.26.06:994][  0]LogTemp: Display: Loaded TP Android_PVRTCTargetPlatform
[2018.04.22-04.26.07:059][  0]LogTemp: Display: Loaded TP AndroidTargetPlatform
[2018.04.22-04.26.07:112][  0]LogTemp: Display: Loaded TP HTML5TargetPlatform
[2018.04.22-04.26.07:223][  0]LogTemp: Display: Loaded TP IOSTargetPlatform
[2018.04.22-04.26.07:263][  0]LogTemp: Display: Loaded TP TVOSTargetPlatform
[2018.04.22-04.26.07:330][  0]LogTemp: Display: Loaded TP LinuxClientTargetPlatform
[2018.04.22-04.26.07:395][  0]LogTemp: Display: Loaded TP LinuxNoEditorTargetPlatform
[2018.04.22-04.26.07:463][  0]LogTemp: Display: Loaded TP LinuxServerTargetPlatform
[2018.04.22-04.26.07:531][  0]LogTemp: Display: Loaded TP LinuxTargetPlatform
[2018.04.22-04.26.07:532][  0]LogTargetPlatformManager: Display: Building Assets For Windows
[2018.04.22-04.26.08:174][  0]LogDerivedDataCache: Display: Max Cache Size: 512 MB
[2018.04.22-04.26.08:244][  0]LogDerivedDataCache: Loaded boot cache 0.07s 78MB C:/Users/Katie/AppData/Local/UnrealEngine/4.18/DerivedDataCache/Boot.ddc.
[2018.04.22-04.26.08:244][  0]LogDerivedDataCache: Display: Loaded Boot cache: C:/Users/Katie/AppData/Local/UnrealEngine/4.18/DerivedDataCache/Boot.ddc
[2018.04.22-04.26.08:244][  0]LogDerivedDataCache: FDerivedDataBackendGraph:  Pak pak cache file ../../../../../../Users/Katie/Documents/VRSandstorm/darudeSandstorm 4.18/DerivedDataCache/DDC.ddp not found, will not use a pak cache.
[2018.04.22-04.26.08:244][  0]LogDerivedDataCache: Unable to find inner node Pak for hierarchical cache Hierarchy.
[2018.04.22-04.26.08:245][  0]LogDerivedDataCache: FDerivedDataBackendGraph:  CompressedPak pak cache file ../../../../../../Users/Katie/Documents/VRSandstorm/darudeSandstorm 4.18/DerivedDataCache/Compressed.ddp not found, will not use a pak cache.
[2018.04.22-04.26.08:245][  0]LogDerivedDataCache: Unable to find inner node CompressedPak for hierarchical cache Hierarchy.
[2018.04.22-04.26.08:260][  0]LogDerivedDataCache: Display: Pak cache opened for reading ../../../Engine/DerivedDataCache/Compressed.ddp.
[2018.04.22-04.26.08:272][  0]LogDerivedDataCache: Using Local data cache path C:/Users/Katie/AppData/Local/UnrealEngine/Common/DerivedDataCache: Writable
[2018.04.22-04.26.08:284][  0]LogMaterial: Verifying Global Shaders for PCD3D_SM5
[2018.04.22-04.26.08:284][  0]LogSlate: Using Freetype 2.6.0
[2018.04.22-04.26.08:285][  0]LogSlate: SlateFontCache - WITH_FREETYPE: 1, WITH_HARFBUZZ: 1
[2018.04.22-04.26.08:285][  0]LogSlate: SlateFontCache - WITH_FREETYPE: 1, WITH_HARFBUZZ: 1
[2018.04.22-04.26.08:729][  0]LogInit: Selected Device Profile: [Windows]
[2018.04.22-04.26.09:173][  0]LogSimplygon: Simplygon DLL not present - disabling.
[2018.04.22-04.26.09:232][  0]LogMeshReduction: Using SimplygonSwarm for distributed automatic mesh merging
[2018.04.22-04.26.09:232][  0]LogMeshReduction: Using QuadricMeshReduction for automatic static mesh reduction
[2018.04.22-04.26.09:232][  0]LogMeshReduction: No automatic skeletal mesh reduction module available
[2018.04.22-04.26.09:232][  0]LogMeshReduction: No automatic mesh merging module available
[2018.04.22-04.26.09:232][  0]LogMeshMerging: No automatic mesh merging module available
[2018.04.22-04.26.09:268][  0]LogNetVersion: darudeSandstorm , NetCL: 3709383, EngineNetVer: 2, GameNetVer: 0 (Checksum: 2244262674)
[2018.04.22-04.26.09:460][  0]LogAssetRegistry: FAssetRegistry took 0.0273 seconds to start up
[2018.04.22-04.26.10:046][  0]LogPackageLocalizationCache: Processed 8 localized package path(s) for 2 prioritized culture(s) in 0.084478 seconds
[2018.04.22-04.26.10:052][  0]LogUObjectArray: 35870 objects as part of root set at end of initial load.
[2018.04.22-04.26.10:052][  0]LogUObjectAllocator: 7363696 out of 0 bytes used by permanent object pool.
[2018.04.22-04.26.10:052][  0]LogUObjectArray: CloseDisregardForGC: 0/0 objects in disregard for GC pool
[2018.04.22-04.26.10:125][  0]LogInit: WinSock: version 1.1 (2.2), MaxSocks=32767, MaxUdp=65467
[2018.04.22-04.26.13:412][  0]LogTcpMessaging: Initializing TcpMessaging bridge
[2018.04.22-04.26.13:466][  0]LogUdpMessaging: Initializing bridge on interface 0.0.0.0:0 to multicast group 230.0.0.1:6666.
[2018.04.22-04.26.14:373][  0]LogMaterial: Uniform references updated for custom material expression Custom.
[2018.04.22-04.26.14:906][  0]SourceControl: Source control is disabled
[2018.04.22-04.26.14:907][  0]SourceControl: Source control is disabled
[2018.04.22-04.26.14:976][  0]SourceControl: Source control is disabled
[2018.04.22-04.26.15:045][  0]SourceControl: Source control is disabled
[2018.04.22-04.26.16:115][  0]LogAndroidPermission: UAndroidPermissionCallbackProxy::GetInstance
[2018.04.22-04.26.16:406][  0]LogHoudiniEngine: Starting the Houdini Engine module.
[2018.04.22-04.26.16:406][  0]LogHoudiniEngine: Loaded libHAPIL.dll from Registry path C:\Program Files\Side Effects Software\Houdini 16.5.378/bin
[2018.04.22-04.26.16:407][  0]LogLinker: Warning: Asset '../../../Engine/Plugins/Runtime/HoudiniEngine/Content/houdini_logo.uasset' has been saved with empty engine version. The asset will be loaded but may be incompatible.
[2018.04.22-04.26.16:410][  0]LogLinker: Warning: Asset '../../../Engine/Plugins/Runtime/HoudiniEngine/Content/houdini_default_material.uasset' has been saved with empty engine version. The asset will be loaded but may be incompatible.
[2018.04.22-04.26.16:415][  0]LogLinker: Warning: Asset '../../../Engine/Plugins/Runtime/HoudiniEngine/Content/houdini_bgeo_import.uasset' has been saved with empty engine version. The asset will be loaded but may be incompatible.
[2018.04.22-04.26.17:519][  0]LogHoudiniEngine: Successfully intialized the Houdini Engine API module.
[2018.04.22-04.26.17:692][  0]LogOcInput: OculusInput pre-init called
[2018.04.22-04.26.18:056][  0]LogEngine: Initializing Engine...
[2018.04.22-04.26.18:058][  0]LogHMD: Oculus plugin initialized. Version: 4.18.3-3832480+++UE4+Release-4.18, OVRPlugin: 1.19.0
[2018.04.22-04.26.18:267][  0]LogLinker: Warning: Can't find file '/Script/darudeSandstorm'
[2018.04.22-04.26.18:267][  0]LogLinker: Warning: Can't find file '/Script/darudeSandstorm'
[2018.04.22-04.26.18:267][  0]LogUObjectGlobals: Warning: Failed to find object 'Class /Script/darudeSandstorm.levelScript'
[2018.04.22-04.26.18:267][  0]LogEngine: Error: Failed to load '/Script/darudeSandstorm.levelScript', falling back to 'LevelScriptActor'
[2018.04.22-04.26.18:279][  0]LogStats: UGameplayTagsManager::ConstructGameplayTagTree: Construct from data asset -  0.000 s
[2018.04.22-04.26.18:279][  0]LogStats: UGameplayTagsManager::ConstructGameplayTagTree: GameplayTagTreeChangedEvent.Broadcast -  0.000 s
[2018.04.22-04.26.18:471][  0]LogAIModule: Creating AISystem for world Untitled
[2018.04.22-04.26.18:484][  0]LogInit: XAudio2 using 'Speakers / Headphones (Realtek High Definition Audio)' : 2 channels at 48 kHz using 32 bits per sample (channel mask 0x3)
[2018.04.22-04.26.18:500][  0]LogInit: FAudioDevice initialized.
[2018.04.22-04.26.18:614][  0]LogDerivedDataCache: Saved boot cache 0.11s 78MB C:/Users/Katie/AppData/Local/UnrealEngine/4.18/DerivedDataCache/Boot.ddc.
[2018.04.22-04.26.18:630][  0]LogInit: Texture streaming: Enabled
[2018.04.22-04.26.18:776][  0]LogEngineSessionManager: EngineSessionManager initialized
[2018.04.22-04.26.18:776][  0]LogEngineSessionManager: EngineSessionManager sent abnormal shutdown report. Type=AbnormalShutdown, SessionId={8A1070AB-4F18-CEBB-2BA9-4695A8B4FEF8}
[2018.04.22-04.26.18:964][  0]LogInit: Transaction tracking system initialized
[2018.04.22-04.26.19:416][  0]BlueprintLog: New page: Editor Load
[2018.04.22-04.26.20:700][  0]LocalizationService: Localization service is disabled
[2018.04.22-04.26.21:735][  0]LogConsoleResponse: Display: 
[2018.04.22-04.26.21:933][  0]LogCook: Display: Max memory allowance for cook 16384mb min free memory 0mb
[2018.04.22-04.26.21:933][  0]LogCook: Display: Mobile HDR setting 1
[2018.04.22-04.26.21:934][  0]LogGameplayTags: Display: UGameplayTagsManager::DoneAddingNativeTags. DelegateIsBound: 0
[2018.04.22-04.26.22:598][  0]LogFileCache: Scanning file cache for directory 'C:/Users/Katie/Documents/VRSandstorm/darudeSandstorm 4.18/Content/' took 0.01s
[2018.04.22-04.26.23:009][  0]LogHoudiniEngineEditor: Starting the Houdini Engine Editor module.
[2018.04.22-04.26.23:696][  0]SourceControl: Source control is disabled
[2018.04.22-04.26.23:696][  0]Cmd: MAP LOAD FILE="../../../../../../Users/Katie/Documents/VRSandstorm/darudeSandstorm 4.18/Content/StarterContent/Maps/Minimal_Default.umap" TEMPLATE=0 SHOWPROGRESS=1 FEATURELEVEL=3
[2018.04.22-04.26.23:697][  0]LightingResults: New page: Lighting Build
[2018.04.22-04.26.23:754][  0]MapCheck: New page: Map Check
[2018.04.22-04.26.23:754][  0]LightingResults: New page: Lighting Build
[2018.04.22-04.26.24:133][  0]LogAIModule: Creating AISystem for world Minimal_Default
[2018.04.22-04.26.24:141][  0]LogEditorServer: Finished looking for orphan Actors (0.000 secs)
[2018.04.22-04.26.24:151][  0]Cmd: MAP CHECKDEP NOCLEARLOG
[2018.04.22-04.26.24:219][  0]MapCheck: Map check complete: 0 Error(s), 0 Warning(s), took 67.474ms to complete.
[2018.04.22-04.26.24:219][  0]LogFileHelpers: Loading map 'Minimal_Default' took 0.523
[2018.04.22-04.26.24:382][  0]LogCollectionManager: Loaded 0 collections in 0.002607 seconds
[2018.04.22-04.26.24:483][  0]LogFileCache: Scanning file cache for directory 'C:/Users/Katie/Documents/VRSandstorm/darudeSandstorm 4.18/Saved/Collections/' took 0.01s
[2018.04.22-04.26.24:483][  0]LogFileCache: Scanning file cache for directory 'C:/Users/Katie/Documents/VRSandstorm/darudeSandstorm 4.18/Content/Developers/Katie/Collections/' took 0.01s
[2018.04.22-04.26.24:483][  0]LogFileCache: Scanning file cache for directory 'C:/Users/Katie/Documents/VRSandstorm/darudeSandstorm 4.18/Content/Collections/' took 0.01s
[2018.04.22-04.26.24:484][  0]LogCollectionManager: Rebuilt the GUID cache for 0 collections in 0.000001 seconds
[2018.04.22-04.26.24:498][  0]LogContentBrowser: Native class hierarchy populated in 0.0142 seconds. Added 2397 classes and 526 folders.
[2018.04.22-04.26.24:595][  0]LogContentBrowser: Native class hierarchy updated for 'WidgetCarousel' in 0.0006 seconds. Added 0 classes and 0 folders.
[2018.04.22-04.26.24:638][  0]LogContentBrowser: Native class hierarchy updated for 'AddContentDialog' in 0.0006 seconds. Added 0 classes and 0 folders.
[2018.04.22-04.26.24:701][  0]LogContentBrowser: Native class hierarchy updated for 'SceneOutliner' in 0.0008 seconds. Added 1 classes and 2 folders.
[2018.04.22-04.26.24:753][  0]LogSlate: Took 0.000257 seconds to synchronously load lazily loaded font '../../../Engine/Content/Slate/Fonts/Roboto-Regular.ttf' (155K)
[2018.04.22-04.26.24:756][  0]LogSlate: Took 0.000315 seconds to synchronously load lazily loaded font '../../../Engine/Content/Slate/Fonts/Roboto-Bold.ttf' (160K)
[2018.04.22-04.26.24:764][  0]LogSlate: Took 0.000250 seconds to synchronously load lazily loaded font '../../../Engine/Content/Editor/Slate/Fonts/FontAwesome.ttf' (139K)
[2018.04.22-04.26.24:881][  0]LogRenderer: Reallocating scene render targets to support 1208x576 Format 10 NumSamples 1 (Frame:1).
[2018.04.22-04.26.25:061][  0]LogContentBrowser: Native class hierarchy updated for 'HierarchicalLODOutliner' in 0.0010 seconds. Added 1 classes and 2 folders.
[2018.04.22-04.26.25:061][  0]LogLoad: (Engine Initialization) Total time: 24.43 seconds
[2018.04.22-04.26.25:061][  0]LogLoad: (Engine Initialization) Total Blueprint compile time: 0.00 seconds
[2018.04.22-04.26.25:061][  0]LogExternalProfiler: Found external profiler: VSPerf
[2018.04.22-04.26.25:061][  0]LogExternalProfiler: Using external profiler: VSPerf
[2018.04.22-04.26.25:071][  0]LogWindowsTextInputMethodSystem: Display: IME system now deactivated.
[2018.04.22-04.26.25:081][  0]LogOcInput: OculusInput is initialized
[2018.04.22-04.26.25:101][  0]LogContentStreaming: Texture pool size now 1000 MB
[2018.04.22-04.26.25:177][  1]LogAssetRegistry: Asset discovery search completed in 15.7384 seconds
[2018.04.22-04.26.25:179][  1]LogCollectionManager: Rebuilt the object cache for 0 collections in 0.000000 seconds (found 0 objects)
[2018.04.22-04.26.25:179][  1]LogCollectionManager: Fixed up redirectors for 0 collections in 0.000046 seconds (updated 0 objects)
[2018.04.22-04.26.29:167][467]LogSlate: Took 0.000146 seconds to synchronously load lazily loaded font '../../../Engine/Content/Slate/Fonts/Roboto-Light.ttf' (159K)
[2018.04.22-04.27.16:589][146]LogSlate: Took 0.000161 seconds to synchronously load lazily loaded font '../../../Engine/Content/Slate/Fonts/Roboto-Light.ttf' (159K)
[2018.04.22-04.27.16:715][146]LogAIModule: Creating AISystem for world Minimal_Default
[2018.04.22-04.27.16:730][146]Cmd: MAP LOAD FILE="../../../../../../Users/Katie/Documents/VRSandstorm/darudeSandstorm 4.18/Content/Minimal_Default.umap" TEMPLATE=0 SHOWPROGRESS=1 FEATURELEVEL=3
[2018.04.22-04.27.16:730][146]LightingResults: New page: Lighting Build
[2018.04.22-04.27.16:731][146]LoadErrors: New page: Loading map: Minimal_Default.umap
[2018.04.22-04.27.16:732][146]MapCheck: New page: Map Check
[2018.04.22-04.27.16:732][146]LightingResults: New page: Lighting Build
[2018.04.22-04.27.16:743][146]LogEditorServer: Finished looking for orphan Actors (0.000 secs)
[2018.04.22-04.27.16:782][146]Cmd: MAP CHECKDEP NOCLEARLOG
[2018.04.22-04.27.16:851][146]MapCheck: Map check complete: 0 Error(s), 0 Warning(s), took 68.51ms to complete.
[2018.04.22-04.27.16:851][146]LogFileHelpers: Loading map 'Minimal_Default' took 0.122
[2018.04.22-04.27.35:094][243]Cmd: OBJ SAVEPACKAGE PACKAGE="/Game/Sounds/windhowl" FILE="../../../../../../Users/Katie/Documents/VRSandstorm/darudeSandstorm 4.18/Content/Sounds/windhowl.uasset" SILENT=true
[2018.04.22-04.27.35:105][243]LogSavePackage: Save=8.62ms
[2018.04.22-04.27.35:105][243]LogSavePackage: Moving '../../../../../../Users/Katie/Documents/VRSandstorm/darudeSandstorm 4.18/Saved/windhowl25D2799F406495EADC1AEE860AF731F4.tmp' to '../../../../../../Users/Katie/Documents/VRSandstorm/darudeSandstorm 4.18/Content/Sounds/windhowl.uasset'
[2018.04.22-04.27.35:108][243]LogSavePackage: Display: Finished SavePackage ../../../../../../Users/Katie/Documents/VRSandstorm/darudeSandstorm 4.18/Content/Sounds/windhowl.uasset
[2018.04.22-04.27.35:111][243]Cmd: OBJ SAVEPACKAGE PACKAGE="/Game/windhowl" FILE="../../../../../../Users/Katie/Documents/VRSandstorm/darudeSandstorm 4.18/Content/windhowl.uasset" SILENT=true
[2018.04.22-04.27.35:128][243]LogSavePackage: Save=5.38ms
[2018.04.22-04.27.35:128][243]LogSavePackage: Moving '../../../../../../Users/Katie/Documents/VRSandstorm/darudeSandstorm 4.18/Saved/windhowlD21D44124C07F28075E618A97754FCA5.tmp' to '../../../../../../Users/Katie/Documents/VRSandstorm/darudeSandstorm 4.18/Content/windhowl.uasset'
[2018.04.22-04.27.35:132][243]LogSavePackage: Display: Finished SavePackage ../../../../../../Users/Katie/Documents/VRSandstorm/darudeSandstorm 4.18/Content/windhowl.uasset
[2018.04.22-04.28.01:855][ 93]LogSavePackage: Save=269.07ms
[2018.04.22-04.28.01:855][ 93]LogSavePackage: Moving '../../../../../../Users/Katie/Documents/VRSandstorm/darudeSandstorm 4.18/Saved/Minimal_DefaultC4E2343F40907AF950BCBBA058952195.tmp' to '../../../../../../Users/Katie/Documents/VRSandstorm/darudeSandstorm 4.18/Content/Minimal_Default.umap'
[2018.04.22-04.28.01:858][ 93]LogSavePackage: Display: Finished SavePackage ../../../../../../Users/Katie/Documents/VRSandstorm/darudeSandstorm 4.18/Content/Minimal_Default.umap
[2018.04.22-04.28.01:887][ 93]LogFileHelpers: Saving map 'Minimal_Default' took 0.388
[2018.04.22-04.28.02:706][178]LogWindowsTextInputMethodSystem: Display: IME system now deactivated.
[2018.04.22-04.28.02:886][179]Cmd: QUIT_EDITOR
[2018.04.22-04.28.02:918][179]LogExit: Preparing to exit.
[2018.04.22-04.28.03:521][179]LogDirectoryWatcher: A directory notification for 'C:/Users/Katie/Documents/VRSandstorm/darudeSandstorm 4.18/Content/' was aborted.
[2018.04.22-04.28.03:534][179]LogExit: Editor shut down
[2018.04.22-04.28.03:537][179]LogExit: Transaction tracking system shut down
[2018.04.22-04.28.03:698][179]LogDirectoryWatcher: A directory notification for '../../../Engine/Content/' was aborted.
[2018.04.22-04.28.03:698][179]LogDirectoryWatcher: A directory notification for '../../../../../../Users/Katie/Documents/VRSandstorm/darudeSandstorm 4.18/Content/' was aborted.
[2018.04.22-04.28.03:698][179]LogDirectoryWatcher: A directory notification for '../../../Engine/Plugins/2D/Paper2D/Content/' was aborted.
[2018.04.22-04.28.03:699][179]LogDirectoryWatcher: A directory notification for '../../../Engine/Plugins/Media/MediaCompositing/Content/' was aborted.
[2018.04.22-04.28.03:699][179]LogDirectoryWatcher: A directory notification for '../../../Engine/Plugins/Runtime/AppleARKit/Content/' was aborted.
[2018.04.22-04.28.03:699][179]LogDirectoryWatcher: A directory notification for '../../../Engine/Plugins/Runtime/HoudiniEngine/Content/' was aborted.
[2018.04.22-04.28.03:699][179]LogDirectoryWatcher: A directory notification for '../../../Engine/Plugins/Runtime/Oculus/OculusVR/Content/' was aborted.
[2018.04.22-04.28.03:699][179]LogDirectoryWatcher: A directory notification for '../../../Engine/Plugins/Runtime/Steam/SteamVR/Content/' was aborted.
[2018.04.22-04.28.03:743][179]LogExit: Object subsystem successfully closed.
[2018.04.22-04.28.03:769][179]LogD3D11RHI: Shutdown
[2018.04.22-04.28.03:769][179]LogD3D11RHI: CleanupD3DDevice
[2018.04.22-04.28.03:771][179]LogD3D11RHI: ~FD3D11DynamicRHI
[2018.04.22-04.28.03:789][179]LogModuleManager: Shutting down and abandoning module HierarchicalLODOutliner (554)
[2018.04.22-04.28.03:789][179]LogModuleManager: Shutting down and abandoning module DesktopPlatform (552)
[2018.04.22-04.28.03:789][179]LogModuleManager: Shutting down and abandoning module SceneOutliner (550)
[2018.04.22-04.28.03:789][179]LogModuleManager: Shutting down and abandoning module AddContentDialog (548)
[2018.04.22-04.28.03:789][179]LogDirectoryWatcher: A directory notification for 'C:/Program Files/Epic Games/UE_4.18/FeaturePacks/' was aborted.
[2018.04.22-04.28.03:790][179]LogModuleManager: Shutting down and abandoning module WidgetCarousel (547)
[2018.04.22-04.28.03:790][179]LogModuleManager: Shutting down and abandoning module EditorWidgets (544)
[2018.04.22-04.28.03:790][179]LogModuleManager: Shutting down and abandoning module CollectionManager (542)
[2018.04.22-04.28.03:790][179]LogDirectoryWatcher: A directory notification for 'C:/Users/Katie/Documents/VRSandstorm/darudeSandstorm 4.18/Content/Collections/' was aborted.
[2018.04.22-04.28.03:791][179]LogDirectoryWatcher: A directory notification for 'C:/Users/Katie/Documents/VRSandstorm/darudeSandstorm 4.18/Content/Developers/Katie/Collections/' was aborted.
[2018.04.22-04.28.03:791][179]LogDirectoryWatcher: A directory notification for 'C:/Users/Katie/Documents/VRSandstorm/darudeSandstorm 4.18/Saved/Collections/' was aborted.
[2018.04.22-04.28.03:791][179]LogModuleManager: Shutting down and abandoning module StatsViewer (540)
[2018.04.22-04.28.03:791][179]LogModuleManager: Shutting down and abandoning module FoliageEdit (538)
[2018.04.22-04.28.03:791][179]LogModuleManager: Shutting down and abandoning module LandscapeEditor (536)
[2018.04.22-04.28.03:791][179]LogModuleManager: Shutting down and abandoning module MeshPaintMode (534)
[2018.04.22-04.28.03:791][179]LogModuleManager: Shutting down and abandoning module SceneDepthPickerMode (532)
[2018.04.22-04.28.03:791][179]LogModuleManager: Shutting down and abandoning module ActorPickerMode (530)
[2018.04.22-04.28.03:791][179]LogModuleManager: Shutting down and abandoning module GeometryMode (528)
[2018.04.22-04.28.03:791][179]LogModuleManager: Shutting down and abandoning module TextureAlignMode (526)
[2018.04.22-04.28.03:791][179]LogModuleManager: Shutting down and abandoning module BspMode (524)
[2018.04.22-04.28.03:791][179]LogModuleManager: Shutting down and abandoning module PIEPreviewDeviceProfileSelector (522)
[2018.04.22-04.28.03:791][179]LogModuleManager: Shutting down and abandoning module HardwareSurvey (520)
[2018.04.22-04.28.03:791][179]LogModuleManager: Shutting down and abandoning module SequenceRecorderSections (518)
[2018.04.22-04.28.03:791][179]LogModuleManager: Shutting down and abandoning module AutomationWorker (516)
[2018.04.22-04.28.03:791][179]LogModuleManager: Shutting down and abandoning module HoudiniEngineEditor (514)
[2018.04.22-04.28.03:791][179]LogHoudiniEngineEditor: Shutting down the Houdini Engine Editor module.
[2018.04.22-04.28.03:791][179]LogModuleManager: Shutting down and abandoning module MatineeToLevelSequence (512)
[2018.04.22-04.28.03:791][179]LogModuleManager: Shutting down and abandoning module LevelSequenceEditor (510)
[2018.04.22-04.28.03:791][179]LogModuleManager: Shutting down and abandoning module PlacementMode (509)
[2018.04.22-04.28.03:791][179]LogModuleManager: Shutting down and abandoning module WmfMediaFactory (506)
[2018.04.22-04.28.03:791][179]LogModuleManager: Shutting down and abandoning module WmfMediaEditor (504)
[2018.04.22-04.28.03:791][179]LogModuleManager: Shutting down and abandoning module OpenExrWrapper (502)
[2018.04.22-04.28.03:791][179]LogModuleManager: Shutting down and abandoning module ImgMediaFactory (500)
[2018.04.22-04.28.03:792][179]LogModuleManager: Shutting down and abandoning module ImgMediaEditor (498)
[2018.04.22-04.28.03:792][179]LogModuleManager: Shutting down and abandoning module AvfMediaFactory (496)
[2018.04.22-04.28.03:792][179]LogModuleManager: Shutting down and abandoning module AvfMediaEditor (494)
[2018.04.22-04.28.03:792][179]LogModuleManager: Shutting down and abandoning module AndroidMediaFactory (492)
[2018.04.22-04.28.03:792][179]LogModuleManager: Shutting down and abandoning module AndroidMediaEditor (490)
[2018.04.22-04.28.03:792][179]LogModuleManager: Shutting down and abandoning module CharacterAI (488)
[2018.04.22-04.28.03:792][179]LogModuleManager: Shutting down and abandoning module AudioCapture (486)
[2018.04.22-04.28.03:792][179]LogModuleManager: Shutting down and abandoning module SequenceRecorder (485)
[2018.04.22-04.28.03:792][179]LogModuleManager: Shutting down and abandoning module SmartSnapping (482)
[2018.04.22-04.28.03:792][179]LogModuleManager: Shutting down and abandoning module SessionServices (480)
[2018.04.22-04.28.03:792][179]LogModuleManager: Shutting down and abandoning module ViewportSnapping (478)
[2018.04.22-04.28.03:792][179]LogModuleManager: Shutting down and abandoning module ViewportInteraction (476)
[2018.04.22-04.28.03:792][179]LogModuleManager: Shutting down and abandoning module ClothPainter (474)
[2018.04.22-04.28.03:792][179]LogModuleManager: Shutting down and abandoning module SkeletalMeshEditor (473)
[2018.04.22-04.28.03:792][179]LogModuleManager: Shutting down and abandoning module LogVisualizer (470)
[2018.04.22-04.28.03:792][179]LogModuleManager: Shutting down and abandoning module IntroTutorials (468)
[2018.04.22-04.28.03:792][179]LogModuleManager: Shutting down and abandoning module GameProjectGeneration (467)
[2018.04.22-04.28.03:792][179]LogModuleManager: Shutting down and abandoning module IOSPlatformEditor (464)
[2018.04.22-04.28.03:792][179]LogModuleManager: Shutting down and abandoning module HTML5PlatformEditor (462)
[2018.04.22-04.28.03:792][179]LogModuleManager: Shutting down and abandoning module AndroidPlatformEditor (460)
[2018.04.22-04.28.03:792][179]LogModuleManager: Shutting down and abandoning module AndroidDeviceDetection (459)
[2018.04.22-04.28.04:268][179]LogModuleManager: Shutting down and abandoning module WindowsPlatformEditor (456)
[2018.04.22-04.28.04:268][179]LogModuleManager: Shutting down and abandoning module IOSRuntimeSettings (454)
[2018.04.22-04.28.04:268][179]LogModuleManager: Shutting down and abandoning module AndroidRuntimeSettings (452)
[2018.04.22-04.28.04:268][179]LogModuleManager: Shutting down and abandoning module InputBindingEditor (450)
[2018.04.22-04.28.04:268][179]LogModuleManager: Shutting down and abandoning module MergeActors (448)
[2018.04.22-04.28.04:268][179]LogModuleManager: Shutting down and abandoning module SizeMap (446)
[2018.04.22-04.28.04:268][179]LogModuleManager: Shutting down and abandoning module TreeMap (444)
[2018.04.22-04.28.04:268][179]LogModuleManager: Shutting down and abandoning module ReferenceViewer (442)
[2018.04.22-04.28.04:268][179]LogModuleManager: Shutting down and abandoning module LocalizationDashboard (440)
[2018.04.22-04.28.04:268][179]LogModuleManager: Shutting down and abandoning module LocalizationService (439)
[2018.04.22-04.28.04:268][179]LogModuleManager: Shutting down and abandoning module HardwareTargeting (436)
[2018.04.22-04.28.04:268][179]LogModuleManager: Shutting down and abandoning module DeviceProfileEditor (434)
[2018.04.22-04.28.04:268][179]LogModuleManager: Shutting down and abandoning module UndoHistory (432)
[2018.04.22-04.28.04:268][179]LogModuleManager: Shutting down and abandoning module XmlParser (430)
[2018.04.22-04.28.04:268][179]LogModuleManager: Shutting down and abandoning module Blutility (428)
[2018.04.22-04.28.04:268][179]LogModuleManager: Shutting down and abandoning module ProjectSettingsViewer (426)
[2018.04.22-04.28.04:269][179]LogModuleManager: Shutting down and abandoning module ProjectTargetPlatformEditor (425)
[2018.04.22-04.28.04:269][179]LogModuleManager: Shutting down and abandoning module EditorSettingsViewer (422)
[2018.04.22-04.28.04:269][179]LogModuleManager: Shutting down and abandoning module SettingsEditor (420)
[2018.04.22-04.28.04:269][179]LogModuleManager: Shutting down and abandoning module ProjectLauncher (418)
[2018.04.22-04.28.04:269][179]LogModuleManager: Shutting down and abandoning module SessionFrontend (416)
[2018.04.22-04.28.04:269][179]LogModuleManager: Shutting down and abandoning module ProfilerClient (414)
[2018.04.22-04.28.04:269][179]LogModuleManager: Shutting down and abandoning module DeviceManager (412)
[2018.04.22-04.28.04:269][179]LogModuleManager: Shutting down and abandoning module TargetDeviceServices (411)
[2018.04.22-04.28.04:332][179]LogModuleManager: Shutting down and abandoning module AutomationController (408)
[2018.04.22-04.28.04:332][179]LogModuleManager: Shutting down and abandoning module AutomationWindow (406)
[2018.04.22-04.28.04:332][179]LogModuleManager: Shutting down and abandoning module Layers (404)
[2018.04.22-04.28.04:332][179]LogModuleManager: Shutting down and abandoning module ComponentVisualizers (402)
[2018.04.22-04.28.04:332][179]LogModuleManager: Shutting down and abandoning module DetailCustomizations (400)
[2018.04.22-04.28.04:332][179]LogModuleManager: Shutting down and abandoning module PackagesDialog (398)
[2018.04.22-04.28.04:332][179]LogModuleManager: Shutting down and abandoning module Persona (396)
[2018.04.22-04.28.04:332][179]LogModuleManager: Shutting down and abandoning module AdvancedPreviewScene (395)
[2018.04.22-04.28.04:332][179]LogModuleManager: Shutting down and abandoning module AnimGraph (393)
[2018.04.22-04.28.04:332][179]LogModuleManager: Shutting down and abandoning module Kismet (390)
[2018.04.22-04.28.04:333][179]LogModuleManager: Shutting down and abandoning module ClassViewer (388)
[2018.04.22-04.28.04:333][179]LogModuleManager: Shutting down and abandoning module Toolbox (386)
[2018.04.22-04.28.04:333][179]LogModuleManager: Shutting down and abandoning module ModuleUI (384)
[2018.04.22-04.28.04:333][179]LogModuleManager: Shutting down and abandoning module MovieSceneTools (382)
[2018.04.22-04.28.04:333][179]LogModuleManager: Shutting down and abandoning module OutputLog (380)
[2018.04.22-04.28.04:333][179]LogModuleManager: Shutting down and abandoning module GammaUI (378)
[2018.04.22-04.28.04:333][179]LogModuleManager: Shutting down and abandoning module Documentation (376)
[2018.04.22-04.28.04:334][179]LogModuleManager: Shutting down and abandoning module MovieSceneTracks (374)
[2018.04.22-04.28.04:334][179]LogModuleManager: Shutting down and abandoning module MovieScene (372)
[2018.04.22-04.28.04:334][179]LogModuleManager: Shutting down and abandoning module StreamingPauseRendering (370)
[2018.04.22-04.28.04:334][179]LogModuleManager: Shutting down and abandoning module LauncherPlatform (368)
[2018.04.22-04.28.04:334][179]LogModuleManager: Shutting down and abandoning module AnalyticsET (366)
[2018.04.22-04.28.04:334][179]LogModuleManager: Shutting down and abandoning module PortalServices (364)
[2018.04.22-04.28.04:334][179]LogModuleManager: Shutting down and abandoning module PortalRpc (362)
[2018.04.22-04.28.04:334][179]LogModuleManager: Shutting down and abandoning module MessagingRpc (360)
[2018.04.22-04.28.04:334][179]LogModuleManager: Shutting down and abandoning module AIModule (358)
[2018.04.22-04.28.04:334][179]LogModuleManager: Shutting down and abandoning module GameplayDebugger (357)
[2018.04.22-04.28.04:334][179]LogModuleManager: Shutting down and abandoning module AITestSuite (355)
[2018.04.22-04.28.04:334][179]LogModuleManager: Shutting down and abandoning module ProfilerService (352)
[2018.04.22-04.28.04:359][179]LogModuleManager: Shutting down and abandoning module TaskGraph (350)
[2018.04.22-04.28.04:359][179]LogModuleManager: Shutting down and abandoning module SteamVRController (348)
[2018.04.22-04.28.04:359][179]LogModuleManager: Shutting down and abandoning module ProceduralMeshComponentEditor (346)
[2018.04.22-04.28.04:359][179]LogModuleManager: Shutting down and abandoning module ProceduralMeshComponent (344)
[2018.04.22-04.28.04:359][179]LogModuleManager: Shutting down and abandoning module OculusInput (342)
[2018.04.22-04.28.04:359][179]LogModuleManager: Shutting down and abandoning module MobilePatchingUtils (340)
[2018.04.22-04.28.04:359][179]LogModuleManager: Shutting down and abandoning module HoudiniEngineRuntime (338)
[2018.04.22-04.28.04:359][179]LogHoudiniEngine: Shutting down the Houdini Engine module.
[2018.04.22-04.28.04:362][179]LogModuleManager: Shutting down and abandoning module CustomMeshComponent (336)
[2018.04.22-04.28.04:362][179]LogModuleManager: Shutting down and abandoning module CableComponent (334)
[2018.04.22-04.28.04:362][179]LogModuleManager: Shutting down and abandoning module ArchVisCharacter (332)
[2018.04.22-04.28.04:362][179]LogModuleManager: Shutting down and abandoning module AndroidPermission (330)
[2018.04.22-04.28.04:362][179]LogModuleManager: Shutting down and abandoning module ActorSequence (326)
[2018.04.22-04.28.04:362][179]LogModuleManager: Shutting down and abandoning module MediaPlayerEditor (324)
[2018.04.22-04.28.04:362][179]LogModuleManager: Shutting down and abandoning module MediaCompositingEditor (322)
[2018.04.22-04.28.04:362][179]LogModuleManager: Shutting down and abandoning module MediaCompositing (320)
[2018.04.22-04.28.04:362][179]LogModuleManager: Shutting down and abandoning module HTML5Networking (318)
[2018.04.22-04.28.04:362][179]LogModuleManager: Shutting down and abandoning module AlembicImporter (316)
[2018.04.22-04.28.04:362][179]LogModuleManager: Shutting down and abandoning module AlembicLibrary (315)
[2018.04.22-04.28.04:362][179]LogModuleManager: Shutting down and abandoning module GeometryCache (314)
[2018.04.22-04.28.04:362][179]LogModuleManager: Shutting down and abandoning module GeometryCacheEd (313)
[2018.04.22-04.28.04:362][179]LogModuleManager: Shutting down and abandoning module SpeedTreeImporter (308)
[2018.04.22-04.28.04:362][179]LogModuleManager: Shutting down and abandoning module PluginBrowser (306)
[2018.04.22-04.28.04:362][179]LogModuleManager: Shutting down and abandoning module MobileLauncherProfileWizard (304)
[2018.04.22-04.28.04:362][179]LogModuleManager: Shutting down and abandoning module VisualStudioSourceCodeAccess (302)
[2018.04.22-04.28.04:362][179]LogModuleManager: Shutting down and abandoning module VisualStudioCodeSourceCodeAccess (300)
[2018.04.22-04.28.04:362][179]LogModuleManager: Shutting down and abandoning module UObjectPlugin (298)
[2018.04.22-04.28.04:362][179]LogModuleManager: Shutting down and abandoning module SubversionSourceControl (296)
[2018.04.22-04.28.04:362][179]LogModuleManager: Shutting down and abandoning module PerforceSourceControl (294)
[2018.04.22-04.28.04:362][179]LogModuleManager: Shutting down and abandoning module GitSourceControl (292)
[2018.04.22-04.28.04:363][179]LogModuleManager: Shutting down and abandoning module SourceControl (291)
[2018.04.22-04.28.04:363][179]LogModuleManager: Shutting down and abandoning module LightPropagationVolumeEditor (288)
[2018.04.22-04.28.04:363][179]LogModuleManager: Shutting down and abandoning module PaperTiledImporter (286)
[2018.04.22-04.28.04:363][179]LogModuleManager: Shutting down and abandoning module PaperSpriteSheetImporter (284)
[2018.04.22-04.28.04:363][179]LogModuleManager: Shutting down and abandoning module Paper2DEditor (282)
[2018.04.22-04.28.04:363][179]LogModuleManager: Shutting down and abandoning module MeshPaint (281)
[2018.04.22-04.28.04:363][179]LogModuleManager: Shutting down and abandoning module LevelEditor (279)
[2018.04.22-04.28.04:364][179]LogModuleManager: Shutting down and abandoning module PixelInspectorModule (278)
[2018.04.22-04.28.04:364][179]LogModuleManager: Shutting down and abandoning module MainFrame (276)
[2018.04.22-04.28.04:364][179]LogModuleManager: Shutting down and abandoning module HotReload (275)
[2018.04.22-04.28.04:364][179]LogDirectoryWatcher: A directory notification for 'C:/Users/Katie/Documents/VRSandstorm/darudeSandstorm 4.18/Binaries/Win64' was aborted.
[2018.04.22-04.28.04:364][179]LogModuleManager: Shutting down and abandoning module darudeSandstorm (270)
[2018.04.22-04.28.04:364][179]LogModuleManager: Shutting down and abandoning module RuntimePhysXCooking (268)
[2018.04.22-04.28.04:364][179]LogModuleManager: Shutting down and abandoning module PhysXVehiclesEditor (266)
[2018.04.22-04.28.04:364][179]LogModuleManager: Shutting down and abandoning module PhysXVehicles (264)
[2018.04.22-04.28.04:364][179]LogModuleManager: Shutting down and abandoning module OculusEditor (262)
[2018.04.22-04.28.04:364][179]LogModuleManager: Shutting down and abandoning module LocationServicesBPLibrary (260)
[2018.04.22-04.28.04:364][179]LogModuleManager: Shutting down and abandoning module ImmediatePhysicsEditor (258)
[2018.04.22-04.28.04:364][179]LogModuleManager: Shutting down and abandoning module ImmediatePhysics (256)
[2018.04.22-04.28.04:364][179]LogModuleManager: Shutting down and abandoning module UdpMessaging (254)
[2018.04.22-04.28.04:465][179]LogModuleManager: Shutting down and abandoning module TcpMessaging (252)
[2018.04.22-04.28.04:565][179]LogModuleManager: Shutting down and abandoning module GameplayTagsEditor (250)
[2018.04.22-04.28.04:565][179]LogModuleManager: Shutting down and abandoning module FacialAnimationEditor (248)
[2018.04.22-04.28.04:565][179]LogModuleManager: Shutting down and abandoning module FacialAnimation (246)
[2018.04.22-04.28.04:565][179]LogModuleManager: Shutting down and abandoning module AssetManagerEditor (244)
[2018.04.22-04.28.04:565][179]LogModuleManager: Shutting down and abandoning module GraphEditor (243)
[2018.04.22-04.28.04:565][179]LogModuleManager: Shutting down and abandoning module ContentBrowser (241)
[2018.04.22-04.28.04:566][179]LogModuleManager: Shutting down and abandoning module LightPropagationVolumeRuntime (238)
[2018.04.22-04.28.04:566][179]LogModuleManager: Shutting down and abandoning module Paper2D (236)
[2018.04.22-04.28.04:566][179]LogModuleManager: Shutting down and abandoning module WindowsMoviePlayer (234)
[2018.04.22-04.28.04:566][179]LogModuleManager: Shutting down and abandoning module WmfMedia (232)
[2018.04.22-04.28.04:569][179]LogModuleManager: Shutting down and abandoning module ImgMedia (230)
[2018.04.22-04.28.04:569][179]LogModuleManager: Shutting down and abandoning module PacketHandler (228)
[2018.04.22-04.28.04:569][179]LogModuleManager: Shutting down and abandoning module ClothingSystemEditor (226)
[2018.04.22-04.28.04:569][179]LogModuleManager: Shutting down and abandoning module ClothingSystemRuntime (224)
[2018.04.22-04.28.04:569][179]LogModuleManager: Shutting down and abandoning module MediaAssets (222)
[2018.04.22-04.28.04:569][179]LogModuleManager: Shutting down and abandoning module Media (221)
[2018.04.22-04.28.04:575][179]LogModuleManager: Shutting down and abandoning module Overlay (218)
[2018.04.22-04.28.04:575][179]LogModuleManager: Shutting down and abandoning module OverlayEditor (217)
[2018.04.22-04.28.04:575][179]LogModuleManager: Shutting down and abandoning module VREditor (214)
[2018.04.22-04.28.04:575][179]LogModuleManager: Shutting down and abandoning module StringTableEditor (212)
[2018.04.22-04.28.04:575][179]LogModuleManager: Shutting down and abandoning module GameplayTasksEditor (210)
[2018.04.22-04.28.04:575][179]LogModuleManager: Shutting down and abandoning module BehaviorTreeEditor (208)
[2018.04.22-04.28.04:575][179]LogModuleManager: Shutting down and abandoning module FunctionalTesting (206)
[2018.04.22-04.28.04:575][179]LogModuleManager: Shutting down and abandoning module CollisionAnalyzer (204)
[2018.04.22-04.28.04:576][179]LogModuleManager: Shutting down and abandoning module WorkspaceMenuStructure (203)
[2018.04.22-04.28.04:576][179]LogModuleManager: Shutting down and abandoning module UMG (200)
[2018.04.22-04.28.04:576][179]LogModuleManager: Shutting down and abandoning module UMGEditor (199)
[2018.04.22-04.28.04:576][179]LogModuleManager: Shutting down and abandoning module Sequencer (198)
[2018.04.22-04.28.04:576][179]LogModuleManager: Shutting down and abandoning module MessageLog (195)
[2018.04.22-04.28.04:576][179]LogModuleManager: Shutting down and abandoning module SlateReflector (190)
[2018.04.22-04.28.04:576][179]LogModuleManager: Shutting down and abandoning module Slate (188)
[2018.04.22-04.28.04:576][179]LogModuleManager: Shutting down and abandoning module EditorStyle (186)
[2018.04.22-04.28.04:579][179]LogModuleManager: Shutting down and abandoning module MRMesh (184)
[2018.04.22-04.28.04:579][179]LogModuleManager: Shutting down and abandoning module SourceCodeAccess (182)
[2018.04.22-04.28.04:579][179]LogModuleManager: Shutting down and abandoning module HeadMountedDisplay (180)
[2018.04.22-04.28.04:579][179]LogModuleManager: Shutting down and abandoning module XAudio2 (178)
[2018.04.22-04.28.04:579][179]LogModuleManager: Shutting down and abandoning module Networking (176)
[2018.04.22-04.28.04:579][179]LogModuleManager: Shutting down and abandoning module Core (172)
[2018.04.22-04.28.04:579][179]LogModuleManager: Shutting down and abandoning module LevelSequence (168)
[2018.04.22-04.28.04:579][179]LogModuleManager: Shutting down and abandoning module DirectoryWatcher (166)
[2018.04.22-04.28.04:579][179]LogModuleManager: Shutting down and abandoning module KismetCompiler (164)
[2018.04.22-04.28.04:579][179]LogModuleManager: Shutting down and abandoning module MeshUtilities (162)
[2018.04.22-04.28.04:579][179]LogModuleManager: Shutting down and abandoning module MeshMergeUtilities (161)
[2018.04.22-04.28.04:579][179]LogModuleManager: Shutting down and abandoning module MeshReductionInterface (160)
[2018.04.22-04.28.04:579][179]LogModuleManager: Shutting down and abandoning module SimplygonSwarm (159)
[2018.04.22-04.28.04:580][179]LogModuleManager: Shutting down and abandoning module SimplygonMeshReduction (157)
[2018.04.22-04.28.04:580][179]LogModuleManager: Shutting down and abandoning module QuadricMeshReduction (155)
[2018.04.22-04.28.04:580][179]LogModuleManager: Shutting down and abandoning module MaterialBaking (151)
[2018.04.22-04.28.04:580][179]LogModuleManager: Shutting down and abandoning module DerivedDataCache (148)
[2018.04.22-04.28.04:855][179]LogDerivedDataCache: Shutdown
[2018.04.22-04.28.04:855][179]LogModuleManager: Shutting down and abandoning module TargetPlatform (146)
[2018.04.22-04.28.04:855][179]LogModuleManager: Shutting down and abandoning module VulkanShaderFormat (145)
[2018.04.22-04.28.04:855][179]LogModuleManager: Shutting down and abandoning module ShaderFormatVectorVM (143)
[2018.04.22-04.28.04:855][179]LogModuleManager: Shutting down and abandoning module ShaderFormatOpenGL (141)
[2018.04.22-04.28.04:855][179]LogModuleManager: Shutting down and abandoning module ShaderFormatD3D (139)
[2018.04.22-04.28.04:855][179]LogModuleManager: Shutting down and abandoning module MetalShaderFormat (137)
[2018.04.22-04.28.04:855][179]LogModuleManager: Shutting down and abandoning module TextureFormatUncompressed (135)
[2018.04.22-04.28.04:855][179]LogModuleManager: Shutting down and abandoning module TextureFormatPVR (133)
[2018.04.22-04.28.04:855][179]LogModuleManager: Shutting down and abandoning module TextureFormatDXT (131)
[2018.04.22-04.28.04:855][179]LogModuleManager: Shutting down and abandoning module TextureFormatIntelISPCTexComp (129)
[2018.04.22-04.28.04:855][179]LogModuleManager: Shutting down and abandoning module TextureFormatASTC (127)
[2018.04.22-04.28.04:855][179]LogModuleManager: Shutting down and abandoning module ImageWrapper (126)
[2018.04.22-04.28.04:855][179]LogModuleManager: Shutting down and abandoning module TextureFormatAndroid (123)
[2018.04.22-04.28.04:855][179]LogModuleManager: Shutting down and abandoning module AudioFormatOpus (121)
[2018.04.22-04.28.04:855][179]LogModuleManager: Shutting down and abandoning module AudioFormatOgg (119)
[2018.04.22-04.28.04:855][179]LogModuleManager: Shutting down and abandoning module AudioFormatADPCM (117)
[2018.04.22-04.28.04:855][179]LogModuleManager: Shutting down and abandoning module LinuxTargetPlatform (115)
[2018.04.22-04.28.04:855][179]LogModuleManager: Shutting down and abandoning module LinuxServerTargetPlatform (113)
[2018.04.22-04.28.04:855][179]LogModuleManager: Shutting down and abandoning module LinuxNoEditorTargetPlatform (111)
[2018.04.22-04.28.04:855][179]LogModuleManager: Shutting down and abandoning module LinuxClientTargetPlatform (109)
[2018.04.22-04.28.04:855][179]LogModuleManager: Shutting down and abandoning module TVOSTargetPlatform (107)
[2018.04.22-04.28.04:855][179]LogModuleManager: Shutting down and abandoning module Messaging (105)
[2018.04.22-04.28.04:855][179]LogModuleManager: Shutting down and abandoning module IOSTargetPlatform (103)
[2018.04.22-04.28.04:855][179]LogModuleManager: Shutting down and abandoning module HTML5TargetPlatform (101)
[2018.04.22-04.28.04:855][179]LogModuleManager: Shutting down and abandoning module AndroidTargetPlatform (99)
[2018.04.22-04.28.04:855][179]LogModuleManager: Shutting down and abandoning module Android_PVRTCTargetPlatform (97)
[2018.04.22-04.28.04:855][179]LogModuleManager: Shutting down and abandoning module Android_MultiTargetPlatform (95)
[2018.04.22-04.28.04:855][179]LogModuleManager: Shutting down and abandoning module Android_ETC2TargetPlatform (93)
[2018.04.22-04.28.04:855][179]LogModuleManager: Shutting down and abandoning module Android_ETC1TargetPlatform (91)
[2018.04.22-04.28.04:855][179]LogModuleManager: Shutting down and abandoning module Android_DXTTargetPlatform (89)
[2018.04.22-04.28.04:856][179]LogModuleManager: Shutting down and abandoning module Android_ATCTargetPlatform (87)
[2018.04.22-04.28.04:856][179]LogModuleManager: Shutting down and abandoning module Android_ASTCTargetPlatform (85)
[2018.04.22-04.28.04:856][179]LogModuleManager: Shutting down and abandoning module WindowsTargetPlatform (83)
[2018.04.22-04.28.04:856][179]LogModuleManager: Shutting down and abandoning module WindowsServerTargetPlatform (81)
[2018.04.22-04.28.04:856][179]LogModuleManager: Shutting down and abandoning module WindowsNoEditorTargetPlatform (79)
[2018.04.22-04.28.04:856][179]LogModuleManager: Shutting down and abandoning module WindowsClientTargetPlatform (77)
[2018.04.22-04.28.04:856][179]LogModuleManager: Shutting down and abandoning module MacTargetPlatform (75)
[2018.04.22-04.28.04:856][179]LogModuleManager: Shutting down and abandoning module MacServerTargetPlatform (73)
[2018.04.22-04.28.04:856][179]LogModuleManager: Shutting down and abandoning module MacNoEditorTargetPlatform (71)
[2018.04.22-04.28.04:856][179]LogModuleManager: Shutting down and abandoning module MacClientTargetPlatform (69)
[2018.04.22-04.28.04:856][179]LogModuleManager: Shutting down and abandoning module AllDesktopTargetPlatform (67)
[2018.04.22-04.28.04:856][179]LogModuleManager: Shutting down and abandoning module InputCore (64)
[2018.04.22-04.28.04:856][179]LogModuleManager: Shutting down and abandoning module Settings (62)
[2018.04.22-04.28.04:856][179]LogModuleManager: Shutting down and abandoning module PhysXCooking (60)
[2018.04.22-04.28.04:856][179]LogModuleManager: Shutting down and abandoning module SteamVR (58)
[2018.04.22-04.28.04:856][179]LogModuleManager: Shutting down and abandoning module OculusHMD (56)
[2018.04.22-04.28.04:856][179]LogModuleManager: Shutting down and abandoning module ExampleDeviceProfileSelector (54)
[2018.04.22-04.28.04:856][179]LogModuleManager: Shutting down and abandoning module AppleARKit (52)
[2018.04.22-04.28.04:856][179]LogModuleManager: Shutting down and abandoning module AugmentedReality (51)
[2018.04.22-04.28.04:856][179]LogModuleManager: Shutting down and abandoning module OnlineBlueprintSupport (48)
[2018.04.22-04.28.04:856][179]LogModuleManager: Shutting down and abandoning module OnlineSubsystem (44)
[2018.04.22-04.28.04:856][179]LogModuleManager: Shutting down and abandoning module XMPP (43)
[2018.04.22-04.28.04:856][179]LogModuleManager: Shutting down and abandoning module HTTP (41)
[2018.04.22-04.28.04:856][179]LogHttp: Display: Http module shutting down, but needs to wait on 1 outstanding Http requests:
[2018.04.22-04.28.04:856][179]LogHttp: Display: 	verb=[POST] url=[https://datarouter.ol.epicgames.com/datarouter/api/v1/public/data?SessionID=%7B9DFB98AB-4527-911C-9C7B-B28C69FEB0D3%7D&AppID=UEEditor.Rocket.Release&AppVersion=4.18.3-3832480%2B%2B%2BUE4%2BRelease-4.18&UserID=f6dda81c48ce2242a9732fae70ed99e2%7Ccc1d36e2266a499d9016c89fe3645053%7Cd0c5bbd1-39b9-4d9f-8862-9e08e9986072&AppEnvironment=datacollector-binary&UploadType=eteventstream] status=Processing
[2018.04.22-04.28.04:877][179]LogModuleManager: Shutting down and abandoning module SSL (40)
[2018.04.22-04.28.04:878][179]LogModuleManager: Shutting down and abandoning module AnimationModifiers (36)
[2018.04.22-04.28.04:878][179]LogModuleManager: Shutting down and abandoning module PropertyEditor (35)
[2018.04.22-04.28.04:878][179]LogModuleManager: Shutting down and abandoning module AudioEditor (32)
[2018.04.22-04.28.04:878][179]LogModuleManager: Shutting down and abandoning module TextureCompressor (30)
[2018.04.22-04.28.04:878][179]LogModuleManager: Shutting down and abandoning module ShaderCore (28)
[2018.04.22-04.28.04:878][179]LogModuleManager: Shutting down and abandoning module Landscape (26)
[2018.04.22-04.28.04:878][179]LogModuleManager: Shutting down and abandoning module SlateRHIRenderer (24)
[2018.04.22-04.28.04:879][179]LogModuleManager: Shutting down and abandoning module OpenGLDrv (22)
[2018.04.22-04.28.04:879][179]LogModuleManager: Shutting down and abandoning module D3D11RHI (20)
[2018.04.22-04.28.04:879][179]LogModuleManager: Shutting down and abandoning module AnimGraphRuntime (18)
[2018.04.22-04.28.04:879][179]LogModuleManager: Shutting down and abandoning module Renderer (16)
[2018.04.22-04.28.04:879][179]LogModuleManager: Shutting down and abandoning module Engine (14)
[2018.04.22-04.28.04:879][179]LogModuleManager: Shutting down and abandoning module CoreUObject (12)
[2018.04.22-04.28.04:879][179]LogModuleManager: Shutting down and abandoning module NetworkFile (10)
[2018.04.22-04.28.04:879][179]LogModuleManager: Shutting down and abandoning module CookedIterativeFile (8)
[2018.04.22-04.28.04:879][179]LogModuleManager: Shutting down and abandoning module StreamingFile (6)
[2018.04.22-04.28.04:879][179]LogModuleManager: Shutting down and abandoning module SandboxFile (4)
[2018.04.22-04.28.04:879][179]LogModuleManager: Shutting down and abandoning module PakFile (2)
[2018.04.22-04.28.04:885][179]LogExit: Exiting.
[2018.04.22-04.28.04:900][179]Log file closed, 04/22/18 00:28:04
